[
  {
    "timestamp": "2016-08-31 23:59:00.199678",
    "testcases": [
      {
        "ptsPossible": 1.0,
        "ptsEarned": 0.0,
        "description": "Part1: Test function 1",
        "name": "part1_test1",
        "log": "Trying to compile your code...\nFAILED TO COMPILE!\npart1-functions.c:22:3: error: use of undeclared identifier 'cout'\n  cout << a << \"^2 + \" << b << \"^2 = \" << c << endl;\n  ^\npart1-functions.c:22:48: error: use of undeclared identifier 'endl'\n  cout << a << \"^2 + \" << b << \"^2 = \" << c << endl;\n                                               ^\npart1-functions.c:39:13: error: ordered comparison between pointer and integer ('const char *' and 'int') [-Werror]\n  if (grade > 70)\n      ~~~~~ ^ ~~\npart1-functions.c:40:28: error: format specifies type 'int' but the argument has type 'const char *' [-Werror,-Wformat]\n    printf(\"%d passed!\\n\", grade);\n            ~~             ^~~~~\n            %s\npart1-functions.c:42:32: error: format specifies type 'int' but the argument has type 'const char *' [-Werror,-Wformat]\n    printf(\"%d not passed!\\n\", grade);\n            ~~                 ^~~~~\n            %s\npart1-functions.c:51:8: error: incompatible integer to pointer conversion initializing 'int *' with an expression of type 'int'; take the address with & [-Werror,-Wint-conversion]\n  int *p = x;\n       ^   ~\n           &\npart1-functions.c:101:10: error: incompatible integer to pointer conversion initializing 'float *' with an expression of type 'const int' [-Werror,-Wint-conversion]\n  float *p = *x;\n         ^   ~~\npart1-functions.c:114:9: error: ordered comparison between pointer and integer ('const char *' and 'int') [-Werror]\n  if (a >= 'A' && a <= 'z')\n      ~ ^  ~~~\npart1-functions.c:114:21: error: ordered comparison between pointer and integer ('const char *' and 'int') [-Werror]\n  if (a >= 'A' && a <= 'z')\n                  ~ ^  ~~~\npart1-functions.c:146:5: error: assigning to 'float *' from incompatible type 'double'\n  p = 12.5;\n    ^ ~~~~\npart1-functions.c:213:3: error: statement requires expression of integer type ('const char *' invalid)\n  switch (s) {\n  ^       ~\npart1-functions.c:214:8: error: expression is not an integer constant expression\n  case \"blue\":\n       ^~~~~~\npart1-functions.c:218:8: error: expression is not an integer constant expression\n  case \"orange\":\n       ^~~~~~~~\npart1-functions.c:266:48: error: format specifies type 'double' but the argument has type 'int' [-Werror,-Wformat]\n  printf(\"The radius of the circle is: %f.\\n\", d / 2);\n                                       ~~      ^~~~~\n                                       %d\npart1-functions.c:276:5: error: cannot assign to variable 'k' with const-qualified type 'const int'\n  k = k * k;\n  ~ ^\npart1-functions.c:275:25: note: variable 'k' declared const here\nvoid eighteen(const int k) {\n              ~~~~~~~~~~^\npart1-functions.c:277:5: error: cannot assign to variable 'k' with const-qualified type 'const int'\n  k += k;\n  ~ ^\npart1-functions.c:275:25: note: variable 'k' declared const here\nvoid eighteen(const int k) {\n              ~~~~~~~~~~^\npart1-functions.c:278:5: error: cannot assign to variable 'k' with const-qualified type 'const int'\n  k *= k;\n  ~ ^\npart1-functions.c:275:25: note: variable 'k' declared const here\nvoid eighteen(const int k) {\n              ~~~~~~~~~~^\npart1-functions.c:279:5: error: cannot assign to variable 'k' with const-qualified type 'const int'\n  k -= 1;\n  ~ ^\npart1-functions.c:275:25: note: variable 'k' declared const here\nvoid eighteen(const int k) {\n              ~~~~~~~~~~^\npart1-functions.c:307:30: warning: unused parameter 'value' [-Wunused-parameter]\nlong int clear_bits(long int value, long int flag) {\n                             ^\npart1-functions.c:307:46: warning: unused parameter 'flag' [-Wunused-parameter]\nlong int clear_bits(long int value, long int flag) {\n                                             ^\npart1-functions.c:337:28: warning: unused parameter 'transition' [-Wunused-parameter]\nint little_automaton(int (*transition)(int, char), const char *input_string) {\n                           ^\npart1-functions.c:337:64: warning: unused parameter 'input_string' [-Wunused-parameter]\nint little_automaton(int (*transition)(int, char), const char *input_string) {\n                                                               ^\n4 warnings and 18 errors generated.\nmake: *** [.objs/part1-functions-release.o] Error 1\n"
      },
      {
        "ptsPossible": 1.0,
        "ptsEarned": 0.0,
        "description": "Part1: Test function 2",
        "name": "part1_test2",
        "log": "Trying to compile your code...\nFAILED TO COMPILE!\npart1-functions.c:22:3: error: use of undeclared identifier 'cout'\n  cout << a << \"^2 + \" << b << \"^2 = \" << c << endl;\n  ^\npart1-functions.c:22:48: error: use of undeclared identifier 'endl'\n  cout << a << \"^2 + \" << b << \"^2 = \" << c << endl;\n                                               ^\npart1-functions.c:39:13: error: ordered comparison between pointer and integer ('const char *' and 'int') [-Werror]\n  if (grade > 70)\n      ~~~~~ ^ ~~\npart1-functions.c:40:28: error: format specifies type 'int' but the argument has type 'const char *' [-Werror,-Wformat]\n    printf(\"%d passed!\\n\", grade);\n            ~~             ^~~~~\n            %s\npart1-functions.c:42:32: error: format specifies type 'int' but the argument has type 'const char *' [-Werror,-Wformat]\n    printf(\"%d not passed!\\n\", grade);\n            ~~                 ^~~~~\n            %s\npart1-functions.c:51:8: error: incompatible integer to pointer conversion initializing 'int *' with an expression of type 'int'; take the address with & [-Werror,-Wint-conversion]\n  int *p = x;\n       ^   ~\n           &\npart1-functions.c:101:10: error: incompatible integer to pointer conversion initializing 'float *' with an expression of type 'const int' [-Werror,-Wint-conversion]\n  float *p = *x;\n         ^   ~~\npart1-functions.c:114:9: error: ordered comparison between pointer and integer ('const char *' and 'int') [-Werror]\n  if (a >= 'A' && a <= 'z')\n      ~ ^  ~~~\npart1-functions.c:114:21: error: ordered comparison between pointer and integer ('const char *' and 'int') [-Werror]\n  if (a >= 'A' && a <= 'z')\n                  ~ ^  ~~~\npart1-functions.c:146:5: error: assigning to 'float *' from incompatible type 'double'\n  p = 12.5;\n    ^ ~~~~\npart1-functions.c:213:3: error: statement requires expression of integer type ('const char *' invalid)\n  switch (s) {\n  ^       ~\npart1-functions.c:214:8: error: expression is not an integer constant expression\n  case \"blue\":\n       ^~~~~~\npart1-functions.c:218:8: error: expression is not an integer constant expression\n  case \"orange\":\n       ^~~~~~~~\npart1-functions.c:266:48: error: format specifies type 'double' but the argument has type 'int' [-Werror,-Wformat]\n  printf(\"The radius of the circle is: %f.\\n\", d / 2);\n                                       ~~      ^~~~~\n                                       %d\npart1-functions.c:276:5: error: cannot assign to variable 'k' with const-qualified type 'const int'\n  k = k * k;\n  ~ ^\npart1-functions.c:275:25: note: variable 'k' declared const here\nvoid eighteen(const int k) {\n              ~~~~~~~~~~^\npart1-functions.c:277:5: error: cannot assign to variable 'k' with const-qualified type 'const int'\n  k += k;\n  ~ ^\npart1-functions.c:275:25: note: variable 'k' declared const here\nvoid eighteen(const int k) {\n              ~~~~~~~~~~^\npart1-functions.c:278:5: error: cannot assign to variable 'k' with const-qualified type 'const int'\n  k *= k;\n  ~ ^\npart1-functions.c:275:25: note: variable 'k' declared const here\nvoid eighteen(const int k) {\n              ~~~~~~~~~~^\npart1-functions.c:279:5: error: cannot assign to variable 'k' with const-qualified type 'const int'\n  k -= 1;\n  ~ ^\npart1-functions.c:275:25: note: variable 'k' declared const here\nvoid eighteen(const int k) {\n              ~~~~~~~~~~^\npart1-functions.c:307:30: warning: unused parameter 'value' [-Wunused-parameter]\nlong int clear_bits(long int value, long int flag) {\n                             ^\npart1-functions.c:307:46: warning: unused parameter 'flag' [-Wunused-parameter]\nlong int clear_bits(long int value, long int flag) {\n                                             ^\npart1-functions.c:337:28: warning: unused parameter 'transition' [-Wunused-parameter]\nint little_automaton(int (*transition)(int, char), const char *input_string) {\n                           ^\npart1-functions.c:337:64: warning: unused parameter 'input_string' [-Wunused-parameter]\nint little_automaton(int (*transition)(int, char), const char *input_string) {\n                                                               ^\n4 warnings and 18 errors generated.\nmake: *** [.objs/part1-functions-release.o] Error 1\n"
      },
      {
        "ptsPossible": 1.0,
        "ptsEarned": 0.0,
        "description": "Part1: Test function 3",
        "name": "part1_test3",
        "log": "Trying to compile your code...\nFAILED TO COMPILE!\npart1-functions.c:22:3: error: use of undeclared identifier 'cout'\n  cout << a << \"^2 + \" << b << \"^2 = \" << c << endl;\n  ^\npart1-functions.c:22:48: error: use of undeclared identifier 'endl'\n  cout << a << \"^2 + \" << b << \"^2 = \" << c << endl;\n                                               ^\npart1-functions.c:39:13: error: ordered comparison between pointer and integer ('const char *' and 'int') [-Werror]\n  if (grade > 70)\n      ~~~~~ ^ ~~\npart1-functions.c:40:28: error: format specifies type 'int' but the argument has type 'const char *' [-Werror,-Wformat]\n    printf(\"%d passed!\\n\", grade);\n            ~~             ^~~~~\n            %s\npart1-functions.c:42:32: error: format specifies type 'int' but the argument has type 'const char *' [-Werror,-Wformat]\n    printf(\"%d not passed!\\n\", grade);\n            ~~                 ^~~~~\n            %s\npart1-functions.c:51:8: error: incompatible integer to pointer conversion initializing 'int *' with an expression of type 'int'; take the address with & [-Werror,-Wint-conversion]\n  int *p = x;\n       ^   ~\n           &\npart1-functions.c:101:10: error: incompatible integer to pointer conversion initializing 'float *' with an expression of type 'const int' [-Werror,-Wint-conversion]\n  float *p = *x;\n         ^   ~~\npart1-functions.c:114:9: error: ordered comparison between pointer and integer ('const char *' and 'int') [-Werror]\n  if (a >= 'A' && a <= 'z')\n      ~ ^  ~~~\npart1-functions.c:114:21: error: ordered comparison between pointer and integer ('const char *' and 'int') [-Werror]\n  if (a >= 'A' && a <= 'z')\n                  ~ ^  ~~~\npart1-functions.c:146:5: error: assigning to 'float *' from incompatible type 'double'\n  p = 12.5;\n    ^ ~~~~\npart1-functions.c:213:3: error: statement requires expression of integer type ('const char *' invalid)\n  switch (s) {\n  ^       ~\npart1-functions.c:214:8: error: expression is not an integer constant expression\n  case \"blue\":\n       ^~~~~~\npart1-functions.c:218:8: error: expression is not an integer constant expression\n  case \"orange\":\n       ^~~~~~~~\npart1-functions.c:266:48: error: format specifies type 'double' but the argument has type 'int' [-Werror,-Wformat]\n  printf(\"The radius of the circle is: %f.\\n\", d / 2);\n                                       ~~      ^~~~~\n                                       %d\npart1-functions.c:276:5: error: cannot assign to variable 'k' with const-qualified type 'const int'\n  k = k * k;\n  ~ ^\npart1-functions.c:275:25: note: variable 'k' declared const here\nvoid eighteen(const int k) {\n              ~~~~~~~~~~^\npart1-functions.c:277:5: error: cannot assign to variable 'k' with const-qualified type 'const int'\n  k += k;\n  ~ ^\npart1-functions.c:275:25: note: variable 'k' declared const here\nvoid eighteen(const int k) {\n              ~~~~~~~~~~^\npart1-functions.c:278:5: error: cannot assign to variable 'k' with const-qualified type 'const int'\n  k *= k;\n  ~ ^\npart1-functions.c:275:25: note: variable 'k' declared const here\nvoid eighteen(const int k) {\n              ~~~~~~~~~~^\npart1-functions.c:279:5: error: cannot assign to variable 'k' with const-qualified type 'const int'\n  k -= 1;\n  ~ ^\npart1-functions.c:275:25: note: variable 'k' declared const here\nvoid eighteen(const int k) {\n              ~~~~~~~~~~^\npart1-functions.c:307:30: warning: unused parameter 'value' [-Wunused-parameter]\nlong int clear_bits(long int value, long int flag) {\n                             ^\npart1-functions.c:307:46: warning: unused parameter 'flag' [-Wunused-parameter]\nlong int clear_bits(long int value, long int flag) {\n                                             ^\npart1-functions.c:337:28: warning: unused parameter 'transition' [-Wunused-parameter]\nint little_automaton(int (*transition)(int, char), const char *input_string) {\n                           ^\npart1-functions.c:337:64: warning: unused parameter 'input_string' [-Wunused-parameter]\nint little_automaton(int (*transition)(int, char), const char *input_string) {\n                                                               ^\n4 warnings and 18 errors generated.\nmake: *** [.objs/part1-functions-release.o] Error 1\n"
      },
      {
        "ptsPossible": 1.0,
        "ptsEarned": 0.0,
        "description": "Part1: Test function 4",
        "name": "part1_test4",
        "log": "Trying to compile your code...\nFAILED TO COMPILE!\npart1-functions.c:22:3: error: use of undeclared identifier 'cout'\n  cout << a << \"^2 + \" << b << \"^2 = \" << c << endl;\n  ^\npart1-functions.c:22:48: error: use of undeclared identifier 'endl'\n  cout << a << \"^2 + \" << b << \"^2 = \" << c << endl;\n                                               ^\npart1-functions.c:39:13: error: ordered comparison between pointer and integer ('const char *' and 'int') [-Werror]\n  if (grade > 70)\n      ~~~~~ ^ ~~\npart1-functions.c:40:28: error: format specifies type 'int' but the argument has type 'const char *' [-Werror,-Wformat]\n    printf(\"%d passed!\\n\", grade);\n            ~~             ^~~~~\n            %s\npart1-functions.c:42:32: error: format specifies type 'int' but the argument has type 'const char *' [-Werror,-Wformat]\n    printf(\"%d not passed!\\n\", grade);\n            ~~                 ^~~~~\n            %s\npart1-functions.c:51:8: error: incompatible integer to pointer conversion initializing 'int *' with an expression of type 'int'; take the address with & [-Werror,-Wint-conversion]\n  int *p = x;\n       ^   ~\n           &\npart1-functions.c:101:10: error: incompatible integer to pointer conversion initializing 'float *' with an expression of type 'const int' [-Werror,-Wint-conversion]\n  float *p = *x;\n         ^   ~~\npart1-functions.c:114:9: error: ordered comparison between pointer and integer ('const char *' and 'int') [-Werror]\n  if (a >= 'A' && a <= 'z')\n      ~ ^  ~~~\npart1-functions.c:114:21: error: ordered comparison between pointer and integer ('const char *' and 'int') [-Werror]\n  if (a >= 'A' && a <= 'z')\n                  ~ ^  ~~~\npart1-functions.c:146:5: error: assigning to 'float *' from incompatible type 'double'\n  p = 12.5;\n    ^ ~~~~\npart1-functions.c:213:3: error: statement requires expression of integer type ('const char *' invalid)\n  switch (s) {\n  ^       ~\npart1-functions.c:214:8: error: expression is not an integer constant expression\n  case \"blue\":\n       ^~~~~~\npart1-functions.c:218:8: error: expression is not an integer constant expression\n  case \"orange\":\n       ^~~~~~~~\npart1-functions.c:266:48: error: format specifies type 'double' but the argument has type 'int' [-Werror,-Wformat]\n  printf(\"The radius of the circle is: %f.\\n\", d / 2);\n                                       ~~      ^~~~~\n                                       %d\npart1-functions.c:276:5: error: cannot assign to variable 'k' with const-qualified type 'const int'\n  k = k * k;\n  ~ ^\npart1-functions.c:275:25: note: variable 'k' declared const here\nvoid eighteen(const int k) {\n              ~~~~~~~~~~^\npart1-functions.c:277:5: error: cannot assign to variable 'k' with const-qualified type 'const int'\n  k += k;\n  ~ ^\npart1-functions.c:275:25: note: variable 'k' declared const here\nvoid eighteen(const int k) {\n              ~~~~~~~~~~^\npart1-functions.c:278:5: error: cannot assign to variable 'k' with const-qualified type 'const int'\n  k *= k;\n  ~ ^\npart1-functions.c:275:25: note: variable 'k' declared const here\nvoid eighteen(const int k) {\n              ~~~~~~~~~~^\npart1-functions.c:279:5: error: cannot assign to variable 'k' with const-qualified type 'const int'\n  k -= 1;\n  ~ ^\npart1-functions.c:275:25: note: variable 'k' declared const here\nvoid eighteen(const int k) {\n              ~~~~~~~~~~^\npart1-functions.c:307:30: warning: unused parameter 'value' [-Wunused-parameter]\nlong int clear_bits(long int value, long int flag) {\n                             ^\npart1-functions.c:307:46: warning: unused parameter 'flag' [-Wunused-parameter]\nlong int clear_bits(long int value, long int flag) {\n                                             ^\npart1-functions.c:337:28: warning: unused parameter 'transition' [-Wunused-parameter]\nint little_automaton(int (*transition)(int, char), const char *input_string) {\n                           ^\npart1-functions.c:337:64: warning: unused parameter 'input_string' [-Wunused-parameter]\nint little_automaton(int (*transition)(int, char), const char *input_string) {\n                                                               ^\n4 warnings and 18 errors generated.\nmake: *** [.objs/part1-functions-release.o] Error 1\n"
      },
      {
        "ptsPossible": 1.0,
        "ptsEarned": 0.0,
        "description": "Part1: Test function 5",
        "name": "part1_test5",
        "log": "Trying to compile your code...\nFAILED TO COMPILE!\npart1-functions.c:22:3: error: use of undeclared identifier 'cout'\n  cout << a << \"^2 + \" << b << \"^2 = \" << c << endl;\n  ^\npart1-functions.c:22:48: error: use of undeclared identifier 'endl'\n  cout << a << \"^2 + \" << b << \"^2 = \" << c << endl;\n                                               ^\npart1-functions.c:39:13: error: ordered comparison between pointer and integer ('const char *' and 'int') [-Werror]\n  if (grade > 70)\n      ~~~~~ ^ ~~\npart1-functions.c:40:28: error: format specifies type 'int' but the argument has type 'const char *' [-Werror,-Wformat]\n    printf(\"%d passed!\\n\", grade);\n            ~~             ^~~~~\n            %s\npart1-functions.c:42:32: error: format specifies type 'int' but the argument has type 'const char *' [-Werror,-Wformat]\n    printf(\"%d not passed!\\n\", grade);\n            ~~                 ^~~~~\n            %s\npart1-functions.c:51:8: error: incompatible integer to pointer conversion initializing 'int *' with an expression of type 'int'; take the address with & [-Werror,-Wint-conversion]\n  int *p = x;\n       ^   ~\n           &\npart1-functions.c:101:10: error: incompatible integer to pointer conversion initializing 'float *' with an expression of type 'const int' [-Werror,-Wint-conversion]\n  float *p = *x;\n         ^   ~~\npart1-functions.c:114:9: error: ordered comparison between pointer and integer ('const char *' and 'int') [-Werror]\n  if (a >= 'A' && a <= 'z')\n      ~ ^  ~~~\npart1-functions.c:114:21: error: ordered comparison between pointer and integer ('const char *' and 'int') [-Werror]\n  if (a >= 'A' && a <= 'z')\n                  ~ ^  ~~~\npart1-functions.c:146:5: error: assigning to 'float *' from incompatible type 'double'\n  p = 12.5;\n    ^ ~~~~\npart1-functions.c:213:3: error: statement requires expression of integer type ('const char *' invalid)\n  switch (s) {\n  ^       ~\npart1-functions.c:214:8: error: expression is not an integer constant expression\n  case \"blue\":\n       ^~~~~~\npart1-functions.c:218:8: error: expression is not an integer constant expression\n  case \"orange\":\n       ^~~~~~~~\npart1-functions.c:266:48: error: format specifies type 'double' but the argument has type 'int' [-Werror,-Wformat]\n  printf(\"The radius of the circle is: %f.\\n\", d / 2);\n                                       ~~      ^~~~~\n                                       %d\npart1-functions.c:276:5: error: cannot assign to variable 'k' with const-qualified type 'const int'\n  k = k * k;\n  ~ ^\npart1-functions.c:275:25: note: variable 'k' declared const here\nvoid eighteen(const int k) {\n              ~~~~~~~~~~^\npart1-functions.c:277:5: error: cannot assign to variable 'k' with const-qualified type 'const int'\n  k += k;\n  ~ ^\npart1-functions.c:275:25: note: variable 'k' declared const here\nvoid eighteen(const int k) {\n              ~~~~~~~~~~^\npart1-functions.c:278:5: error: cannot assign to variable 'k' with const-qualified type 'const int'\n  k *= k;\n  ~ ^\npart1-functions.c:275:25: note: variable 'k' declared const here\nvoid eighteen(const int k) {\n              ~~~~~~~~~~^\npart1-functions.c:279:5: error: cannot assign to variable 'k' with const-qualified type 'const int'\n  k -= 1;\n  ~ ^\npart1-functions.c:275:25: note: variable 'k' declared const here\nvoid eighteen(const int k) {\n              ~~~~~~~~~~^\npart1-functions.c:307:30: warning: unused parameter 'value' [-Wunused-parameter]\nlong int clear_bits(long int value, long int flag) {\n                             ^\npart1-functions.c:307:46: warning: unused parameter 'flag' [-Wunused-parameter]\nlong int clear_bits(long int value, long int flag) {\n                                             ^\npart1-functions.c:337:28: warning: unused parameter 'transition' [-Wunused-parameter]\nint little_automaton(int (*transition)(int, char), const char *input_string) {\n                           ^\npart1-functions.c:337:64: warning: unused parameter 'input_string' [-Wunused-parameter]\nint little_automaton(int (*transition)(int, char), const char *input_string) {\n                                                               ^\n4 warnings and 18 errors generated.\nmake: *** [.objs/part1-functions-release.o] Error 1\n"
      },
      {
        "ptsPossible": 1.0,
        "ptsEarned": 0.0,
        "description": "Part1: Test function 6",
        "name": "part1_test6",
        "log": "Trying to compile your code...\nFAILED TO COMPILE!\npart1-functions.c:22:3: error: use of undeclared identifier 'cout'\n  cout << a << \"^2 + \" << b << \"^2 = \" << c << endl;\n  ^\npart1-functions.c:22:48: error: use of undeclared identifier 'endl'\n  cout << a << \"^2 + \" << b << \"^2 = \" << c << endl;\n                                               ^\npart1-functions.c:39:13: error: ordered comparison between pointer and integer ('const char *' and 'int') [-Werror]\n  if (grade > 70)\n      ~~~~~ ^ ~~\npart1-functions.c:40:28: error: format specifies type 'int' but the argument has type 'const char *' [-Werror,-Wformat]\n    printf(\"%d passed!\\n\", grade);\n            ~~             ^~~~~\n            %s\npart1-functions.c:42:32: error: format specifies type 'int' but the argument has type 'const char *' [-Werror,-Wformat]\n    printf(\"%d not passed!\\n\", grade);\n            ~~                 ^~~~~\n            %s\npart1-functions.c:51:8: error: incompatible integer to pointer conversion initializing 'int *' with an expression of type 'int'; take the address with & [-Werror,-Wint-conversion]\n  int *p = x;\n       ^   ~\n           &\npart1-functions.c:101:10: error: incompatible integer to pointer conversion initializing 'float *' with an expression of type 'const int' [-Werror,-Wint-conversion]\n  float *p = *x;\n         ^   ~~\npart1-functions.c:114:9: error: ordered comparison between pointer and integer ('const char *' and 'int') [-Werror]\n  if (a >= 'A' && a <= 'z')\n      ~ ^  ~~~\npart1-functions.c:114:21: error: ordered comparison between pointer and integer ('const char *' and 'int') [-Werror]\n  if (a >= 'A' && a <= 'z')\n                  ~ ^  ~~~\npart1-functions.c:146:5: error: assigning to 'float *' from incompatible type 'double'\n  p = 12.5;\n    ^ ~~~~\npart1-functions.c:213:3: error: statement requires expression of integer type ('const char *' invalid)\n  switch (s) {\n  ^       ~\npart1-functions.c:214:8: error: expression is not an integer constant expression\n  case \"blue\":\n       ^~~~~~\npart1-functions.c:218:8: error: expression is not an integer constant expression\n  case \"orange\":\n       ^~~~~~~~\npart1-functions.c:266:48: error: format specifies type 'double' but the argument has type 'int' [-Werror,-Wformat]\n  printf(\"The radius of the circle is: %f.\\n\", d / 2);\n                                       ~~      ^~~~~\n                                       %d\npart1-functions.c:276:5: error: cannot assign to variable 'k' with const-qualified type 'const int'\n  k = k * k;\n  ~ ^\npart1-functions.c:275:25: note: variable 'k' declared const here\nvoid eighteen(const int k) {\n              ~~~~~~~~~~^\npart1-functions.c:277:5: error: cannot assign to variable 'k' with const-qualified type 'const int'\n  k += k;\n  ~ ^\npart1-functions.c:275:25: note: variable 'k' declared const here\nvoid eighteen(const int k) {\n              ~~~~~~~~~~^\npart1-functions.c:278:5: error: cannot assign to variable 'k' with const-qualified type 'const int'\n  k *= k;\n  ~ ^\npart1-functions.c:275:25: note: variable 'k' declared const here\nvoid eighteen(const int k) {\n              ~~~~~~~~~~^\npart1-functions.c:279:5: error: cannot assign to variable 'k' with const-qualified type 'const int'\n  k -= 1;\n  ~ ^\npart1-functions.c:275:25: note: variable 'k' declared const here\nvoid eighteen(const int k) {\n              ~~~~~~~~~~^\npart1-functions.c:307:30: warning: unused parameter 'value' [-Wunused-parameter]\nlong int clear_bits(long int value, long int flag) {\n                             ^\npart1-functions.c:307:46: warning: unused parameter 'flag' [-Wunused-parameter]\nlong int clear_bits(long int value, long int flag) {\n                                             ^\npart1-functions.c:337:28: warning: unused parameter 'transition' [-Wunused-parameter]\nint little_automaton(int (*transition)(int, char), const char *input_string) {\n                           ^\npart1-functions.c:337:64: warning: unused parameter 'input_string' [-Wunused-parameter]\nint little_automaton(int (*transition)(int, char), const char *input_string) {\n                                                               ^\n4 warnings and 18 errors generated.\nmake: *** [.objs/part1-functions-release.o] Error 1\n"
      },
      {
        "ptsPossible": 1.0,
        "ptsEarned": 0.0,
        "description": "Part1: Test function 7",
        "name": "part1_test7",
        "log": "Trying to compile your code...\nFAILED TO COMPILE!\npart1-functions.c:22:3: error: use of undeclared identifier 'cout'\n  cout << a << \"^2 + \" << b << \"^2 = \" << c << endl;\n  ^\npart1-functions.c:22:48: error: use of undeclared identifier 'endl'\n  cout << a << \"^2 + \" << b << \"^2 = \" << c << endl;\n                                               ^\npart1-functions.c:39:13: error: ordered comparison between pointer and integer ('const char *' and 'int') [-Werror]\n  if (grade > 70)\n      ~~~~~ ^ ~~\npart1-functions.c:40:28: error: format specifies type 'int' but the argument has type 'const char *' [-Werror,-Wformat]\n    printf(\"%d passed!\\n\", grade);\n            ~~             ^~~~~\n            %s\npart1-functions.c:42:32: error: format specifies type 'int' but the argument has type 'const char *' [-Werror,-Wformat]\n    printf(\"%d not passed!\\n\", grade);\n            ~~                 ^~~~~\n            %s\npart1-functions.c:51:8: error: incompatible integer to pointer conversion initializing 'int *' with an expression of type 'int'; take the address with & [-Werror,-Wint-conversion]\n  int *p = x;\n       ^   ~\n           &\npart1-functions.c:101:10: error: incompatible integer to pointer conversion initializing 'float *' with an expression of type 'const int' [-Werror,-Wint-conversion]\n  float *p = *x;\n         ^   ~~\npart1-functions.c:114:9: error: ordered comparison between pointer and integer ('const char *' and 'int') [-Werror]\n  if (a >= 'A' && a <= 'z')\n      ~ ^  ~~~\npart1-functions.c:114:21: error: ordered comparison between pointer and integer ('const char *' and 'int') [-Werror]\n  if (a >= 'A' && a <= 'z')\n                  ~ ^  ~~~\npart1-functions.c:146:5: error: assigning to 'float *' from incompatible type 'double'\n  p = 12.5;\n    ^ ~~~~\npart1-functions.c:213:3: error: statement requires expression of integer type ('const char *' invalid)\n  switch (s) {\n  ^       ~\npart1-functions.c:214:8: error: expression is not an integer constant expression\n  case \"blue\":\n       ^~~~~~\npart1-functions.c:218:8: error: expression is not an integer constant expression\n  case \"orange\":\n       ^~~~~~~~\npart1-functions.c:266:48: error: format specifies type 'double' but the argument has type 'int' [-Werror,-Wformat]\n  printf(\"The radius of the circle is: %f.\\n\", d / 2);\n                                       ~~      ^~~~~\n                                       %d\npart1-functions.c:276:5: error: cannot assign to variable 'k' with const-qualified type 'const int'\n  k = k * k;\n  ~ ^\npart1-functions.c:275:25: note: variable 'k' declared const here\nvoid eighteen(const int k) {\n              ~~~~~~~~~~^\npart1-functions.c:277:5: error: cannot assign to variable 'k' with const-qualified type 'const int'\n  k += k;\n  ~ ^\npart1-functions.c:275:25: note: variable 'k' declared const here\nvoid eighteen(const int k) {\n              ~~~~~~~~~~^\npart1-functions.c:278:5: error: cannot assign to variable 'k' with const-qualified type 'const int'\n  k *= k;\n  ~ ^\npart1-functions.c:275:25: note: variable 'k' declared const here\nvoid eighteen(const int k) {\n              ~~~~~~~~~~^\npart1-functions.c:279:5: error: cannot assign to variable 'k' with const-qualified type 'const int'\n  k -= 1;\n  ~ ^\npart1-functions.c:275:25: note: variable 'k' declared const here\nvoid eighteen(const int k) {\n              ~~~~~~~~~~^\npart1-functions.c:307:30: warning: unused parameter 'value' [-Wunused-parameter]\nlong int clear_bits(long int value, long int flag) {\n                             ^\npart1-functions.c:307:46: warning: unused parameter 'flag' [-Wunused-parameter]\nlong int clear_bits(long int value, long int flag) {\n                                             ^\npart1-functions.c:337:28: warning: unused parameter 'transition' [-Wunused-parameter]\nint little_automaton(int (*transition)(int, char), const char *input_string) {\n                           ^\npart1-functions.c:337:64: warning: unused parameter 'input_string' [-Wunused-parameter]\nint little_automaton(int (*transition)(int, char), const char *input_string) {\n                                                               ^\n4 warnings and 18 errors generated.\nmake: *** [.objs/part1-functions-release.o] Error 1\n"
      },
      {
        "ptsPossible": 1.0,
        "ptsEarned": 0.0,
        "description": "Part1: Test function 8",
        "name": "part1_test8",
        "log": "Trying to compile your code...\nFAILED TO COMPILE!\npart1-functions.c:22:3: error: use of undeclared identifier 'cout'\n  cout << a << \"^2 + \" << b << \"^2 = \" << c << endl;\n  ^\npart1-functions.c:22:48: error: use of undeclared identifier 'endl'\n  cout << a << \"^2 + \" << b << \"^2 = \" << c << endl;\n                                               ^\npart1-functions.c:39:13: error: ordered comparison between pointer and integer ('const char *' and 'int') [-Werror]\n  if (grade > 70)\n      ~~~~~ ^ ~~\npart1-functions.c:40:28: error: format specifies type 'int' but the argument has type 'const char *' [-Werror,-Wformat]\n    printf(\"%d passed!\\n\", grade);\n            ~~             ^~~~~\n            %s\npart1-functions.c:42:32: error: format specifies type 'int' but the argument has type 'const char *' [-Werror,-Wformat]\n    printf(\"%d not passed!\\n\", grade);\n            ~~                 ^~~~~\n            %s\npart1-functions.c:51:8: error: incompatible integer to pointer conversion initializing 'int *' with an expression of type 'int'; take the address with & [-Werror,-Wint-conversion]\n  int *p = x;\n       ^   ~\n           &\npart1-functions.c:101:10: error: incompatible integer to pointer conversion initializing 'float *' with an expression of type 'const int' [-Werror,-Wint-conversion]\n  float *p = *x;\n         ^   ~~\npart1-functions.c:114:9: error: ordered comparison between pointer and integer ('const char *' and 'int') [-Werror]\n  if (a >= 'A' && a <= 'z')\n      ~ ^  ~~~\npart1-functions.c:114:21: error: ordered comparison between pointer and integer ('const char *' and 'int') [-Werror]\n  if (a >= 'A' && a <= 'z')\n                  ~ ^  ~~~\npart1-functions.c:146:5: error: assigning to 'float *' from incompatible type 'double'\n  p = 12.5;\n    ^ ~~~~\npart1-functions.c:213:3: error: statement requires expression of integer type ('const char *' invalid)\n  switch (s) {\n  ^       ~\npart1-functions.c:214:8: error: expression is not an integer constant expression\n  case \"blue\":\n       ^~~~~~\npart1-functions.c:218:8: error: expression is not an integer constant expression\n  case \"orange\":\n       ^~~~~~~~\npart1-functions.c:266:48: error: format specifies type 'double' but the argument has type 'int' [-Werror,-Wformat]\n  printf(\"The radius of the circle is: %f.\\n\", d / 2);\n                                       ~~      ^~~~~\n                                       %d\npart1-functions.c:276:5: error: cannot assign to variable 'k' with const-qualified type 'const int'\n  k = k * k;\n  ~ ^\npart1-functions.c:275:25: note: variable 'k' declared const here\nvoid eighteen(const int k) {\n              ~~~~~~~~~~^\npart1-functions.c:277:5: error: cannot assign to variable 'k' with const-qualified type 'const int'\n  k += k;\n  ~ ^\npart1-functions.c:275:25: note: variable 'k' declared const here\nvoid eighteen(const int k) {\n              ~~~~~~~~~~^\npart1-functions.c:278:5: error: cannot assign to variable 'k' with const-qualified type 'const int'\n  k *= k;\n  ~ ^\npart1-functions.c:275:25: note: variable 'k' declared const here\nvoid eighteen(const int k) {\n              ~~~~~~~~~~^\npart1-functions.c:279:5: error: cannot assign to variable 'k' with const-qualified type 'const int'\n  k -= 1;\n  ~ ^\npart1-functions.c:275:25: note: variable 'k' declared const here\nvoid eighteen(const int k) {\n              ~~~~~~~~~~^\npart1-functions.c:307:30: warning: unused parameter 'value' [-Wunused-parameter]\nlong int clear_bits(long int value, long int flag) {\n                             ^\npart1-functions.c:307:46: warning: unused parameter 'flag' [-Wunused-parameter]\nlong int clear_bits(long int value, long int flag) {\n                                             ^\npart1-functions.c:337:28: warning: unused parameter 'transition' [-Wunused-parameter]\nint little_automaton(int (*transition)(int, char), const char *input_string) {\n                           ^\npart1-functions.c:337:64: warning: unused parameter 'input_string' [-Wunused-parameter]\nint little_automaton(int (*transition)(int, char), const char *input_string) {\n                                                               ^\n4 warnings and 18 errors generated.\nmake: *** [.objs/part1-functions-release.o] Error 1\n"
      },
      {
        "ptsPossible": 1.0,
        "ptsEarned": 0.0,
        "description": "Part1: Test function 9",
        "name": "part1_test9",
        "log": "Trying to compile your code...\nFAILED TO COMPILE!\npart1-functions.c:22:3: error: use of undeclared identifier 'cout'\n  cout << a << \"^2 + \" << b << \"^2 = \" << c << endl;\n  ^\npart1-functions.c:22:48: error: use of undeclared identifier 'endl'\n  cout << a << \"^2 + \" << b << \"^2 = \" << c << endl;\n                                               ^\npart1-functions.c:39:13: error: ordered comparison between pointer and integer ('const char *' and 'int') [-Werror]\n  if (grade > 70)\n      ~~~~~ ^ ~~\npart1-functions.c:40:28: error: format specifies type 'int' but the argument has type 'const char *' [-Werror,-Wformat]\n    printf(\"%d passed!\\n\", grade);\n            ~~             ^~~~~\n            %s\npart1-functions.c:42:32: error: format specifies type 'int' but the argument has type 'const char *' [-Werror,-Wformat]\n    printf(\"%d not passed!\\n\", grade);\n            ~~                 ^~~~~\n            %s\npart1-functions.c:51:8: error: incompatible integer to pointer conversion initializing 'int *' with an expression of type 'int'; take the address with & [-Werror,-Wint-conversion]\n  int *p = x;\n       ^   ~\n           &\npart1-functions.c:101:10: error: incompatible integer to pointer conversion initializing 'float *' with an expression of type 'const int' [-Werror,-Wint-conversion]\n  float *p = *x;\n         ^   ~~\npart1-functions.c:114:9: error: ordered comparison between pointer and integer ('const char *' and 'int') [-Werror]\n  if (a >= 'A' && a <= 'z')\n      ~ ^  ~~~\npart1-functions.c:114:21: error: ordered comparison between pointer and integer ('const char *' and 'int') [-Werror]\n  if (a >= 'A' && a <= 'z')\n                  ~ ^  ~~~\npart1-functions.c:146:5: error: assigning to 'float *' from incompatible type 'double'\n  p = 12.5;\n    ^ ~~~~\npart1-functions.c:213:3: error: statement requires expression of integer type ('const char *' invalid)\n  switch (s) {\n  ^       ~\npart1-functions.c:214:8: error: expression is not an integer constant expression\n  case \"blue\":\n       ^~~~~~\npart1-functions.c:218:8: error: expression is not an integer constant expression\n  case \"orange\":\n       ^~~~~~~~\npart1-functions.c:266:48: error: format specifies type 'double' but the argument has type 'int' [-Werror,-Wformat]\n  printf(\"The radius of the circle is: %f.\\n\", d / 2);\n                                       ~~      ^~~~~\n                                       %d\npart1-functions.c:276:5: error: cannot assign to variable 'k' with const-qualified type 'const int'\n  k = k * k;\n  ~ ^\npart1-functions.c:275:25: note: variable 'k' declared const here\nvoid eighteen(const int k) {\n              ~~~~~~~~~~^\npart1-functions.c:277:5: error: cannot assign to variable 'k' with const-qualified type 'const int'\n  k += k;\n  ~ ^\npart1-functions.c:275:25: note: variable 'k' declared const here\nvoid eighteen(const int k) {\n              ~~~~~~~~~~^\npart1-functions.c:278:5: error: cannot assign to variable 'k' with const-qualified type 'const int'\n  k *= k;\n  ~ ^\npart1-functions.c:275:25: note: variable 'k' declared const here\nvoid eighteen(const int k) {\n              ~~~~~~~~~~^\npart1-functions.c:279:5: error: cannot assign to variable 'k' with const-qualified type 'const int'\n  k -= 1;\n  ~ ^\npart1-functions.c:275:25: note: variable 'k' declared const here\nvoid eighteen(const int k) {\n              ~~~~~~~~~~^\npart1-functions.c:307:30: warning: unused parameter 'value' [-Wunused-parameter]\nlong int clear_bits(long int value, long int flag) {\n                             ^\npart1-functions.c:307:46: warning: unused parameter 'flag' [-Wunused-parameter]\nlong int clear_bits(long int value, long int flag) {\n                                             ^\npart1-functions.c:337:28: warning: unused parameter 'transition' [-Wunused-parameter]\nint little_automaton(int (*transition)(int, char), const char *input_string) {\n                           ^\npart1-functions.c:337:64: warning: unused parameter 'input_string' [-Wunused-parameter]\nint little_automaton(int (*transition)(int, char), const char *input_string) {\n                                                               ^\n4 warnings and 18 errors generated.\nmake: *** [.objs/part1-functions-release.o] Error 1\n"
      },
      {
        "ptsPossible": 1.0,
        "ptsEarned": 0.0,
        "description": "Part1: Test function 10",
        "name": "part1_test10",
        "log": "Trying to compile your code...\nFAILED TO COMPILE!\npart1-functions.c:22:3: error: use of undeclared identifier 'cout'\n  cout << a << \"^2 + \" << b << \"^2 = \" << c << endl;\n  ^\npart1-functions.c:22:48: error: use of undeclared identifier 'endl'\n  cout << a << \"^2 + \" << b << \"^2 = \" << c << endl;\n                                               ^\npart1-functions.c:39:13: error: ordered comparison between pointer and integer ('const char *' and 'int') [-Werror]\n  if (grade > 70)\n      ~~~~~ ^ ~~\npart1-functions.c:40:28: error: format specifies type 'int' but the argument has type 'const char *' [-Werror,-Wformat]\n    printf(\"%d passed!\\n\", grade);\n            ~~             ^~~~~\n            %s\npart1-functions.c:42:32: error: format specifies type 'int' but the argument has type 'const char *' [-Werror,-Wformat]\n    printf(\"%d not passed!\\n\", grade);\n            ~~                 ^~~~~\n            %s\npart1-functions.c:51:8: error: incompatible integer to pointer conversion initializing 'int *' with an expression of type 'int'; take the address with & [-Werror,-Wint-conversion]\n  int *p = x;\n       ^   ~\n           &\npart1-functions.c:101:10: error: incompatible integer to pointer conversion initializing 'float *' with an expression of type 'const int' [-Werror,-Wint-conversion]\n  float *p = *x;\n         ^   ~~\npart1-functions.c:114:9: error: ordered comparison between pointer and integer ('const char *' and 'int') [-Werror]\n  if (a >= 'A' && a <= 'z')\n      ~ ^  ~~~\npart1-functions.c:114:21: error: ordered comparison between pointer and integer ('const char *' and 'int') [-Werror]\n  if (a >= 'A' && a <= 'z')\n                  ~ ^  ~~~\npart1-functions.c:146:5: error: assigning to 'float *' from incompatible type 'double'\n  p = 12.5;\n    ^ ~~~~\npart1-functions.c:213:3: error: statement requires expression of integer type ('const char *' invalid)\n  switch (s) {\n  ^       ~\npart1-functions.c:214:8: error: expression is not an integer constant expression\n  case \"blue\":\n       ^~~~~~\npart1-functions.c:218:8: error: expression is not an integer constant expression\n  case \"orange\":\n       ^~~~~~~~\npart1-functions.c:266:48: error: format specifies type 'double' but the argument has type 'int' [-Werror,-Wformat]\n  printf(\"The radius of the circle is: %f.\\n\", d / 2);\n                                       ~~      ^~~~~\n                                       %d\npart1-functions.c:276:5: error: cannot assign to variable 'k' with const-qualified type 'const int'\n  k = k * k;\n  ~ ^\npart1-functions.c:275:25: note: variable 'k' declared const here\nvoid eighteen(const int k) {\n              ~~~~~~~~~~^\npart1-functions.c:277:5: error: cannot assign to variable 'k' with const-qualified type 'const int'\n  k += k;\n  ~ ^\npart1-functions.c:275:25: note: variable 'k' declared const here\nvoid eighteen(const int k) {\n              ~~~~~~~~~~^\npart1-functions.c:278:5: error: cannot assign to variable 'k' with const-qualified type 'const int'\n  k *= k;\n  ~ ^\npart1-functions.c:275:25: note: variable 'k' declared const here\nvoid eighteen(const int k) {\n              ~~~~~~~~~~^\npart1-functions.c:279:5: error: cannot assign to variable 'k' with const-qualified type 'const int'\n  k -= 1;\n  ~ ^\npart1-functions.c:275:25: note: variable 'k' declared const here\nvoid eighteen(const int k) {\n              ~~~~~~~~~~^\npart1-functions.c:307:30: warning: unused parameter 'value' [-Wunused-parameter]\nlong int clear_bits(long int value, long int flag) {\n                             ^\npart1-functions.c:307:46: warning: unused parameter 'flag' [-Wunused-parameter]\nlong int clear_bits(long int value, long int flag) {\n                                             ^\npart1-functions.c:337:28: warning: unused parameter 'transition' [-Wunused-parameter]\nint little_automaton(int (*transition)(int, char), const char *input_string) {\n                           ^\npart1-functions.c:337:64: warning: unused parameter 'input_string' [-Wunused-parameter]\nint little_automaton(int (*transition)(int, char), const char *input_string) {\n                                                               ^\n4 warnings and 18 errors generated.\nmake: *** [.objs/part1-functions-release.o] Error 1\n"
      },
      {
        "ptsPossible": 1.0,
        "ptsEarned": 0.0,
        "description": "Part1: Test function 11",
        "name": "part1_test11",
        "log": "Trying to compile your code...\nFAILED TO COMPILE!\npart1-functions.c:22:3: error: use of undeclared identifier 'cout'\n  cout << a << \"^2 + \" << b << \"^2 = \" << c << endl;\n  ^\npart1-functions.c:22:48: error: use of undeclared identifier 'endl'\n  cout << a << \"^2 + \" << b << \"^2 = \" << c << endl;\n                                               ^\npart1-functions.c:39:13: error: ordered comparison between pointer and integer ('const char *' and 'int') [-Werror]\n  if (grade > 70)\n      ~~~~~ ^ ~~\npart1-functions.c:40:28: error: format specifies type 'int' but the argument has type 'const char *' [-Werror,-Wformat]\n    printf(\"%d passed!\\n\", grade);\n            ~~             ^~~~~\n            %s\npart1-functions.c:42:32: error: format specifies type 'int' but the argument has type 'const char *' [-Werror,-Wformat]\n    printf(\"%d not passed!\\n\", grade);\n            ~~                 ^~~~~\n            %s\npart1-functions.c:51:8: error: incompatible integer to pointer conversion initializing 'int *' with an expression of type 'int'; take the address with & [-Werror,-Wint-conversion]\n  int *p = x;\n       ^   ~\n           &\npart1-functions.c:101:10: error: incompatible integer to pointer conversion initializing 'float *' with an expression of type 'const int' [-Werror,-Wint-conversion]\n  float *p = *x;\n         ^   ~~\npart1-functions.c:114:9: error: ordered comparison between pointer and integer ('const char *' and 'int') [-Werror]\n  if (a >= 'A' && a <= 'z')\n      ~ ^  ~~~\npart1-functions.c:114:21: error: ordered comparison between pointer and integer ('const char *' and 'int') [-Werror]\n  if (a >= 'A' && a <= 'z')\n                  ~ ^  ~~~\npart1-functions.c:146:5: error: assigning to 'float *' from incompatible type 'double'\n  p = 12.5;\n    ^ ~~~~\npart1-functions.c:213:3: error: statement requires expression of integer type ('const char *' invalid)\n  switch (s) {\n  ^       ~\npart1-functions.c:214:8: error: expression is not an integer constant expression\n  case \"blue\":\n       ^~~~~~\npart1-functions.c:218:8: error: expression is not an integer constant expression\n  case \"orange\":\n       ^~~~~~~~\npart1-functions.c:266:48: error: format specifies type 'double' but the argument has type 'int' [-Werror,-Wformat]\n  printf(\"The radius of the circle is: %f.\\n\", d / 2);\n                                       ~~      ^~~~~\n                                       %d\npart1-functions.c:276:5: error: cannot assign to variable 'k' with const-qualified type 'const int'\n  k = k * k;\n  ~ ^\npart1-functions.c:275:25: note: variable 'k' declared const here\nvoid eighteen(const int k) {\n              ~~~~~~~~~~^\npart1-functions.c:277:5: error: cannot assign to variable 'k' with const-qualified type 'const int'\n  k += k;\n  ~ ^\npart1-functions.c:275:25: note: variable 'k' declared const here\nvoid eighteen(const int k) {\n              ~~~~~~~~~~^\npart1-functions.c:278:5: error: cannot assign to variable 'k' with const-qualified type 'const int'\n  k *= k;\n  ~ ^\npart1-functions.c:275:25: note: variable 'k' declared const here\nvoid eighteen(const int k) {\n              ~~~~~~~~~~^\npart1-functions.c:279:5: error: cannot assign to variable 'k' with const-qualified type 'const int'\n  k -= 1;\n  ~ ^\npart1-functions.c:275:25: note: variable 'k' declared const here\nvoid eighteen(const int k) {\n              ~~~~~~~~~~^\npart1-functions.c:307:30: warning: unused parameter 'value' [-Wunused-parameter]\nlong int clear_bits(long int value, long int flag) {\n                             ^\npart1-functions.c:307:46: warning: unused parameter 'flag' [-Wunused-parameter]\nlong int clear_bits(long int value, long int flag) {\n                                             ^\npart1-functions.c:337:28: warning: unused parameter 'transition' [-Wunused-parameter]\nint little_automaton(int (*transition)(int, char), const char *input_string) {\n                           ^\npart1-functions.c:337:64: warning: unused parameter 'input_string' [-Wunused-parameter]\nint little_automaton(int (*transition)(int, char), const char *input_string) {\n                                                               ^\n4 warnings and 18 errors generated.\nmake: *** [.objs/part1-functions-release.o] Error 1\n"
      },
      {
        "ptsPossible": 1.0,
        "ptsEarned": 0.0,
        "description": "Part1: Test function 12",
        "name": "part1_test12",
        "log": "Trying to compile your code...\nFAILED TO COMPILE!\npart1-functions.c:22:3: error: use of undeclared identifier 'cout'\n  cout << a << \"^2 + \" << b << \"^2 = \" << c << endl;\n  ^\npart1-functions.c:22:48: error: use of undeclared identifier 'endl'\n  cout << a << \"^2 + \" << b << \"^2 = \" << c << endl;\n                                               ^\npart1-functions.c:39:13: error: ordered comparison between pointer and integer ('const char *' and 'int') [-Werror]\n  if (grade > 70)\n      ~~~~~ ^ ~~\npart1-functions.c:40:28: error: format specifies type 'int' but the argument has type 'const char *' [-Werror,-Wformat]\n    printf(\"%d passed!\\n\", grade);\n            ~~             ^~~~~\n            %s\npart1-functions.c:42:32: error: format specifies type 'int' but the argument has type 'const char *' [-Werror,-Wformat]\n    printf(\"%d not passed!\\n\", grade);\n            ~~                 ^~~~~\n            %s\npart1-functions.c:51:8: error: incompatible integer to pointer conversion initializing 'int *' with an expression of type 'int'; take the address with & [-Werror,-Wint-conversion]\n  int *p = x;\n       ^   ~\n           &\npart1-functions.c:101:10: error: incompatible integer to pointer conversion initializing 'float *' with an expression of type 'const int' [-Werror,-Wint-conversion]\n  float *p = *x;\n         ^   ~~\npart1-functions.c:114:9: error: ordered comparison between pointer and integer ('const char *' and 'int') [-Werror]\n  if (a >= 'A' && a <= 'z')\n      ~ ^  ~~~\npart1-functions.c:114:21: error: ordered comparison between pointer and integer ('const char *' and 'int') [-Werror]\n  if (a >= 'A' && a <= 'z')\n                  ~ ^  ~~~\npart1-functions.c:146:5: error: assigning to 'float *' from incompatible type 'double'\n  p = 12.5;\n    ^ ~~~~\npart1-functions.c:213:3: error: statement requires expression of integer type ('const char *' invalid)\n  switch (s) {\n  ^       ~\npart1-functions.c:214:8: error: expression is not an integer constant expression\n  case \"blue\":\n       ^~~~~~\npart1-functions.c:218:8: error: expression is not an integer constant expression\n  case \"orange\":\n       ^~~~~~~~\npart1-functions.c:266:48: error: format specifies type 'double' but the argument has type 'int' [-Werror,-Wformat]\n  printf(\"The radius of the circle is: %f.\\n\", d / 2);\n                                       ~~      ^~~~~\n                                       %d\npart1-functions.c:276:5: error: cannot assign to variable 'k' with const-qualified type 'const int'\n  k = k * k;\n  ~ ^\npart1-functions.c:275:25: note: variable 'k' declared const here\nvoid eighteen(const int k) {\n              ~~~~~~~~~~^\npart1-functions.c:277:5: error: cannot assign to variable 'k' with const-qualified type 'const int'\n  k += k;\n  ~ ^\npart1-functions.c:275:25: note: variable 'k' declared const here\nvoid eighteen(const int k) {\n              ~~~~~~~~~~^\npart1-functions.c:278:5: error: cannot assign to variable 'k' with const-qualified type 'const int'\n  k *= k;\n  ~ ^\npart1-functions.c:275:25: note: variable 'k' declared const here\nvoid eighteen(const int k) {\n              ~~~~~~~~~~^\npart1-functions.c:279:5: error: cannot assign to variable 'k' with const-qualified type 'const int'\n  k -= 1;\n  ~ ^\npart1-functions.c:275:25: note: variable 'k' declared const here\nvoid eighteen(const int k) {\n              ~~~~~~~~~~^\npart1-functions.c:307:30: warning: unused parameter 'value' [-Wunused-parameter]\nlong int clear_bits(long int value, long int flag) {\n                             ^\npart1-functions.c:307:46: warning: unused parameter 'flag' [-Wunused-parameter]\nlong int clear_bits(long int value, long int flag) {\n                                             ^\npart1-functions.c:337:28: warning: unused parameter 'transition' [-Wunused-parameter]\nint little_automaton(int (*transition)(int, char), const char *input_string) {\n                           ^\npart1-functions.c:337:64: warning: unused parameter 'input_string' [-Wunused-parameter]\nint little_automaton(int (*transition)(int, char), const char *input_string) {\n                                                               ^\n4 warnings and 18 errors generated.\nmake: *** [.objs/part1-functions-release.o] Error 1\n"
      },
      {
        "ptsPossible": 1.0,
        "ptsEarned": 0.0,
        "description": "Part1: Test function 13",
        "name": "part1_test13",
        "log": "Trying to compile your code...\nFAILED TO COMPILE!\npart1-functions.c:22:3: error: use of undeclared identifier 'cout'\n  cout << a << \"^2 + \" << b << \"^2 = \" << c << endl;\n  ^\npart1-functions.c:22:48: error: use of undeclared identifier 'endl'\n  cout << a << \"^2 + \" << b << \"^2 = \" << c << endl;\n                                               ^\npart1-functions.c:39:13: error: ordered comparison between pointer and integer ('const char *' and 'int') [-Werror]\n  if (grade > 70)\n      ~~~~~ ^ ~~\npart1-functions.c:40:28: error: format specifies type 'int' but the argument has type 'const char *' [-Werror,-Wformat]\n    printf(\"%d passed!\\n\", grade);\n            ~~             ^~~~~\n            %s\npart1-functions.c:42:32: error: format specifies type 'int' but the argument has type 'const char *' [-Werror,-Wformat]\n    printf(\"%d not passed!\\n\", grade);\n            ~~                 ^~~~~\n            %s\npart1-functions.c:51:8: error: incompatible integer to pointer conversion initializing 'int *' with an expression of type 'int'; take the address with & [-Werror,-Wint-conversion]\n  int *p = x;\n       ^   ~\n           &\npart1-functions.c:101:10: error: incompatible integer to pointer conversion initializing 'float *' with an expression of type 'const int' [-Werror,-Wint-conversion]\n  float *p = *x;\n         ^   ~~\npart1-functions.c:114:9: error: ordered comparison between pointer and integer ('const char *' and 'int') [-Werror]\n  if (a >= 'A' && a <= 'z')\n      ~ ^  ~~~\npart1-functions.c:114:21: error: ordered comparison between pointer and integer ('const char *' and 'int') [-Werror]\n  if (a >= 'A' && a <= 'z')\n                  ~ ^  ~~~\npart1-functions.c:146:5: error: assigning to 'float *' from incompatible type 'double'\n  p = 12.5;\n    ^ ~~~~\npart1-functions.c:213:3: error: statement requires expression of integer type ('const char *' invalid)\n  switch (s) {\n  ^       ~\npart1-functions.c:214:8: error: expression is not an integer constant expression\n  case \"blue\":\n       ^~~~~~\npart1-functions.c:218:8: error: expression is not an integer constant expression\n  case \"orange\":\n       ^~~~~~~~\npart1-functions.c:266:48: error: format specifies type 'double' but the argument has type 'int' [-Werror,-Wformat]\n  printf(\"The radius of the circle is: %f.\\n\", d / 2);\n                                       ~~      ^~~~~\n                                       %d\npart1-functions.c:276:5: error: cannot assign to variable 'k' with const-qualified type 'const int'\n  k = k * k;\n  ~ ^\npart1-functions.c:275:25: note: variable 'k' declared const here\nvoid eighteen(const int k) {\n              ~~~~~~~~~~^\npart1-functions.c:277:5: error: cannot assign to variable 'k' with const-qualified type 'const int'\n  k += k;\n  ~ ^\npart1-functions.c:275:25: note: variable 'k' declared const here\nvoid eighteen(const int k) {\n              ~~~~~~~~~~^\npart1-functions.c:278:5: error: cannot assign to variable 'k' with const-qualified type 'const int'\n  k *= k;\n  ~ ^\npart1-functions.c:275:25: note: variable 'k' declared const here\nvoid eighteen(const int k) {\n              ~~~~~~~~~~^\npart1-functions.c:279:5: error: cannot assign to variable 'k' with const-qualified type 'const int'\n  k -= 1;\n  ~ ^\npart1-functions.c:275:25: note: variable 'k' declared const here\nvoid eighteen(const int k) {\n              ~~~~~~~~~~^\npart1-functions.c:307:30: warning: unused parameter 'value' [-Wunused-parameter]\nlong int clear_bits(long int value, long int flag) {\n                             ^\npart1-functions.c:307:46: warning: unused parameter 'flag' [-Wunused-parameter]\nlong int clear_bits(long int value, long int flag) {\n                                             ^\npart1-functions.c:337:28: warning: unused parameter 'transition' [-Wunused-parameter]\nint little_automaton(int (*transition)(int, char), const char *input_string) {\n                           ^\npart1-functions.c:337:64: warning: unused parameter 'input_string' [-Wunused-parameter]\nint little_automaton(int (*transition)(int, char), const char *input_string) {\n                                                               ^\n4 warnings and 18 errors generated.\nmake: *** [.objs/part1-functions-release.o] Error 1\n"
      },
      {
        "ptsPossible": 1.0,
        "ptsEarned": 0.0,
        "description": "Part1: Test function 14",
        "name": "part1_test14",
        "log": "Trying to compile your code...\nFAILED TO COMPILE!\npart1-functions.c:22:3: error: use of undeclared identifier 'cout'\n  cout << a << \"^2 + \" << b << \"^2 = \" << c << endl;\n  ^\npart1-functions.c:22:48: error: use of undeclared identifier 'endl'\n  cout << a << \"^2 + \" << b << \"^2 = \" << c << endl;\n                                               ^\npart1-functions.c:39:13: error: ordered comparison between pointer and integer ('const char *' and 'int') [-Werror]\n  if (grade > 70)\n      ~~~~~ ^ ~~\npart1-functions.c:40:28: error: format specifies type 'int' but the argument has type 'const char *' [-Werror,-Wformat]\n    printf(\"%d passed!\\n\", grade);\n            ~~             ^~~~~\n            %s\npart1-functions.c:42:32: error: format specifies type 'int' but the argument has type 'const char *' [-Werror,-Wformat]\n    printf(\"%d not passed!\\n\", grade);\n            ~~                 ^~~~~\n            %s\npart1-functions.c:51:8: error: incompatible integer to pointer conversion initializing 'int *' with an expression of type 'int'; take the address with & [-Werror,-Wint-conversion]\n  int *p = x;\n       ^   ~\n           &\npart1-functions.c:101:10: error: incompatible integer to pointer conversion initializing 'float *' with an expression of type 'const int' [-Werror,-Wint-conversion]\n  float *p = *x;\n         ^   ~~\npart1-functions.c:114:9: error: ordered comparison between pointer and integer ('const char *' and 'int') [-Werror]\n  if (a >= 'A' && a <= 'z')\n      ~ ^  ~~~\npart1-functions.c:114:21: error: ordered comparison between pointer and integer ('const char *' and 'int') [-Werror]\n  if (a >= 'A' && a <= 'z')\n                  ~ ^  ~~~\npart1-functions.c:146:5: error: assigning to 'float *' from incompatible type 'double'\n  p = 12.5;\n    ^ ~~~~\npart1-functions.c:213:3: error: statement requires expression of integer type ('const char *' invalid)\n  switch (s) {\n  ^       ~\npart1-functions.c:214:8: error: expression is not an integer constant expression\n  case \"blue\":\n       ^~~~~~\npart1-functions.c:218:8: error: expression is not an integer constant expression\n  case \"orange\":\n       ^~~~~~~~\npart1-functions.c:266:48: error: format specifies type 'double' but the argument has type 'int' [-Werror,-Wformat]\n  printf(\"The radius of the circle is: %f.\\n\", d / 2);\n                                       ~~      ^~~~~\n                                       %d\npart1-functions.c:276:5: error: cannot assign to variable 'k' with const-qualified type 'const int'\n  k = k * k;\n  ~ ^\npart1-functions.c:275:25: note: variable 'k' declared const here\nvoid eighteen(const int k) {\n              ~~~~~~~~~~^\npart1-functions.c:277:5: error: cannot assign to variable 'k' with const-qualified type 'const int'\n  k += k;\n  ~ ^\npart1-functions.c:275:25: note: variable 'k' declared const here\nvoid eighteen(const int k) {\n              ~~~~~~~~~~^\npart1-functions.c:278:5: error: cannot assign to variable 'k' with const-qualified type 'const int'\n  k *= k;\n  ~ ^\npart1-functions.c:275:25: note: variable 'k' declared const here\nvoid eighteen(const int k) {\n              ~~~~~~~~~~^\npart1-functions.c:279:5: error: cannot assign to variable 'k' with const-qualified type 'const int'\n  k -= 1;\n  ~ ^\npart1-functions.c:275:25: note: variable 'k' declared const here\nvoid eighteen(const int k) {\n              ~~~~~~~~~~^\npart1-functions.c:307:30: warning: unused parameter 'value' [-Wunused-parameter]\nlong int clear_bits(long int value, long int flag) {\n                             ^\npart1-functions.c:307:46: warning: unused parameter 'flag' [-Wunused-parameter]\nlong int clear_bits(long int value, long int flag) {\n                                             ^\npart1-functions.c:337:28: warning: unused parameter 'transition' [-Wunused-parameter]\nint little_automaton(int (*transition)(int, char), const char *input_string) {\n                           ^\npart1-functions.c:337:64: warning: unused parameter 'input_string' [-Wunused-parameter]\nint little_automaton(int (*transition)(int, char), const char *input_string) {\n                                                               ^\n4 warnings and 18 errors generated.\nmake: *** [.objs/part1-functions-release.o] Error 1\n"
      },
      {
        "ptsPossible": 1.0,
        "ptsEarned": 0.0,
        "description": "Part1: Test function 15",
        "name": "part1_test15",
        "log": "Trying to compile your code...\nFAILED TO COMPILE!\npart1-functions.c:22:3: error: use of undeclared identifier 'cout'\n  cout << a << \"^2 + \" << b << \"^2 = \" << c << endl;\n  ^\npart1-functions.c:22:48: error: use of undeclared identifier 'endl'\n  cout << a << \"^2 + \" << b << \"^2 = \" << c << endl;\n                                               ^\npart1-functions.c:39:13: error: ordered comparison between pointer and integer ('const char *' and 'int') [-Werror]\n  if (grade > 70)\n      ~~~~~ ^ ~~\npart1-functions.c:40:28: error: format specifies type 'int' but the argument has type 'const char *' [-Werror,-Wformat]\n    printf(\"%d passed!\\n\", grade);\n            ~~             ^~~~~\n            %s\npart1-functions.c:42:32: error: format specifies type 'int' but the argument has type 'const char *' [-Werror,-Wformat]\n    printf(\"%d not passed!\\n\", grade);\n            ~~                 ^~~~~\n            %s\npart1-functions.c:51:8: error: incompatible integer to pointer conversion initializing 'int *' with an expression of type 'int'; take the address with & [-Werror,-Wint-conversion]\n  int *p = x;\n       ^   ~\n           &\npart1-functions.c:101:10: error: incompatible integer to pointer conversion initializing 'float *' with an expression of type 'const int' [-Werror,-Wint-conversion]\n  float *p = *x;\n         ^   ~~\npart1-functions.c:114:9: error: ordered comparison between pointer and integer ('const char *' and 'int') [-Werror]\n  if (a >= 'A' && a <= 'z')\n      ~ ^  ~~~\npart1-functions.c:114:21: error: ordered comparison between pointer and integer ('const char *' and 'int') [-Werror]\n  if (a >= 'A' && a <= 'z')\n                  ~ ^  ~~~\npart1-functions.c:146:5: error: assigning to 'float *' from incompatible type 'double'\n  p = 12.5;\n    ^ ~~~~\npart1-functions.c:213:3: error: statement requires expression of integer type ('const char *' invalid)\n  switch (s) {\n  ^       ~\npart1-functions.c:214:8: error: expression is not an integer constant expression\n  case \"blue\":\n       ^~~~~~\npart1-functions.c:218:8: error: expression is not an integer constant expression\n  case \"orange\":\n       ^~~~~~~~\npart1-functions.c:266:48: error: format specifies type 'double' but the argument has type 'int' [-Werror,-Wformat]\n  printf(\"The radius of the circle is: %f.\\n\", d / 2);\n                                       ~~      ^~~~~\n                                       %d\npart1-functions.c:276:5: error: cannot assign to variable 'k' with const-qualified type 'const int'\n  k = k * k;\n  ~ ^\npart1-functions.c:275:25: note: variable 'k' declared const here\nvoid eighteen(const int k) {\n              ~~~~~~~~~~^\npart1-functions.c:277:5: error: cannot assign to variable 'k' with const-qualified type 'const int'\n  k += k;\n  ~ ^\npart1-functions.c:275:25: note: variable 'k' declared const here\nvoid eighteen(const int k) {\n              ~~~~~~~~~~^\npart1-functions.c:278:5: error: cannot assign to variable 'k' with const-qualified type 'const int'\n  k *= k;\n  ~ ^\npart1-functions.c:275:25: note: variable 'k' declared const here\nvoid eighteen(const int k) {\n              ~~~~~~~~~~^\npart1-functions.c:279:5: error: cannot assign to variable 'k' with const-qualified type 'const int'\n  k -= 1;\n  ~ ^\npart1-functions.c:275:25: note: variable 'k' declared const here\nvoid eighteen(const int k) {\n              ~~~~~~~~~~^\npart1-functions.c:307:30: warning: unused parameter 'value' [-Wunused-parameter]\nlong int clear_bits(long int value, long int flag) {\n                             ^\npart1-functions.c:307:46: warning: unused parameter 'flag' [-Wunused-parameter]\nlong int clear_bits(long int value, long int flag) {\n                                             ^\npart1-functions.c:337:28: warning: unused parameter 'transition' [-Wunused-parameter]\nint little_automaton(int (*transition)(int, char), const char *input_string) {\n                           ^\npart1-functions.c:337:64: warning: unused parameter 'input_string' [-Wunused-parameter]\nint little_automaton(int (*transition)(int, char), const char *input_string) {\n                                                               ^\n4 warnings and 18 errors generated.\nmake: *** [.objs/part1-functions-release.o] Error 1\n"
      },
      {
        "ptsPossible": 1.0,
        "ptsEarned": 0.0,
        "description": "Part1: Test function 16",
        "name": "part1_test16",
        "log": "Trying to compile your code...\nFAILED TO COMPILE!\npart1-functions.c:22:3: error: use of undeclared identifier 'cout'\n  cout << a << \"^2 + \" << b << \"^2 = \" << c << endl;\n  ^\npart1-functions.c:22:48: error: use of undeclared identifier 'endl'\n  cout << a << \"^2 + \" << b << \"^2 = \" << c << endl;\n                                               ^\npart1-functions.c:39:13: error: ordered comparison between pointer and integer ('const char *' and 'int') [-Werror]\n  if (grade > 70)\n      ~~~~~ ^ ~~\npart1-functions.c:40:28: error: format specifies type 'int' but the argument has type 'const char *' [-Werror,-Wformat]\n    printf(\"%d passed!\\n\", grade);\n            ~~             ^~~~~\n            %s\npart1-functions.c:42:32: error: format specifies type 'int' but the argument has type 'const char *' [-Werror,-Wformat]\n    printf(\"%d not passed!\\n\", grade);\n            ~~                 ^~~~~\n            %s\npart1-functions.c:51:8: error: incompatible integer to pointer conversion initializing 'int *' with an expression of type 'int'; take the address with & [-Werror,-Wint-conversion]\n  int *p = x;\n       ^   ~\n           &\npart1-functions.c:101:10: error: incompatible integer to pointer conversion initializing 'float *' with an expression of type 'const int' [-Werror,-Wint-conversion]\n  float *p = *x;\n         ^   ~~\npart1-functions.c:114:9: error: ordered comparison between pointer and integer ('const char *' and 'int') [-Werror]\n  if (a >= 'A' && a <= 'z')\n      ~ ^  ~~~\npart1-functions.c:114:21: error: ordered comparison between pointer and integer ('const char *' and 'int') [-Werror]\n  if (a >= 'A' && a <= 'z')\n                  ~ ^  ~~~\npart1-functions.c:146:5: error: assigning to 'float *' from incompatible type 'double'\n  p = 12.5;\n    ^ ~~~~\npart1-functions.c:213:3: error: statement requires expression of integer type ('const char *' invalid)\n  switch (s) {\n  ^       ~\npart1-functions.c:214:8: error: expression is not an integer constant expression\n  case \"blue\":\n       ^~~~~~\npart1-functions.c:218:8: error: expression is not an integer constant expression\n  case \"orange\":\n       ^~~~~~~~\npart1-functions.c:266:48: error: format specifies type 'double' but the argument has type 'int' [-Werror,-Wformat]\n  printf(\"The radius of the circle is: %f.\\n\", d / 2);\n                                       ~~      ^~~~~\n                                       %d\npart1-functions.c:276:5: error: cannot assign to variable 'k' with const-qualified type 'const int'\n  k = k * k;\n  ~ ^\npart1-functions.c:275:25: note: variable 'k' declared const here\nvoid eighteen(const int k) {\n              ~~~~~~~~~~^\npart1-functions.c:277:5: error: cannot assign to variable 'k' with const-qualified type 'const int'\n  k += k;\n  ~ ^\npart1-functions.c:275:25: note: variable 'k' declared const here\nvoid eighteen(const int k) {\n              ~~~~~~~~~~^\npart1-functions.c:278:5: error: cannot assign to variable 'k' with const-qualified type 'const int'\n  k *= k;\n  ~ ^\npart1-functions.c:275:25: note: variable 'k' declared const here\nvoid eighteen(const int k) {\n              ~~~~~~~~~~^\npart1-functions.c:279:5: error: cannot assign to variable 'k' with const-qualified type 'const int'\n  k -= 1;\n  ~ ^\npart1-functions.c:275:25: note: variable 'k' declared const here\nvoid eighteen(const int k) {\n              ~~~~~~~~~~^\npart1-functions.c:307:30: warning: unused parameter 'value' [-Wunused-parameter]\nlong int clear_bits(long int value, long int flag) {\n                             ^\npart1-functions.c:307:46: warning: unused parameter 'flag' [-Wunused-parameter]\nlong int clear_bits(long int value, long int flag) {\n                                             ^\npart1-functions.c:337:28: warning: unused parameter 'transition' [-Wunused-parameter]\nint little_automaton(int (*transition)(int, char), const char *input_string) {\n                           ^\npart1-functions.c:337:64: warning: unused parameter 'input_string' [-Wunused-parameter]\nint little_automaton(int (*transition)(int, char), const char *input_string) {\n                                                               ^\n4 warnings and 18 errors generated.\nmake: *** [.objs/part1-functions-release.o] Error 1\n"
      },
      {
        "ptsPossible": 1.0,
        "ptsEarned": 0.0,
        "description": "Part1: Test function 17",
        "name": "part1_test17",
        "log": "Trying to compile your code...\nFAILED TO COMPILE!\npart1-functions.c:22:3: error: use of undeclared identifier 'cout'\n  cout << a << \"^2 + \" << b << \"^2 = \" << c << endl;\n  ^\npart1-functions.c:22:48: error: use of undeclared identifier 'endl'\n  cout << a << \"^2 + \" << b << \"^2 = \" << c << endl;\n                                               ^\npart1-functions.c:39:13: error: ordered comparison between pointer and integer ('const char *' and 'int') [-Werror]\n  if (grade > 70)\n      ~~~~~ ^ ~~\npart1-functions.c:40:28: error: format specifies type 'int' but the argument has type 'const char *' [-Werror,-Wformat]\n    printf(\"%d passed!\\n\", grade);\n            ~~             ^~~~~\n            %s\npart1-functions.c:42:32: error: format specifies type 'int' but the argument has type 'const char *' [-Werror,-Wformat]\n    printf(\"%d not passed!\\n\", grade);\n            ~~                 ^~~~~\n            %s\npart1-functions.c:51:8: error: incompatible integer to pointer conversion initializing 'int *' with an expression of type 'int'; take the address with & [-Werror,-Wint-conversion]\n  int *p = x;\n       ^   ~\n           &\npart1-functions.c:101:10: error: incompatible integer to pointer conversion initializing 'float *' with an expression of type 'const int' [-Werror,-Wint-conversion]\n  float *p = *x;\n         ^   ~~\npart1-functions.c:114:9: error: ordered comparison between pointer and integer ('const char *' and 'int') [-Werror]\n  if (a >= 'A' && a <= 'z')\n      ~ ^  ~~~\npart1-functions.c:114:21: error: ordered comparison between pointer and integer ('const char *' and 'int') [-Werror]\n  if (a >= 'A' && a <= 'z')\n                  ~ ^  ~~~\npart1-functions.c:146:5: error: assigning to 'float *' from incompatible type 'double'\n  p = 12.5;\n    ^ ~~~~\npart1-functions.c:213:3: error: statement requires expression of integer type ('const char *' invalid)\n  switch (s) {\n  ^       ~\npart1-functions.c:214:8: error: expression is not an integer constant expression\n  case \"blue\":\n       ^~~~~~\npart1-functions.c:218:8: error: expression is not an integer constant expression\n  case \"orange\":\n       ^~~~~~~~\npart1-functions.c:266:48: error: format specifies type 'double' but the argument has type 'int' [-Werror,-Wformat]\n  printf(\"The radius of the circle is: %f.\\n\", d / 2);\n                                       ~~      ^~~~~\n                                       %d\npart1-functions.c:276:5: error: cannot assign to variable 'k' with const-qualified type 'const int'\n  k = k * k;\n  ~ ^\npart1-functions.c:275:25: note: variable 'k' declared const here\nvoid eighteen(const int k) {\n              ~~~~~~~~~~^\npart1-functions.c:277:5: error: cannot assign to variable 'k' with const-qualified type 'const int'\n  k += k;\n  ~ ^\npart1-functions.c:275:25: note: variable 'k' declared const here\nvoid eighteen(const int k) {\n              ~~~~~~~~~~^\npart1-functions.c:278:5: error: cannot assign to variable 'k' with const-qualified type 'const int'\n  k *= k;\n  ~ ^\npart1-functions.c:275:25: note: variable 'k' declared const here\nvoid eighteen(const int k) {\n              ~~~~~~~~~~^\npart1-functions.c:279:5: error: cannot assign to variable 'k' with const-qualified type 'const int'\n  k -= 1;\n  ~ ^\npart1-functions.c:275:25: note: variable 'k' declared const here\nvoid eighteen(const int k) {\n              ~~~~~~~~~~^\npart1-functions.c:307:30: warning: unused parameter 'value' [-Wunused-parameter]\nlong int clear_bits(long int value, long int flag) {\n                             ^\npart1-functions.c:307:46: warning: unused parameter 'flag' [-Wunused-parameter]\nlong int clear_bits(long int value, long int flag) {\n                                             ^\npart1-functions.c:337:28: warning: unused parameter 'transition' [-Wunused-parameter]\nint little_automaton(int (*transition)(int, char), const char *input_string) {\n                           ^\npart1-functions.c:337:64: warning: unused parameter 'input_string' [-Wunused-parameter]\nint little_automaton(int (*transition)(int, char), const char *input_string) {\n                                                               ^\n4 warnings and 18 errors generated.\nmake: *** [.objs/part1-functions-release.o] Error 1\n"
      },
      {
        "ptsPossible": 1.0,
        "ptsEarned": 0.0,
        "description": "Part1: Test function 18",
        "name": "part1_test18",
        "log": "Trying to compile your code...\nFAILED TO COMPILE!\npart1-functions.c:22:3: error: use of undeclared identifier 'cout'\n  cout << a << \"^2 + \" << b << \"^2 = \" << c << endl;\n  ^\npart1-functions.c:22:48: error: use of undeclared identifier 'endl'\n  cout << a << \"^2 + \" << b << \"^2 = \" << c << endl;\n                                               ^\npart1-functions.c:39:13: error: ordered comparison between pointer and integer ('const char *' and 'int') [-Werror]\n  if (grade > 70)\n      ~~~~~ ^ ~~\npart1-functions.c:40:28: error: format specifies type 'int' but the argument has type 'const char *' [-Werror,-Wformat]\n    printf(\"%d passed!\\n\", grade);\n            ~~             ^~~~~\n            %s\npart1-functions.c:42:32: error: format specifies type 'int' but the argument has type 'const char *' [-Werror,-Wformat]\n    printf(\"%d not passed!\\n\", grade);\n            ~~                 ^~~~~\n            %s\npart1-functions.c:51:8: error: incompatible integer to pointer conversion initializing 'int *' with an expression of type 'int'; take the address with & [-Werror,-Wint-conversion]\n  int *p = x;\n       ^   ~\n           &\npart1-functions.c:101:10: error: incompatible integer to pointer conversion initializing 'float *' with an expression of type 'const int' [-Werror,-Wint-conversion]\n  float *p = *x;\n         ^   ~~\npart1-functions.c:114:9: error: ordered comparison between pointer and integer ('const char *' and 'int') [-Werror]\n  if (a >= 'A' && a <= 'z')\n      ~ ^  ~~~\npart1-functions.c:114:21: error: ordered comparison between pointer and integer ('const char *' and 'int') [-Werror]\n  if (a >= 'A' && a <= 'z')\n                  ~ ^  ~~~\npart1-functions.c:146:5: error: assigning to 'float *' from incompatible type 'double'\n  p = 12.5;\n    ^ ~~~~\npart1-functions.c:213:3: error: statement requires expression of integer type ('const char *' invalid)\n  switch (s) {\n  ^       ~\npart1-functions.c:214:8: error: expression is not an integer constant expression\n  case \"blue\":\n       ^~~~~~\npart1-functions.c:218:8: error: expression is not an integer constant expression\n  case \"orange\":\n       ^~~~~~~~\npart1-functions.c:266:48: error: format specifies type 'double' but the argument has type 'int' [-Werror,-Wformat]\n  printf(\"The radius of the circle is: %f.\\n\", d / 2);\n                                       ~~      ^~~~~\n                                       %d\npart1-functions.c:276:5: error: cannot assign to variable 'k' with const-qualified type 'const int'\n  k = k * k;\n  ~ ^\npart1-functions.c:275:25: note: variable 'k' declared const here\nvoid eighteen(const int k) {\n              ~~~~~~~~~~^\npart1-functions.c:277:5: error: cannot assign to variable 'k' with const-qualified type 'const int'\n  k += k;\n  ~ ^\npart1-functions.c:275:25: note: variable 'k' declared const here\nvoid eighteen(const int k) {\n              ~~~~~~~~~~^\npart1-functions.c:278:5: error: cannot assign to variable 'k' with const-qualified type 'const int'\n  k *= k;\n  ~ ^\npart1-functions.c:275:25: note: variable 'k' declared const here\nvoid eighteen(const int k) {\n              ~~~~~~~~~~^\npart1-functions.c:279:5: error: cannot assign to variable 'k' with const-qualified type 'const int'\n  k -= 1;\n  ~ ^\npart1-functions.c:275:25: note: variable 'k' declared const here\nvoid eighteen(const int k) {\n              ~~~~~~~~~~^\npart1-functions.c:307:30: warning: unused parameter 'value' [-Wunused-parameter]\nlong int clear_bits(long int value, long int flag) {\n                             ^\npart1-functions.c:307:46: warning: unused parameter 'flag' [-Wunused-parameter]\nlong int clear_bits(long int value, long int flag) {\n                                             ^\npart1-functions.c:337:28: warning: unused parameter 'transition' [-Wunused-parameter]\nint little_automaton(int (*transition)(int, char), const char *input_string) {\n                           ^\npart1-functions.c:337:64: warning: unused parameter 'input_string' [-Wunused-parameter]\nint little_automaton(int (*transition)(int, char), const char *input_string) {\n                                                               ^\n4 warnings and 18 errors generated.\nmake: *** [.objs/part1-functions-release.o] Error 1\n"
      },
      {
        "ptsPossible": 1.0,
        "ptsEarned": 0.0,
        "description": "Part1: Test function clear_bits",
        "name": "part1_test_clear_bits",
        "log": "Trying to compile your code...\nFAILED TO COMPILE!\npart1-functions.c:22:3: error: use of undeclared identifier 'cout'\n  cout << a << \"^2 + \" << b << \"^2 = \" << c << endl;\n  ^\npart1-functions.c:22:48: error: use of undeclared identifier 'endl'\n  cout << a << \"^2 + \" << b << \"^2 = \" << c << endl;\n                                               ^\npart1-functions.c:39:13: error: ordered comparison between pointer and integer ('const char *' and 'int') [-Werror]\n  if (grade > 70)\n      ~~~~~ ^ ~~\npart1-functions.c:40:28: error: format specifies type 'int' but the argument has type 'const char *' [-Werror,-Wformat]\n    printf(\"%d passed!\\n\", grade);\n            ~~             ^~~~~\n            %s\npart1-functions.c:42:32: error: format specifies type 'int' but the argument has type 'const char *' [-Werror,-Wformat]\n    printf(\"%d not passed!\\n\", grade);\n            ~~                 ^~~~~\n            %s\npart1-functions.c:51:8: error: incompatible integer to pointer conversion initializing 'int *' with an expression of type 'int'; take the address with & [-Werror,-Wint-conversion]\n  int *p = x;\n       ^   ~\n           &\npart1-functions.c:101:10: error: incompatible integer to pointer conversion initializing 'float *' with an expression of type 'const int' [-Werror,-Wint-conversion]\n  float *p = *x;\n         ^   ~~\npart1-functions.c:114:9: error: ordered comparison between pointer and integer ('const char *' and 'int') [-Werror]\n  if (a >= 'A' && a <= 'z')\n      ~ ^  ~~~\npart1-functions.c:114:21: error: ordered comparison between pointer and integer ('const char *' and 'int') [-Werror]\n  if (a >= 'A' && a <= 'z')\n                  ~ ^  ~~~\npart1-functions.c:146:5: error: assigning to 'float *' from incompatible type 'double'\n  p = 12.5;\n    ^ ~~~~\npart1-functions.c:213:3: error: statement requires expression of integer type ('const char *' invalid)\n  switch (s) {\n  ^       ~\npart1-functions.c:214:8: error: expression is not an integer constant expression\n  case \"blue\":\n       ^~~~~~\npart1-functions.c:218:8: error: expression is not an integer constant expression\n  case \"orange\":\n       ^~~~~~~~\npart1-functions.c:266:48: error: format specifies type 'double' but the argument has type 'int' [-Werror,-Wformat]\n  printf(\"The radius of the circle is: %f.\\n\", d / 2);\n                                       ~~      ^~~~~\n                                       %d\npart1-functions.c:276:5: error: cannot assign to variable 'k' with const-qualified type 'const int'\n  k = k * k;\n  ~ ^\npart1-functions.c:275:25: note: variable 'k' declared const here\nvoid eighteen(const int k) {\n              ~~~~~~~~~~^\npart1-functions.c:277:5: error: cannot assign to variable 'k' with const-qualified type 'const int'\n  k += k;\n  ~ ^\npart1-functions.c:275:25: note: variable 'k' declared const here\nvoid eighteen(const int k) {\n              ~~~~~~~~~~^\npart1-functions.c:278:5: error: cannot assign to variable 'k' with const-qualified type 'const int'\n  k *= k;\n  ~ ^\npart1-functions.c:275:25: note: variable 'k' declared const here\nvoid eighteen(const int k) {\n              ~~~~~~~~~~^\npart1-functions.c:279:5: error: cannot assign to variable 'k' with const-qualified type 'const int'\n  k -= 1;\n  ~ ^\npart1-functions.c:275:25: note: variable 'k' declared const here\nvoid eighteen(const int k) {\n              ~~~~~~~~~~^\npart1-functions.c:307:30: warning: unused parameter 'value' [-Wunused-parameter]\nlong int clear_bits(long int value, long int flag) {\n                             ^\npart1-functions.c:307:46: warning: unused parameter 'flag' [-Wunused-parameter]\nlong int clear_bits(long int value, long int flag) {\n                                             ^\npart1-functions.c:337:28: warning: unused parameter 'transition' [-Wunused-parameter]\nint little_automaton(int (*transition)(int, char), const char *input_string) {\n                           ^\npart1-functions.c:337:64: warning: unused parameter 'input_string' [-Wunused-parameter]\nint little_automaton(int (*transition)(int, char), const char *input_string) {\n                                                               ^\n4 warnings and 18 errors generated.\nmake: *** [.objs/part1-functions-release.o] Error 1\n"
      },
      {
        "ptsPossible": 1.0,
        "ptsEarned": 0.0,
        "description": "Part1: Test function little_automaton()",
        "name": "part1_test_little_automaton",
        "log": "Trying to compile your code...\nFAILED TO COMPILE!\npart1-functions.c:22:3: error: use of undeclared identifier 'cout'\n  cout << a << \"^2 + \" << b << \"^2 = \" << c << endl;\n  ^\npart1-functions.c:22:48: error: use of undeclared identifier 'endl'\n  cout << a << \"^2 + \" << b << \"^2 = \" << c << endl;\n                                               ^\npart1-functions.c:39:13: error: ordered comparison between pointer and integer ('const char *' and 'int') [-Werror]\n  if (grade > 70)\n      ~~~~~ ^ ~~\npart1-functions.c:40:28: error: format specifies type 'int' but the argument has type 'const char *' [-Werror,-Wformat]\n    printf(\"%d passed!\\n\", grade);\n            ~~             ^~~~~\n            %s\npart1-functions.c:42:32: error: format specifies type 'int' but the argument has type 'const char *' [-Werror,-Wformat]\n    printf(\"%d not passed!\\n\", grade);\n            ~~                 ^~~~~\n            %s\npart1-functions.c:51:8: error: incompatible integer to pointer conversion initializing 'int *' with an expression of type 'int'; take the address with & [-Werror,-Wint-conversion]\n  int *p = x;\n       ^   ~\n           &\npart1-functions.c:101:10: error: incompatible integer to pointer conversion initializing 'float *' with an expression of type 'const int' [-Werror,-Wint-conversion]\n  float *p = *x;\n         ^   ~~\npart1-functions.c:114:9: error: ordered comparison between pointer and integer ('const char *' and 'int') [-Werror]\n  if (a >= 'A' && a <= 'z')\n      ~ ^  ~~~\npart1-functions.c:114:21: error: ordered comparison between pointer and integer ('const char *' and 'int') [-Werror]\n  if (a >= 'A' && a <= 'z')\n                  ~ ^  ~~~\npart1-functions.c:146:5: error: assigning to 'float *' from incompatible type 'double'\n  p = 12.5;\n    ^ ~~~~\npart1-functions.c:213:3: error: statement requires expression of integer type ('const char *' invalid)\n  switch (s) {\n  ^       ~\npart1-functions.c:214:8: error: expression is not an integer constant expression\n  case \"blue\":\n       ^~~~~~\npart1-functions.c:218:8: error: expression is not an integer constant expression\n  case \"orange\":\n       ^~~~~~~~\npart1-functions.c:266:48: error: format specifies type 'double' but the argument has type 'int' [-Werror,-Wformat]\n  printf(\"The radius of the circle is: %f.\\n\", d / 2);\n                                       ~~      ^~~~~\n                                       %d\npart1-functions.c:276:5: error: cannot assign to variable 'k' with const-qualified type 'const int'\n  k = k * k;\n  ~ ^\npart1-functions.c:275:25: note: variable 'k' declared const here\nvoid eighteen(const int k) {\n              ~~~~~~~~~~^\npart1-functions.c:277:5: error: cannot assign to variable 'k' with const-qualified type 'const int'\n  k += k;\n  ~ ^\npart1-functions.c:275:25: note: variable 'k' declared const here\nvoid eighteen(const int k) {\n              ~~~~~~~~~~^\npart1-functions.c:278:5: error: cannot assign to variable 'k' with const-qualified type 'const int'\n  k *= k;\n  ~ ^\npart1-functions.c:275:25: note: variable 'k' declared const here\nvoid eighteen(const int k) {\n              ~~~~~~~~~~^\npart1-functions.c:279:5: error: cannot assign to variable 'k' with const-qualified type 'const int'\n  k -= 1;\n  ~ ^\npart1-functions.c:275:25: note: variable 'k' declared const here\nvoid eighteen(const int k) {\n              ~~~~~~~~~~^\npart1-functions.c:307:30: warning: unused parameter 'value' [-Wunused-parameter]\nlong int clear_bits(long int value, long int flag) {\n                             ^\npart1-functions.c:307:46: warning: unused parameter 'flag' [-Wunused-parameter]\nlong int clear_bits(long int value, long int flag) {\n                                             ^\npart1-functions.c:337:28: warning: unused parameter 'transition' [-Wunused-parameter]\nint little_automaton(int (*transition)(int, char), const char *input_string) {\n                           ^\npart1-functions.c:337:64: warning: unused parameter 'input_string' [-Wunused-parameter]\nint little_automaton(int (*transition)(int, char), const char *input_string) {\n                                                               ^\n4 warnings and 18 errors generated.\nmake: *** [.objs/part1-functions-release.o] Error 1\n"
      },
      {
        "ptsPossible": 1.0,
        "ptsEarned": 0.0,
        "description": "Part1: Checking for memory issues...",
        "name": "part1_memory",
        "log": "Trying to compile your code...\nFAILED TO COMPILE!\npart1-functions.c:22:3: error: use of undeclared identifier 'cout'\n  cout << a << \"^2 + \" << b << \"^2 = \" << c << endl;\n  ^\npart1-functions.c:22:48: error: use of undeclared identifier 'endl'\n  cout << a << \"^2 + \" << b << \"^2 = \" << c << endl;\n                                               ^\npart1-functions.c:39:13: error: ordered comparison between pointer and integer ('const char *' and 'int') [-Werror]\n  if (grade > 70)\n      ~~~~~ ^ ~~\npart1-functions.c:40:28: error: format specifies type 'int' but the argument has type 'const char *' [-Werror,-Wformat]\n    printf(\"%d passed!\\n\", grade);\n            ~~             ^~~~~\n            %s\npart1-functions.c:42:32: error: format specifies type 'int' but the argument has type 'const char *' [-Werror,-Wformat]\n    printf(\"%d not passed!\\n\", grade);\n            ~~                 ^~~~~\n            %s\npart1-functions.c:51:8: error: incompatible integer to pointer conversion initializing 'int *' with an expression of type 'int'; take the address with & [-Werror,-Wint-conversion]\n  int *p = x;\n       ^   ~\n           &\npart1-functions.c:101:10: error: incompatible integer to pointer conversion initializing 'float *' with an expression of type 'const int' [-Werror,-Wint-conversion]\n  float *p = *x;\n         ^   ~~\npart1-functions.c:114:9: error: ordered comparison between pointer and integer ('const char *' and 'int') [-Werror]\n  if (a >= 'A' && a <= 'z')\n      ~ ^  ~~~\npart1-functions.c:114:21: error: ordered comparison between pointer and integer ('const char *' and 'int') [-Werror]\n  if (a >= 'A' && a <= 'z')\n                  ~ ^  ~~~\npart1-functions.c:146:5: error: assigning to 'float *' from incompatible type 'double'\n  p = 12.5;\n    ^ ~~~~\npart1-functions.c:213:3: error: statement requires expression of integer type ('const char *' invalid)\n  switch (s) {\n  ^       ~\npart1-functions.c:214:8: error: expression is not an integer constant expression\n  case \"blue\":\n       ^~~~~~\npart1-functions.c:218:8: error: expression is not an integer constant expression\n  case \"orange\":\n       ^~~~~~~~\npart1-functions.c:266:48: error: format specifies type 'double' but the argument has type 'int' [-Werror,-Wformat]\n  printf(\"The radius of the circle is: %f.\\n\", d / 2);\n                                       ~~      ^~~~~\n                                       %d\npart1-functions.c:276:5: error: cannot assign to variable 'k' with const-qualified type 'const int'\n  k = k * k;\n  ~ ^\npart1-functions.c:275:25: note: variable 'k' declared const here\nvoid eighteen(const int k) {\n              ~~~~~~~~~~^\npart1-functions.c:277:5: error: cannot assign to variable 'k' with const-qualified type 'const int'\n  k += k;\n  ~ ^\npart1-functions.c:275:25: note: variable 'k' declared const here\nvoid eighteen(const int k) {\n              ~~~~~~~~~~^\npart1-functions.c:278:5: error: cannot assign to variable 'k' with const-qualified type 'const int'\n  k *= k;\n  ~ ^\npart1-functions.c:275:25: note: variable 'k' declared const here\nvoid eighteen(const int k) {\n              ~~~~~~~~~~^\npart1-functions.c:279:5: error: cannot assign to variable 'k' with const-qualified type 'const int'\n  k -= 1;\n  ~ ^\npart1-functions.c:275:25: note: variable 'k' declared const here\nvoid eighteen(const int k) {\n              ~~~~~~~~~~^\npart1-functions.c:307:30: warning: unused parameter 'value' [-Wunused-parameter]\nlong int clear_bits(long int value, long int flag) {\n                             ^\npart1-functions.c:307:46: warning: unused parameter 'flag' [-Wunused-parameter]\nlong int clear_bits(long int value, long int flag) {\n                                             ^\npart1-functions.c:337:28: warning: unused parameter 'transition' [-Wunused-parameter]\nint little_automaton(int (*transition)(int, char), const char *input_string) {\n                           ^\npart1-functions.c:337:64: warning: unused parameter 'input_string' [-Wunused-parameter]\nint little_automaton(int (*transition)(int, char), const char *input_string) {\n                                                               ^\n4 warnings and 18 errors generated.\nmake: *** [.objs/part1-functions-release.o] Error 1\n"
      },
      {
        "ptsPossible": 11.0,
        "ptsEarned": 0.0,
        "description": "Part2: Test function main",
        "name": "part2_test_main",
        "log": "Trying to compile your code...\nSuccessfully compiled your code.."
      },
      {
        "ptsPossible": 1.0,
        "ptsEarned": 1.0,
        "description": "Part2: Checking for memory issues...",
        "name": "part2_memory",
        "log": "Trying to compile your code...\nSuccessfully compiled your code..\n==29789== Memcheck, a memory error detector\n==29789== Copyright (C) 2002-2015, and GNU GPL'd, by Julian Seward et al.\n==29789== Using Valgrind-3.11.0 and LibVEX; rerun with -h for copyright info\n==29789== Command: .../ryang28/pointers_gone_wild/part2\n==29789== \n==29789== \n==29789== HEAP SUMMARY:\n==29789==     in use at exit: 0 bytes in 0 blocks\n==29789==   total heap usage: 0 allocs, 0 frees, 0 bytes allocated\n==29789== \n==29789== All heap blocks were freed -- no leaks are possible\n==29789== \n==29789== For counts of detected and suppressed errors, rerun with: -v\n==29789== ERROR SUMMARY: 0 errors from 0 contexts (suppressed: 0 from 0)\n"
      }
    ],
    "revision": "2450",
    "checksum": "0525fedf9bf6402e860597577718082d278f57f2  part1-functions.c\nf8a9e443ac80c885bead0cf3ed5673a7075b98ee  part2-main.c"
  },
  {
    "timestamp": "2016-09-01 23:59:00.568255",
    "testcases": [
      {
        "description": "Part1: Test function 1",
        "ptsEarned": 0.0,
        "log": "Trying to compile your code...\nFAILED TO COMPILE!\npart1-functions.c:22:3: error: use of undeclared identifier 'cout'\n  cout << a << \"^2 + \" << b << \"^2 = \" << c << endl;\n  ^\npart1-functions.c:22:48: error: use of undeclared identifier 'endl'\n  cout << a << \"^2 + \" << b << \"^2 = \" << c << endl;\n                                               ^\npart1-functions.c:39:13: error: ordered comparison between pointer and integer ('const char *' and 'int') [-Werror]\n  if (grade > 70)\n      ~~~~~ ^ ~~\npart1-functions.c:40:28: error: format specifies type 'int' but the argument has type 'const char *' [-Werror,-Wformat]\n    printf(\"%d passed!\\n\", grade);\n            ~~             ^~~~~\n            %s\npart1-functions.c:42:32: error: format specifies type 'int' but the argument has type 'const char *' [-Werror,-Wformat]\n    printf(\"%d not passed!\\n\", grade);\n            ~~                 ^~~~~\n            %s\npart1-functions.c:51:8: error: incompatible integer to pointer conversion initializing 'int *' with an expression of type 'int'; take the address with & [-Werror,-Wint-conversion]\n  int *p = x;\n       ^   ~\n           &\npart1-functions.c:101:10: error: incompatible integer to pointer conversion initializing 'float *' with an expression of type 'const int' [-Werror,-Wint-conversion]\n  float *p = *x;\n         ^   ~~\npart1-functions.c:114:9: error: ordered comparison between pointer and integer ('const char *' and 'int') [-Werror]\n  if (a >= 'A' && a <= 'z')\n      ~ ^  ~~~\npart1-functions.c:114:21: error: ordered comparison between pointer and integer ('const char *' and 'int') [-Werror]\n  if (a >= 'A' && a <= 'z')\n                  ~ ^  ~~~\npart1-functions.c:146:5: error: assigning to 'float *' from incompatible type 'double'\n  p = 12.5;\n    ^ ~~~~\npart1-functions.c:213:3: error: statement requires expression of integer type ('const char *' invalid)\n  switch (s) {\n  ^       ~\npart1-functions.c:214:8: error: expression is not an integer constant expression\n  case \"blue\":\n       ^~~~~~\npart1-functions.c:218:8: error: expression is not an integer constant expression\n  case \"orange\":\n       ^~~~~~~~\npart1-functions.c:266:48: error: format specifies type 'double' but the argument has type 'int' [-Werror,-Wformat]\n  printf(\"The radius of the circle is: %f.\\n\", d / 2);\n                                       ~~      ^~~~~\n                                       %d\npart1-functions.c:276:5: error: cannot assign to variable 'k' with const-qualified type 'const int'\n  k = k * k;\n  ~ ^\npart1-functions.c:275:25: note: variable 'k' declared const here\nvoid eighteen(const int k) {\n              ~~~~~~~~~~^\npart1-functions.c:277:5: error: cannot assign to variable 'k' with const-qualified type 'const int'\n  k += k;\n  ~ ^\npart1-functions.c:275:25: note: variable 'k' declared const here\nvoid eighteen(const int k) {\n              ~~~~~~~~~~^\npart1-functions.c:278:5: error: cannot assign to variable 'k' with const-qualified type 'const int'\n  k *= k;\n  ~ ^\npart1-functions.c:275:25: note: variable 'k' declared const here\nvoid eighteen(const int k) {\n              ~~~~~~~~~~^\npart1-functions.c:279:5: error: cannot assign to variable 'k' with const-qualified type 'const int'\n  k -= 1;\n  ~ ^\npart1-functions.c:275:25: note: variable 'k' declared const here\nvoid eighteen(const int k) {\n              ~~~~~~~~~~^\npart1-functions.c:307:30: warning: unused parameter 'value' [-Wunused-parameter]\nlong int clear_bits(long int value, long int flag) {\n                             ^\npart1-functions.c:307:46: warning: unused parameter 'flag' [-Wunused-parameter]\nlong int clear_bits(long int value, long int flag) {\n                                             ^\npart1-functions.c:337:28: warning: unused parameter 'transition' [-Wunused-parameter]\nint little_automaton(int (*transition)(int, char), const char *input_string) {\n                           ^\npart1-functions.c:337:64: warning: unused parameter 'input_string' [-Wunused-parameter]\nint little_automaton(int (*transition)(int, char), const char *input_string) {\n                                                               ^\n4 warnings and 18 errors generated.\nmake: *** [.objs/part1-functions-release.o] Error 1\n",
        "name": "part1_test1",
        "ptsPossible": 1.0
      },
      {
        "description": "Part1: Test function 2",
        "ptsEarned": 0.0,
        "log": "Trying to compile your code...\nFAILED TO COMPILE!\npart1-functions.c:22:3: error: use of undeclared identifier 'cout'\n  cout << a << \"^2 + \" << b << \"^2 = \" << c << endl;\n  ^\npart1-functions.c:22:48: error: use of undeclared identifier 'endl'\n  cout << a << \"^2 + \" << b << \"^2 = \" << c << endl;\n                                               ^\npart1-functions.c:39:13: error: ordered comparison between pointer and integer ('const char *' and 'int') [-Werror]\n  if (grade > 70)\n      ~~~~~ ^ ~~\npart1-functions.c:40:28: error: format specifies type 'int' but the argument has type 'const char *' [-Werror,-Wformat]\n    printf(\"%d passed!\\n\", grade);\n            ~~             ^~~~~\n            %s\npart1-functions.c:42:32: error: format specifies type 'int' but the argument has type 'const char *' [-Werror,-Wformat]\n    printf(\"%d not passed!\\n\", grade);\n            ~~                 ^~~~~\n            %s\npart1-functions.c:51:8: error: incompatible integer to pointer conversion initializing 'int *' with an expression of type 'int'; take the address with & [-Werror,-Wint-conversion]\n  int *p = x;\n       ^   ~\n           &\npart1-functions.c:101:10: error: incompatible integer to pointer conversion initializing 'float *' with an expression of type 'const int' [-Werror,-Wint-conversion]\n  float *p = *x;\n         ^   ~~\npart1-functions.c:114:9: error: ordered comparison between pointer and integer ('const char *' and 'int') [-Werror]\n  if (a >= 'A' && a <= 'z')\n      ~ ^  ~~~\npart1-functions.c:114:21: error: ordered comparison between pointer and integer ('const char *' and 'int') [-Werror]\n  if (a >= 'A' && a <= 'z')\n                  ~ ^  ~~~\npart1-functions.c:146:5: error: assigning to 'float *' from incompatible type 'double'\n  p = 12.5;\n    ^ ~~~~\npart1-functions.c:213:3: error: statement requires expression of integer type ('const char *' invalid)\n  switch (s) {\n  ^       ~\npart1-functions.c:214:8: error: expression is not an integer constant expression\n  case \"blue\":\n       ^~~~~~\npart1-functions.c:218:8: error: expression is not an integer constant expression\n  case \"orange\":\n       ^~~~~~~~\npart1-functions.c:266:48: error: format specifies type 'double' but the argument has type 'int' [-Werror,-Wformat]\n  printf(\"The radius of the circle is: %f.\\n\", d / 2);\n                                       ~~      ^~~~~\n                                       %d\npart1-functions.c:276:5: error: cannot assign to variable 'k' with const-qualified type 'const int'\n  k = k * k;\n  ~ ^\npart1-functions.c:275:25: note: variable 'k' declared const here\nvoid eighteen(const int k) {\n              ~~~~~~~~~~^\npart1-functions.c:277:5: error: cannot assign to variable 'k' with const-qualified type 'const int'\n  k += k;\n  ~ ^\npart1-functions.c:275:25: note: variable 'k' declared const here\nvoid eighteen(const int k) {\n              ~~~~~~~~~~^\npart1-functions.c:278:5: error: cannot assign to variable 'k' with const-qualified type 'const int'\n  k *= k;\n  ~ ^\npart1-functions.c:275:25: note: variable 'k' declared const here\nvoid eighteen(const int k) {\n              ~~~~~~~~~~^\npart1-functions.c:279:5: error: cannot assign to variable 'k' with const-qualified type 'const int'\n  k -= 1;\n  ~ ^\npart1-functions.c:275:25: note: variable 'k' declared const here\nvoid eighteen(const int k) {\n              ~~~~~~~~~~^\npart1-functions.c:307:30: warning: unused parameter 'value' [-Wunused-parameter]\nlong int clear_bits(long int value, long int flag) {\n                             ^\npart1-functions.c:307:46: warning: unused parameter 'flag' [-Wunused-parameter]\nlong int clear_bits(long int value, long int flag) {\n                                             ^\npart1-functions.c:337:28: warning: unused parameter 'transition' [-Wunused-parameter]\nint little_automaton(int (*transition)(int, char), const char *input_string) {\n                           ^\npart1-functions.c:337:64: warning: unused parameter 'input_string' [-Wunused-parameter]\nint little_automaton(int (*transition)(int, char), const char *input_string) {\n                                                               ^\n4 warnings and 18 errors generated.\nmake: *** [.objs/part1-functions-release.o] Error 1\n",
        "name": "part1_test2",
        "ptsPossible": 1.0
      },
      {
        "description": "Part1: Test function 3",
        "ptsEarned": 0.0,
        "log": "Trying to compile your code...\nFAILED TO COMPILE!\npart1-functions.c:22:3: error: use of undeclared identifier 'cout'\n  cout << a << \"^2 + \" << b << \"^2 = \" << c << endl;\n  ^\npart1-functions.c:22:48: error: use of undeclared identifier 'endl'\n  cout << a << \"^2 + \" << b << \"^2 = \" << c << endl;\n                                               ^\npart1-functions.c:39:13: error: ordered comparison between pointer and integer ('const char *' and 'int') [-Werror]\n  if (grade > 70)\n      ~~~~~ ^ ~~\npart1-functions.c:40:28: error: format specifies type 'int' but the argument has type 'const char *' [-Werror,-Wformat]\n    printf(\"%d passed!\\n\", grade);\n            ~~             ^~~~~\n            %s\npart1-functions.c:42:32: error: format specifies type 'int' but the argument has type 'const char *' [-Werror,-Wformat]\n    printf(\"%d not passed!\\n\", grade);\n            ~~                 ^~~~~\n            %s\npart1-functions.c:51:8: error: incompatible integer to pointer conversion initializing 'int *' with an expression of type 'int'; take the address with & [-Werror,-Wint-conversion]\n  int *p = x;\n       ^   ~\n           &\npart1-functions.c:101:10: error: incompatible integer to pointer conversion initializing 'float *' with an expression of type 'const int' [-Werror,-Wint-conversion]\n  float *p = *x;\n         ^   ~~\npart1-functions.c:114:9: error: ordered comparison between pointer and integer ('const char *' and 'int') [-Werror]\n  if (a >= 'A' && a <= 'z')\n      ~ ^  ~~~\npart1-functions.c:114:21: error: ordered comparison between pointer and integer ('const char *' and 'int') [-Werror]\n  if (a >= 'A' && a <= 'z')\n                  ~ ^  ~~~\npart1-functions.c:146:5: error: assigning to 'float *' from incompatible type 'double'\n  p = 12.5;\n    ^ ~~~~\npart1-functions.c:213:3: error: statement requires expression of integer type ('const char *' invalid)\n  switch (s) {\n  ^       ~\npart1-functions.c:214:8: error: expression is not an integer constant expression\n  case \"blue\":\n       ^~~~~~\npart1-functions.c:218:8: error: expression is not an integer constant expression\n  case \"orange\":\n       ^~~~~~~~\npart1-functions.c:266:48: error: format specifies type 'double' but the argument has type 'int' [-Werror,-Wformat]\n  printf(\"The radius of the circle is: %f.\\n\", d / 2);\n                                       ~~      ^~~~~\n                                       %d\npart1-functions.c:276:5: error: cannot assign to variable 'k' with const-qualified type 'const int'\n  k = k * k;\n  ~ ^\npart1-functions.c:275:25: note: variable 'k' declared const here\nvoid eighteen(const int k) {\n              ~~~~~~~~~~^\npart1-functions.c:277:5: error: cannot assign to variable 'k' with const-qualified type 'const int'\n  k += k;\n  ~ ^\npart1-functions.c:275:25: note: variable 'k' declared const here\nvoid eighteen(const int k) {\n              ~~~~~~~~~~^\npart1-functions.c:278:5: error: cannot assign to variable 'k' with const-qualified type 'const int'\n  k *= k;\n  ~ ^\npart1-functions.c:275:25: note: variable 'k' declared const here\nvoid eighteen(const int k) {\n              ~~~~~~~~~~^\npart1-functions.c:279:5: error: cannot assign to variable 'k' with const-qualified type 'const int'\n  k -= 1;\n  ~ ^\npart1-functions.c:275:25: note: variable 'k' declared const here\nvoid eighteen(const int k) {\n              ~~~~~~~~~~^\npart1-functions.c:307:30: warning: unused parameter 'value' [-Wunused-parameter]\nlong int clear_bits(long int value, long int flag) {\n                             ^\npart1-functions.c:307:46: warning: unused parameter 'flag' [-Wunused-parameter]\nlong int clear_bits(long int value, long int flag) {\n                                             ^\npart1-functions.c:337:28: warning: unused parameter 'transition' [-Wunused-parameter]\nint little_automaton(int (*transition)(int, char), const char *input_string) {\n                           ^\npart1-functions.c:337:64: warning: unused parameter 'input_string' [-Wunused-parameter]\nint little_automaton(int (*transition)(int, char), const char *input_string) {\n                                                               ^\n4 warnings and 18 errors generated.\nmake: *** [.objs/part1-functions-release.o] Error 1\n",
        "name": "part1_test3",
        "ptsPossible": 1.0
      },
      {
        "description": "Part1: Test function 4",
        "ptsEarned": 0.0,
        "log": "Trying to compile your code...\nFAILED TO COMPILE!\npart1-functions.c:22:3: error: use of undeclared identifier 'cout'\n  cout << a << \"^2 + \" << b << \"^2 = \" << c << endl;\n  ^\npart1-functions.c:22:48: error: use of undeclared identifier 'endl'\n  cout << a << \"^2 + \" << b << \"^2 = \" << c << endl;\n                                               ^\npart1-functions.c:39:13: error: ordered comparison between pointer and integer ('const char *' and 'int') [-Werror]\n  if (grade > 70)\n      ~~~~~ ^ ~~\npart1-functions.c:40:28: error: format specifies type 'int' but the argument has type 'const char *' [-Werror,-Wformat]\n    printf(\"%d passed!\\n\", grade);\n            ~~             ^~~~~\n            %s\npart1-functions.c:42:32: error: format specifies type 'int' but the argument has type 'const char *' [-Werror,-Wformat]\n    printf(\"%d not passed!\\n\", grade);\n            ~~                 ^~~~~\n            %s\npart1-functions.c:51:8: error: incompatible integer to pointer conversion initializing 'int *' with an expression of type 'int'; take the address with & [-Werror,-Wint-conversion]\n  int *p = x;\n       ^   ~\n           &\npart1-functions.c:101:10: error: incompatible integer to pointer conversion initializing 'float *' with an expression of type 'const int' [-Werror,-Wint-conversion]\n  float *p = *x;\n         ^   ~~\npart1-functions.c:114:9: error: ordered comparison between pointer and integer ('const char *' and 'int') [-Werror]\n  if (a >= 'A' && a <= 'z')\n      ~ ^  ~~~\npart1-functions.c:114:21: error: ordered comparison between pointer and integer ('const char *' and 'int') [-Werror]\n  if (a >= 'A' && a <= 'z')\n                  ~ ^  ~~~\npart1-functions.c:146:5: error: assigning to 'float *' from incompatible type 'double'\n  p = 12.5;\n    ^ ~~~~\npart1-functions.c:213:3: error: statement requires expression of integer type ('const char *' invalid)\n  switch (s) {\n  ^       ~\npart1-functions.c:214:8: error: expression is not an integer constant expression\n  case \"blue\":\n       ^~~~~~\npart1-functions.c:218:8: error: expression is not an integer constant expression\n  case \"orange\":\n       ^~~~~~~~\npart1-functions.c:266:48: error: format specifies type 'double' but the argument has type 'int' [-Werror,-Wformat]\n  printf(\"The radius of the circle is: %f.\\n\", d / 2);\n                                       ~~      ^~~~~\n                                       %d\npart1-functions.c:276:5: error: cannot assign to variable 'k' with const-qualified type 'const int'\n  k = k * k;\n  ~ ^\npart1-functions.c:275:25: note: variable 'k' declared const here\nvoid eighteen(const int k) {\n              ~~~~~~~~~~^\npart1-functions.c:277:5: error: cannot assign to variable 'k' with const-qualified type 'const int'\n  k += k;\n  ~ ^\npart1-functions.c:275:25: note: variable 'k' declared const here\nvoid eighteen(const int k) {\n              ~~~~~~~~~~^\npart1-functions.c:278:5: error: cannot assign to variable 'k' with const-qualified type 'const int'\n  k *= k;\n  ~ ^\npart1-functions.c:275:25: note: variable 'k' declared const here\nvoid eighteen(const int k) {\n              ~~~~~~~~~~^\npart1-functions.c:279:5: error: cannot assign to variable 'k' with const-qualified type 'const int'\n  k -= 1;\n  ~ ^\npart1-functions.c:275:25: note: variable 'k' declared const here\nvoid eighteen(const int k) {\n              ~~~~~~~~~~^\npart1-functions.c:307:30: warning: unused parameter 'value' [-Wunused-parameter]\nlong int clear_bits(long int value, long int flag) {\n                             ^\npart1-functions.c:307:46: warning: unused parameter 'flag' [-Wunused-parameter]\nlong int clear_bits(long int value, long int flag) {\n                                             ^\npart1-functions.c:337:28: warning: unused parameter 'transition' [-Wunused-parameter]\nint little_automaton(int (*transition)(int, char), const char *input_string) {\n                           ^\npart1-functions.c:337:64: warning: unused parameter 'input_string' [-Wunused-parameter]\nint little_automaton(int (*transition)(int, char), const char *input_string) {\n                                                               ^\n4 warnings and 18 errors generated.\nmake: *** [.objs/part1-functions-release.o] Error 1\n",
        "name": "part1_test4",
        "ptsPossible": 1.0
      },
      {
        "description": "Part1: Test function 5",
        "ptsEarned": 0.0,
        "log": "Trying to compile your code...\nFAILED TO COMPILE!\npart1-functions.c:22:3: error: use of undeclared identifier 'cout'\n  cout << a << \"^2 + \" << b << \"^2 = \" << c << endl;\n  ^\npart1-functions.c:22:48: error: use of undeclared identifier 'endl'\n  cout << a << \"^2 + \" << b << \"^2 = \" << c << endl;\n                                               ^\npart1-functions.c:39:13: error: ordered comparison between pointer and integer ('const char *' and 'int') [-Werror]\n  if (grade > 70)\n      ~~~~~ ^ ~~\npart1-functions.c:40:28: error: format specifies type 'int' but the argument has type 'const char *' [-Werror,-Wformat]\n    printf(\"%d passed!\\n\", grade);\n            ~~             ^~~~~\n            %s\npart1-functions.c:42:32: error: format specifies type 'int' but the argument has type 'const char *' [-Werror,-Wformat]\n    printf(\"%d not passed!\\n\", grade);\n            ~~                 ^~~~~\n            %s\npart1-functions.c:51:8: error: incompatible integer to pointer conversion initializing 'int *' with an expression of type 'int'; take the address with & [-Werror,-Wint-conversion]\n  int *p = x;\n       ^   ~\n           &\npart1-functions.c:101:10: error: incompatible integer to pointer conversion initializing 'float *' with an expression of type 'const int' [-Werror,-Wint-conversion]\n  float *p = *x;\n         ^   ~~\npart1-functions.c:114:9: error: ordered comparison between pointer and integer ('const char *' and 'int') [-Werror]\n  if (a >= 'A' && a <= 'z')\n      ~ ^  ~~~\npart1-functions.c:114:21: error: ordered comparison between pointer and integer ('const char *' and 'int') [-Werror]\n  if (a >= 'A' && a <= 'z')\n                  ~ ^  ~~~\npart1-functions.c:146:5: error: assigning to 'float *' from incompatible type 'double'\n  p = 12.5;\n    ^ ~~~~\npart1-functions.c:213:3: error: statement requires expression of integer type ('const char *' invalid)\n  switch (s) {\n  ^       ~\npart1-functions.c:214:8: error: expression is not an integer constant expression\n  case \"blue\":\n       ^~~~~~\npart1-functions.c:218:8: error: expression is not an integer constant expression\n  case \"orange\":\n       ^~~~~~~~\npart1-functions.c:266:48: error: format specifies type 'double' but the argument has type 'int' [-Werror,-Wformat]\n  printf(\"The radius of the circle is: %f.\\n\", d / 2);\n                                       ~~      ^~~~~\n                                       %d\npart1-functions.c:276:5: error: cannot assign to variable 'k' with const-qualified type 'const int'\n  k = k * k;\n  ~ ^\npart1-functions.c:275:25: note: variable 'k' declared const here\nvoid eighteen(const int k) {\n              ~~~~~~~~~~^\npart1-functions.c:277:5: error: cannot assign to variable 'k' with const-qualified type 'const int'\n  k += k;\n  ~ ^\npart1-functions.c:275:25: note: variable 'k' declared const here\nvoid eighteen(const int k) {\n              ~~~~~~~~~~^\npart1-functions.c:278:5: error: cannot assign to variable 'k' with const-qualified type 'const int'\n  k *= k;\n  ~ ^\npart1-functions.c:275:25: note: variable 'k' declared const here\nvoid eighteen(const int k) {\n              ~~~~~~~~~~^\npart1-functions.c:279:5: error: cannot assign to variable 'k' with const-qualified type 'const int'\n  k -= 1;\n  ~ ^\npart1-functions.c:275:25: note: variable 'k' declared const here\nvoid eighteen(const int k) {\n              ~~~~~~~~~~^\npart1-functions.c:307:30: warning: unused parameter 'value' [-Wunused-parameter]\nlong int clear_bits(long int value, long int flag) {\n                             ^\npart1-functions.c:307:46: warning: unused parameter 'flag' [-Wunused-parameter]\nlong int clear_bits(long int value, long int flag) {\n                                             ^\npart1-functions.c:337:28: warning: unused parameter 'transition' [-Wunused-parameter]\nint little_automaton(int (*transition)(int, char), const char *input_string) {\n                           ^\npart1-functions.c:337:64: warning: unused parameter 'input_string' [-Wunused-parameter]\nint little_automaton(int (*transition)(int, char), const char *input_string) {\n                                                               ^\n4 warnings and 18 errors generated.\nmake: *** [.objs/part1-functions-release.o] Error 1\n",
        "name": "part1_test5",
        "ptsPossible": 1.0
      },
      {
        "description": "Part1: Test function 6",
        "ptsEarned": 0.0,
        "log": "Trying to compile your code...\nFAILED TO COMPILE!\npart1-functions.c:22:3: error: use of undeclared identifier 'cout'\n  cout << a << \"^2 + \" << b << \"^2 = \" << c << endl;\n  ^\npart1-functions.c:22:48: error: use of undeclared identifier 'endl'\n  cout << a << \"^2 + \" << b << \"^2 = \" << c << endl;\n                                               ^\npart1-functions.c:39:13: error: ordered comparison between pointer and integer ('const char *' and 'int') [-Werror]\n  if (grade > 70)\n      ~~~~~ ^ ~~\npart1-functions.c:40:28: error: format specifies type 'int' but the argument has type 'const char *' [-Werror,-Wformat]\n    printf(\"%d passed!\\n\", grade);\n            ~~             ^~~~~\n            %s\npart1-functions.c:42:32: error: format specifies type 'int' but the argument has type 'const char *' [-Werror,-Wformat]\n    printf(\"%d not passed!\\n\", grade);\n            ~~                 ^~~~~\n            %s\npart1-functions.c:51:8: error: incompatible integer to pointer conversion initializing 'int *' with an expression of type 'int'; take the address with & [-Werror,-Wint-conversion]\n  int *p = x;\n       ^   ~\n           &\npart1-functions.c:101:10: error: incompatible integer to pointer conversion initializing 'float *' with an expression of type 'const int' [-Werror,-Wint-conversion]\n  float *p = *x;\n         ^   ~~\npart1-functions.c:114:9: error: ordered comparison between pointer and integer ('const char *' and 'int') [-Werror]\n  if (a >= 'A' && a <= 'z')\n      ~ ^  ~~~\npart1-functions.c:114:21: error: ordered comparison between pointer and integer ('const char *' and 'int') [-Werror]\n  if (a >= 'A' && a <= 'z')\n                  ~ ^  ~~~\npart1-functions.c:146:5: error: assigning to 'float *' from incompatible type 'double'\n  p = 12.5;\n    ^ ~~~~\npart1-functions.c:213:3: error: statement requires expression of integer type ('const char *' invalid)\n  switch (s) {\n  ^       ~\npart1-functions.c:214:8: error: expression is not an integer constant expression\n  case \"blue\":\n       ^~~~~~\npart1-functions.c:218:8: error: expression is not an integer constant expression\n  case \"orange\":\n       ^~~~~~~~\npart1-functions.c:266:48: error: format specifies type 'double' but the argument has type 'int' [-Werror,-Wformat]\n  printf(\"The radius of the circle is: %f.\\n\", d / 2);\n                                       ~~      ^~~~~\n                                       %d\npart1-functions.c:276:5: error: cannot assign to variable 'k' with const-qualified type 'const int'\n  k = k * k;\n  ~ ^\npart1-functions.c:275:25: note: variable 'k' declared const here\nvoid eighteen(const int k) {\n              ~~~~~~~~~~^\npart1-functions.c:277:5: error: cannot assign to variable 'k' with const-qualified type 'const int'\n  k += k;\n  ~ ^\npart1-functions.c:275:25: note: variable 'k' declared const here\nvoid eighteen(const int k) {\n              ~~~~~~~~~~^\npart1-functions.c:278:5: error: cannot assign to variable 'k' with const-qualified type 'const int'\n  k *= k;\n  ~ ^\npart1-functions.c:275:25: note: variable 'k' declared const here\nvoid eighteen(const int k) {\n              ~~~~~~~~~~^\npart1-functions.c:279:5: error: cannot assign to variable 'k' with const-qualified type 'const int'\n  k -= 1;\n  ~ ^\npart1-functions.c:275:25: note: variable 'k' declared const here\nvoid eighteen(const int k) {\n              ~~~~~~~~~~^\npart1-functions.c:307:30: warning: unused parameter 'value' [-Wunused-parameter]\nlong int clear_bits(long int value, long int flag) {\n                             ^\npart1-functions.c:307:46: warning: unused parameter 'flag' [-Wunused-parameter]\nlong int clear_bits(long int value, long int flag) {\n                                             ^\npart1-functions.c:337:28: warning: unused parameter 'transition' [-Wunused-parameter]\nint little_automaton(int (*transition)(int, char), const char *input_string) {\n                           ^\npart1-functions.c:337:64: warning: unused parameter 'input_string' [-Wunused-parameter]\nint little_automaton(int (*transition)(int, char), const char *input_string) {\n                                                               ^\n4 warnings and 18 errors generated.\nmake: *** [.objs/part1-functions-release.o] Error 1\n",
        "name": "part1_test6",
        "ptsPossible": 1.0
      },
      {
        "description": "Part1: Test function 7",
        "ptsEarned": 0.0,
        "log": "Trying to compile your code...\nFAILED TO COMPILE!\npart1-functions.c:22:3: error: use of undeclared identifier 'cout'\n  cout << a << \"^2 + \" << b << \"^2 = \" << c << endl;\n  ^\npart1-functions.c:22:48: error: use of undeclared identifier 'endl'\n  cout << a << \"^2 + \" << b << \"^2 = \" << c << endl;\n                                               ^\npart1-functions.c:39:13: error: ordered comparison between pointer and integer ('const char *' and 'int') [-Werror]\n  if (grade > 70)\n      ~~~~~ ^ ~~\npart1-functions.c:40:28: error: format specifies type 'int' but the argument has type 'const char *' [-Werror,-Wformat]\n    printf(\"%d passed!\\n\", grade);\n            ~~             ^~~~~\n            %s\npart1-functions.c:42:32: error: format specifies type 'int' but the argument has type 'const char *' [-Werror,-Wformat]\n    printf(\"%d not passed!\\n\", grade);\n            ~~                 ^~~~~\n            %s\npart1-functions.c:51:8: error: incompatible integer to pointer conversion initializing 'int *' with an expression of type 'int'; take the address with & [-Werror,-Wint-conversion]\n  int *p = x;\n       ^   ~\n           &\npart1-functions.c:101:10: error: incompatible integer to pointer conversion initializing 'float *' with an expression of type 'const int' [-Werror,-Wint-conversion]\n  float *p = *x;\n         ^   ~~\npart1-functions.c:114:9: error: ordered comparison between pointer and integer ('const char *' and 'int') [-Werror]\n  if (a >= 'A' && a <= 'z')\n      ~ ^  ~~~\npart1-functions.c:114:21: error: ordered comparison between pointer and integer ('const char *' and 'int') [-Werror]\n  if (a >= 'A' && a <= 'z')\n                  ~ ^  ~~~\npart1-functions.c:146:5: error: assigning to 'float *' from incompatible type 'double'\n  p = 12.5;\n    ^ ~~~~\npart1-functions.c:213:3: error: statement requires expression of integer type ('const char *' invalid)\n  switch (s) {\n  ^       ~\npart1-functions.c:214:8: error: expression is not an integer constant expression\n  case \"blue\":\n       ^~~~~~\npart1-functions.c:218:8: error: expression is not an integer constant expression\n  case \"orange\":\n       ^~~~~~~~\npart1-functions.c:266:48: error: format specifies type 'double' but the argument has type 'int' [-Werror,-Wformat]\n  printf(\"The radius of the circle is: %f.\\n\", d / 2);\n                                       ~~      ^~~~~\n                                       %d\npart1-functions.c:276:5: error: cannot assign to variable 'k' with const-qualified type 'const int'\n  k = k * k;\n  ~ ^\npart1-functions.c:275:25: note: variable 'k' declared const here\nvoid eighteen(const int k) {\n              ~~~~~~~~~~^\npart1-functions.c:277:5: error: cannot assign to variable 'k' with const-qualified type 'const int'\n  k += k;\n  ~ ^\npart1-functions.c:275:25: note: variable 'k' declared const here\nvoid eighteen(const int k) {\n              ~~~~~~~~~~^\npart1-functions.c:278:5: error: cannot assign to variable 'k' with const-qualified type 'const int'\n  k *= k;\n  ~ ^\npart1-functions.c:275:25: note: variable 'k' declared const here\nvoid eighteen(const int k) {\n              ~~~~~~~~~~^\npart1-functions.c:279:5: error: cannot assign to variable 'k' with const-qualified type 'const int'\n  k -= 1;\n  ~ ^\npart1-functions.c:275:25: note: variable 'k' declared const here\nvoid eighteen(const int k) {\n              ~~~~~~~~~~^\npart1-functions.c:307:30: warning: unused parameter 'value' [-Wunused-parameter]\nlong int clear_bits(long int value, long int flag) {\n                             ^\npart1-functions.c:307:46: warning: unused parameter 'flag' [-Wunused-parameter]\nlong int clear_bits(long int value, long int flag) {\n                                             ^\npart1-functions.c:337:28: warning: unused parameter 'transition' [-Wunused-parameter]\nint little_automaton(int (*transition)(int, char), const char *input_string) {\n                           ^\npart1-functions.c:337:64: warning: unused parameter 'input_string' [-Wunused-parameter]\nint little_automaton(int (*transition)(int, char), const char *input_string) {\n                                                               ^\n4 warnings and 18 errors generated.\nmake: *** [.objs/part1-functions-release.o] Error 1\n",
        "name": "part1_test7",
        "ptsPossible": 1.0
      },
      {
        "description": "Part1: Test function 8",
        "ptsEarned": 0.0,
        "log": "Trying to compile your code...\nFAILED TO COMPILE!\npart1-functions.c:22:3: error: use of undeclared identifier 'cout'\n  cout << a << \"^2 + \" << b << \"^2 = \" << c << endl;\n  ^\npart1-functions.c:22:48: error: use of undeclared identifier 'endl'\n  cout << a << \"^2 + \" << b << \"^2 = \" << c << endl;\n                                               ^\npart1-functions.c:39:13: error: ordered comparison between pointer and integer ('const char *' and 'int') [-Werror]\n  if (grade > 70)\n      ~~~~~ ^ ~~\npart1-functions.c:40:28: error: format specifies type 'int' but the argument has type 'const char *' [-Werror,-Wformat]\n    printf(\"%d passed!\\n\", grade);\n            ~~             ^~~~~\n            %s\npart1-functions.c:42:32: error: format specifies type 'int' but the argument has type 'const char *' [-Werror,-Wformat]\n    printf(\"%d not passed!\\n\", grade);\n            ~~                 ^~~~~\n            %s\npart1-functions.c:51:8: error: incompatible integer to pointer conversion initializing 'int *' with an expression of type 'int'; take the address with & [-Werror,-Wint-conversion]\n  int *p = x;\n       ^   ~\n           &\npart1-functions.c:101:10: error: incompatible integer to pointer conversion initializing 'float *' with an expression of type 'const int' [-Werror,-Wint-conversion]\n  float *p = *x;\n         ^   ~~\npart1-functions.c:114:9: error: ordered comparison between pointer and integer ('const char *' and 'int') [-Werror]\n  if (a >= 'A' && a <= 'z')\n      ~ ^  ~~~\npart1-functions.c:114:21: error: ordered comparison between pointer and integer ('const char *' and 'int') [-Werror]\n  if (a >= 'A' && a <= 'z')\n                  ~ ^  ~~~\npart1-functions.c:146:5: error: assigning to 'float *' from incompatible type 'double'\n  p = 12.5;\n    ^ ~~~~\npart1-functions.c:213:3: error: statement requires expression of integer type ('const char *' invalid)\n  switch (s) {\n  ^       ~\npart1-functions.c:214:8: error: expression is not an integer constant expression\n  case \"blue\":\n       ^~~~~~\npart1-functions.c:218:8: error: expression is not an integer constant expression\n  case \"orange\":\n       ^~~~~~~~\npart1-functions.c:266:48: error: format specifies type 'double' but the argument has type 'int' [-Werror,-Wformat]\n  printf(\"The radius of the circle is: %f.\\n\", d / 2);\n                                       ~~      ^~~~~\n                                       %d\npart1-functions.c:276:5: error: cannot assign to variable 'k' with const-qualified type 'const int'\n  k = k * k;\n  ~ ^\npart1-functions.c:275:25: note: variable 'k' declared const here\nvoid eighteen(const int k) {\n              ~~~~~~~~~~^\npart1-functions.c:277:5: error: cannot assign to variable 'k' with const-qualified type 'const int'\n  k += k;\n  ~ ^\npart1-functions.c:275:25: note: variable 'k' declared const here\nvoid eighteen(const int k) {\n              ~~~~~~~~~~^\npart1-functions.c:278:5: error: cannot assign to variable 'k' with const-qualified type 'const int'\n  k *= k;\n  ~ ^\npart1-functions.c:275:25: note: variable 'k' declared const here\nvoid eighteen(const int k) {\n              ~~~~~~~~~~^\npart1-functions.c:279:5: error: cannot assign to variable 'k' with const-qualified type 'const int'\n  k -= 1;\n  ~ ^\npart1-functions.c:275:25: note: variable 'k' declared const here\nvoid eighteen(const int k) {\n              ~~~~~~~~~~^\npart1-functions.c:307:30: warning: unused parameter 'value' [-Wunused-parameter]\nlong int clear_bits(long int value, long int flag) {\n                             ^\npart1-functions.c:307:46: warning: unused parameter 'flag' [-Wunused-parameter]\nlong int clear_bits(long int value, long int flag) {\n                                             ^\npart1-functions.c:337:28: warning: unused parameter 'transition' [-Wunused-parameter]\nint little_automaton(int (*transition)(int, char), const char *input_string) {\n                           ^\npart1-functions.c:337:64: warning: unused parameter 'input_string' [-Wunused-parameter]\nint little_automaton(int (*transition)(int, char), const char *input_string) {\n                                                               ^\n4 warnings and 18 errors generated.\nmake: *** [.objs/part1-functions-release.o] Error 1\n",
        "name": "part1_test8",
        "ptsPossible": 1.0
      },
      {
        "description": "Part1: Test function 9",
        "ptsEarned": 0.0,
        "log": "Trying to compile your code...\nFAILED TO COMPILE!\npart1-functions.c:22:3: error: use of undeclared identifier 'cout'\n  cout << a << \"^2 + \" << b << \"^2 = \" << c << endl;\n  ^\npart1-functions.c:22:48: error: use of undeclared identifier 'endl'\n  cout << a << \"^2 + \" << b << \"^2 = \" << c << endl;\n                                               ^\npart1-functions.c:39:13: error: ordered comparison between pointer and integer ('const char *' and 'int') [-Werror]\n  if (grade > 70)\n      ~~~~~ ^ ~~\npart1-functions.c:40:28: error: format specifies type 'int' but the argument has type 'const char *' [-Werror,-Wformat]\n    printf(\"%d passed!\\n\", grade);\n            ~~             ^~~~~\n            %s\npart1-functions.c:42:32: error: format specifies type 'int' but the argument has type 'const char *' [-Werror,-Wformat]\n    printf(\"%d not passed!\\n\", grade);\n            ~~                 ^~~~~\n            %s\npart1-functions.c:51:8: error: incompatible integer to pointer conversion initializing 'int *' with an expression of type 'int'; take the address with & [-Werror,-Wint-conversion]\n  int *p = x;\n       ^   ~\n           &\npart1-functions.c:101:10: error: incompatible integer to pointer conversion initializing 'float *' with an expression of type 'const int' [-Werror,-Wint-conversion]\n  float *p = *x;\n         ^   ~~\npart1-functions.c:114:9: error: ordered comparison between pointer and integer ('const char *' and 'int') [-Werror]\n  if (a >= 'A' && a <= 'z')\n      ~ ^  ~~~\npart1-functions.c:114:21: error: ordered comparison between pointer and integer ('const char *' and 'int') [-Werror]\n  if (a >= 'A' && a <= 'z')\n                  ~ ^  ~~~\npart1-functions.c:146:5: error: assigning to 'float *' from incompatible type 'double'\n  p = 12.5;\n    ^ ~~~~\npart1-functions.c:213:3: error: statement requires expression of integer type ('const char *' invalid)\n  switch (s) {\n  ^       ~\npart1-functions.c:214:8: error: expression is not an integer constant expression\n  case \"blue\":\n       ^~~~~~\npart1-functions.c:218:8: error: expression is not an integer constant expression\n  case \"orange\":\n       ^~~~~~~~\npart1-functions.c:266:48: error: format specifies type 'double' but the argument has type 'int' [-Werror,-Wformat]\n  printf(\"The radius of the circle is: %f.\\n\", d / 2);\n                                       ~~      ^~~~~\n                                       %d\npart1-functions.c:276:5: error: cannot assign to variable 'k' with const-qualified type 'const int'\n  k = k * k;\n  ~ ^\npart1-functions.c:275:25: note: variable 'k' declared const here\nvoid eighteen(const int k) {\n              ~~~~~~~~~~^\npart1-functions.c:277:5: error: cannot assign to variable 'k' with const-qualified type 'const int'\n  k += k;\n  ~ ^\npart1-functions.c:275:25: note: variable 'k' declared const here\nvoid eighteen(const int k) {\n              ~~~~~~~~~~^\npart1-functions.c:278:5: error: cannot assign to variable 'k' with const-qualified type 'const int'\n  k *= k;\n  ~ ^\npart1-functions.c:275:25: note: variable 'k' declared const here\nvoid eighteen(const int k) {\n              ~~~~~~~~~~^\npart1-functions.c:279:5: error: cannot assign to variable 'k' with const-qualified type 'const int'\n  k -= 1;\n  ~ ^\npart1-functions.c:275:25: note: variable 'k' declared const here\nvoid eighteen(const int k) {\n              ~~~~~~~~~~^\npart1-functions.c:307:30: warning: unused parameter 'value' [-Wunused-parameter]\nlong int clear_bits(long int value, long int flag) {\n                             ^\npart1-functions.c:307:46: warning: unused parameter 'flag' [-Wunused-parameter]\nlong int clear_bits(long int value, long int flag) {\n                                             ^\npart1-functions.c:337:28: warning: unused parameter 'transition' [-Wunused-parameter]\nint little_automaton(int (*transition)(int, char), const char *input_string) {\n                           ^\npart1-functions.c:337:64: warning: unused parameter 'input_string' [-Wunused-parameter]\nint little_automaton(int (*transition)(int, char), const char *input_string) {\n                                                               ^\n4 warnings and 18 errors generated.\nmake: *** [.objs/part1-functions-release.o] Error 1\n",
        "name": "part1_test9",
        "ptsPossible": 1.0
      },
      {
        "description": "Part1: Test function 10",
        "ptsEarned": 0.0,
        "log": "Trying to compile your code...\nFAILED TO COMPILE!\npart1-functions.c:22:3: error: use of undeclared identifier 'cout'\n  cout << a << \"^2 + \" << b << \"^2 = \" << c << endl;\n  ^\npart1-functions.c:22:48: error: use of undeclared identifier 'endl'\n  cout << a << \"^2 + \" << b << \"^2 = \" << c << endl;\n                                               ^\npart1-functions.c:39:13: error: ordered comparison between pointer and integer ('const char *' and 'int') [-Werror]\n  if (grade > 70)\n      ~~~~~ ^ ~~\npart1-functions.c:40:28: error: format specifies type 'int' but the argument has type 'const char *' [-Werror,-Wformat]\n    printf(\"%d passed!\\n\", grade);\n            ~~             ^~~~~\n            %s\npart1-functions.c:42:32: error: format specifies type 'int' but the argument has type 'const char *' [-Werror,-Wformat]\n    printf(\"%d not passed!\\n\", grade);\n            ~~                 ^~~~~\n            %s\npart1-functions.c:51:8: error: incompatible integer to pointer conversion initializing 'int *' with an expression of type 'int'; take the address with & [-Werror,-Wint-conversion]\n  int *p = x;\n       ^   ~\n           &\npart1-functions.c:101:10: error: incompatible integer to pointer conversion initializing 'float *' with an expression of type 'const int' [-Werror,-Wint-conversion]\n  float *p = *x;\n         ^   ~~\npart1-functions.c:114:9: error: ordered comparison between pointer and integer ('const char *' and 'int') [-Werror]\n  if (a >= 'A' && a <= 'z')\n      ~ ^  ~~~\npart1-functions.c:114:21: error: ordered comparison between pointer and integer ('const char *' and 'int') [-Werror]\n  if (a >= 'A' && a <= 'z')\n                  ~ ^  ~~~\npart1-functions.c:146:5: error: assigning to 'float *' from incompatible type 'double'\n  p = 12.5;\n    ^ ~~~~\npart1-functions.c:213:3: error: statement requires expression of integer type ('const char *' invalid)\n  switch (s) {\n  ^       ~\npart1-functions.c:214:8: error: expression is not an integer constant expression\n  case \"blue\":\n       ^~~~~~\npart1-functions.c:218:8: error: expression is not an integer constant expression\n  case \"orange\":\n       ^~~~~~~~\npart1-functions.c:266:48: error: format specifies type 'double' but the argument has type 'int' [-Werror,-Wformat]\n  printf(\"The radius of the circle is: %f.\\n\", d / 2);\n                                       ~~      ^~~~~\n                                       %d\npart1-functions.c:276:5: error: cannot assign to variable 'k' with const-qualified type 'const int'\n  k = k * k;\n  ~ ^\npart1-functions.c:275:25: note: variable 'k' declared const here\nvoid eighteen(const int k) {\n              ~~~~~~~~~~^\npart1-functions.c:277:5: error: cannot assign to variable 'k' with const-qualified type 'const int'\n  k += k;\n  ~ ^\npart1-functions.c:275:25: note: variable 'k' declared const here\nvoid eighteen(const int k) {\n              ~~~~~~~~~~^\npart1-functions.c:278:5: error: cannot assign to variable 'k' with const-qualified type 'const int'\n  k *= k;\n  ~ ^\npart1-functions.c:275:25: note: variable 'k' declared const here\nvoid eighteen(const int k) {\n              ~~~~~~~~~~^\npart1-functions.c:279:5: error: cannot assign to variable 'k' with const-qualified type 'const int'\n  k -= 1;\n  ~ ^\npart1-functions.c:275:25: note: variable 'k' declared const here\nvoid eighteen(const int k) {\n              ~~~~~~~~~~^\npart1-functions.c:307:30: warning: unused parameter 'value' [-Wunused-parameter]\nlong int clear_bits(long int value, long int flag) {\n                             ^\npart1-functions.c:307:46: warning: unused parameter 'flag' [-Wunused-parameter]\nlong int clear_bits(long int value, long int flag) {\n                                             ^\npart1-functions.c:337:28: warning: unused parameter 'transition' [-Wunused-parameter]\nint little_automaton(int (*transition)(int, char), const char *input_string) {\n                           ^\npart1-functions.c:337:64: warning: unused parameter 'input_string' [-Wunused-parameter]\nint little_automaton(int (*transition)(int, char), const char *input_string) {\n                                                               ^\n4 warnings and 18 errors generated.\nmake: *** [.objs/part1-functions-release.o] Error 1\n",
        "name": "part1_test10",
        "ptsPossible": 1.0
      },
      {
        "description": "Part1: Test function 11",
        "ptsEarned": 0.0,
        "log": "Trying to compile your code...\nFAILED TO COMPILE!\npart1-functions.c:22:3: error: use of undeclared identifier 'cout'\n  cout << a << \"^2 + \" << b << \"^2 = \" << c << endl;\n  ^\npart1-functions.c:22:48: error: use of undeclared identifier 'endl'\n  cout << a << \"^2 + \" << b << \"^2 = \" << c << endl;\n                                               ^\npart1-functions.c:39:13: error: ordered comparison between pointer and integer ('const char *' and 'int') [-Werror]\n  if (grade > 70)\n      ~~~~~ ^ ~~\npart1-functions.c:40:28: error: format specifies type 'int' but the argument has type 'const char *' [-Werror,-Wformat]\n    printf(\"%d passed!\\n\", grade);\n            ~~             ^~~~~\n            %s\npart1-functions.c:42:32: error: format specifies type 'int' but the argument has type 'const char *' [-Werror,-Wformat]\n    printf(\"%d not passed!\\n\", grade);\n            ~~                 ^~~~~\n            %s\npart1-functions.c:51:8: error: incompatible integer to pointer conversion initializing 'int *' with an expression of type 'int'; take the address with & [-Werror,-Wint-conversion]\n  int *p = x;\n       ^   ~\n           &\npart1-functions.c:101:10: error: incompatible integer to pointer conversion initializing 'float *' with an expression of type 'const int' [-Werror,-Wint-conversion]\n  float *p = *x;\n         ^   ~~\npart1-functions.c:114:9: error: ordered comparison between pointer and integer ('const char *' and 'int') [-Werror]\n  if (a >= 'A' && a <= 'z')\n      ~ ^  ~~~\npart1-functions.c:114:21: error: ordered comparison between pointer and integer ('const char *' and 'int') [-Werror]\n  if (a >= 'A' && a <= 'z')\n                  ~ ^  ~~~\npart1-functions.c:146:5: error: assigning to 'float *' from incompatible type 'double'\n  p = 12.5;\n    ^ ~~~~\npart1-functions.c:213:3: error: statement requires expression of integer type ('const char *' invalid)\n  switch (s) {\n  ^       ~\npart1-functions.c:214:8: error: expression is not an integer constant expression\n  case \"blue\":\n       ^~~~~~\npart1-functions.c:218:8: error: expression is not an integer constant expression\n  case \"orange\":\n       ^~~~~~~~\npart1-functions.c:266:48: error: format specifies type 'double' but the argument has type 'int' [-Werror,-Wformat]\n  printf(\"The radius of the circle is: %f.\\n\", d / 2);\n                                       ~~      ^~~~~\n                                       %d\npart1-functions.c:276:5: error: cannot assign to variable 'k' with const-qualified type 'const int'\n  k = k * k;\n  ~ ^\npart1-functions.c:275:25: note: variable 'k' declared const here\nvoid eighteen(const int k) {\n              ~~~~~~~~~~^\npart1-functions.c:277:5: error: cannot assign to variable 'k' with const-qualified type 'const int'\n  k += k;\n  ~ ^\npart1-functions.c:275:25: note: variable 'k' declared const here\nvoid eighteen(const int k) {\n              ~~~~~~~~~~^\npart1-functions.c:278:5: error: cannot assign to variable 'k' with const-qualified type 'const int'\n  k *= k;\n  ~ ^\npart1-functions.c:275:25: note: variable 'k' declared const here\nvoid eighteen(const int k) {\n              ~~~~~~~~~~^\npart1-functions.c:279:5: error: cannot assign to variable 'k' with const-qualified type 'const int'\n  k -= 1;\n  ~ ^\npart1-functions.c:275:25: note: variable 'k' declared const here\nvoid eighteen(const int k) {\n              ~~~~~~~~~~^\npart1-functions.c:307:30: warning: unused parameter 'value' [-Wunused-parameter]\nlong int clear_bits(long int value, long int flag) {\n                             ^\npart1-functions.c:307:46: warning: unused parameter 'flag' [-Wunused-parameter]\nlong int clear_bits(long int value, long int flag) {\n                                             ^\npart1-functions.c:337:28: warning: unused parameter 'transition' [-Wunused-parameter]\nint little_automaton(int (*transition)(int, char), const char *input_string) {\n                           ^\npart1-functions.c:337:64: warning: unused parameter 'input_string' [-Wunused-parameter]\nint little_automaton(int (*transition)(int, char), const char *input_string) {\n                                                               ^\n4 warnings and 18 errors generated.\nmake: *** [.objs/part1-functions-release.o] Error 1\n",
        "name": "part1_test11",
        "ptsPossible": 1.0
      },
      {
        "description": "Part1: Test function 12",
        "ptsEarned": 0.0,
        "log": "Trying to compile your code...\nFAILED TO COMPILE!\npart1-functions.c:22:3: error: use of undeclared identifier 'cout'\n  cout << a << \"^2 + \" << b << \"^2 = \" << c << endl;\n  ^\npart1-functions.c:22:48: error: use of undeclared identifier 'endl'\n  cout << a << \"^2 + \" << b << \"^2 = \" << c << endl;\n                                               ^\npart1-functions.c:39:13: error: ordered comparison between pointer and integer ('const char *' and 'int') [-Werror]\n  if (grade > 70)\n      ~~~~~ ^ ~~\npart1-functions.c:40:28: error: format specifies type 'int' but the argument has type 'const char *' [-Werror,-Wformat]\n    printf(\"%d passed!\\n\", grade);\n            ~~             ^~~~~\n            %s\npart1-functions.c:42:32: error: format specifies type 'int' but the argument has type 'const char *' [-Werror,-Wformat]\n    printf(\"%d not passed!\\n\", grade);\n            ~~                 ^~~~~\n            %s\npart1-functions.c:51:8: error: incompatible integer to pointer conversion initializing 'int *' with an expression of type 'int'; take the address with & [-Werror,-Wint-conversion]\n  int *p = x;\n       ^   ~\n           &\npart1-functions.c:101:10: error: incompatible integer to pointer conversion initializing 'float *' with an expression of type 'const int' [-Werror,-Wint-conversion]\n  float *p = *x;\n         ^   ~~\npart1-functions.c:114:9: error: ordered comparison between pointer and integer ('const char *' and 'int') [-Werror]\n  if (a >= 'A' && a <= 'z')\n      ~ ^  ~~~\npart1-functions.c:114:21: error: ordered comparison between pointer and integer ('const char *' and 'int') [-Werror]\n  if (a >= 'A' && a <= 'z')\n                  ~ ^  ~~~\npart1-functions.c:146:5: error: assigning to 'float *' from incompatible type 'double'\n  p = 12.5;\n    ^ ~~~~\npart1-functions.c:213:3: error: statement requires expression of integer type ('const char *' invalid)\n  switch (s) {\n  ^       ~\npart1-functions.c:214:8: error: expression is not an integer constant expression\n  case \"blue\":\n       ^~~~~~\npart1-functions.c:218:8: error: expression is not an integer constant expression\n  case \"orange\":\n       ^~~~~~~~\npart1-functions.c:266:48: error: format specifies type 'double' but the argument has type 'int' [-Werror,-Wformat]\n  printf(\"The radius of the circle is: %f.\\n\", d / 2);\n                                       ~~      ^~~~~\n                                       %d\npart1-functions.c:276:5: error: cannot assign to variable 'k' with const-qualified type 'const int'\n  k = k * k;\n  ~ ^\npart1-functions.c:275:25: note: variable 'k' declared const here\nvoid eighteen(const int k) {\n              ~~~~~~~~~~^\npart1-functions.c:277:5: error: cannot assign to variable 'k' with const-qualified type 'const int'\n  k += k;\n  ~ ^\npart1-functions.c:275:25: note: variable 'k' declared const here\nvoid eighteen(const int k) {\n              ~~~~~~~~~~^\npart1-functions.c:278:5: error: cannot assign to variable 'k' with const-qualified type 'const int'\n  k *= k;\n  ~ ^\npart1-functions.c:275:25: note: variable 'k' declared const here\nvoid eighteen(const int k) {\n              ~~~~~~~~~~^\npart1-functions.c:279:5: error: cannot assign to variable 'k' with const-qualified type 'const int'\n  k -= 1;\n  ~ ^\npart1-functions.c:275:25: note: variable 'k' declared const here\nvoid eighteen(const int k) {\n              ~~~~~~~~~~^\npart1-functions.c:307:30: warning: unused parameter 'value' [-Wunused-parameter]\nlong int clear_bits(long int value, long int flag) {\n                             ^\npart1-functions.c:307:46: warning: unused parameter 'flag' [-Wunused-parameter]\nlong int clear_bits(long int value, long int flag) {\n                                             ^\npart1-functions.c:337:28: warning: unused parameter 'transition' [-Wunused-parameter]\nint little_automaton(int (*transition)(int, char), const char *input_string) {\n                           ^\npart1-functions.c:337:64: warning: unused parameter 'input_string' [-Wunused-parameter]\nint little_automaton(int (*transition)(int, char), const char *input_string) {\n                                                               ^\n4 warnings and 18 errors generated.\nmake: *** [.objs/part1-functions-release.o] Error 1\n",
        "name": "part1_test12",
        "ptsPossible": 1.0
      },
      {
        "description": "Part1: Test function 13",
        "ptsEarned": 0.0,
        "log": "Trying to compile your code...\nFAILED TO COMPILE!\npart1-functions.c:22:3: error: use of undeclared identifier 'cout'\n  cout << a << \"^2 + \" << b << \"^2 = \" << c << endl;\n  ^\npart1-functions.c:22:48: error: use of undeclared identifier 'endl'\n  cout << a << \"^2 + \" << b << \"^2 = \" << c << endl;\n                                               ^\npart1-functions.c:39:13: error: ordered comparison between pointer and integer ('const char *' and 'int') [-Werror]\n  if (grade > 70)\n      ~~~~~ ^ ~~\npart1-functions.c:40:28: error: format specifies type 'int' but the argument has type 'const char *' [-Werror,-Wformat]\n    printf(\"%d passed!\\n\", grade);\n            ~~             ^~~~~\n            %s\npart1-functions.c:42:32: error: format specifies type 'int' but the argument has type 'const char *' [-Werror,-Wformat]\n    printf(\"%d not passed!\\n\", grade);\n            ~~                 ^~~~~\n            %s\npart1-functions.c:51:8: error: incompatible integer to pointer conversion initializing 'int *' with an expression of type 'int'; take the address with & [-Werror,-Wint-conversion]\n  int *p = x;\n       ^   ~\n           &\npart1-functions.c:101:10: error: incompatible integer to pointer conversion initializing 'float *' with an expression of type 'const int' [-Werror,-Wint-conversion]\n  float *p = *x;\n         ^   ~~\npart1-functions.c:114:9: error: ordered comparison between pointer and integer ('const char *' and 'int') [-Werror]\n  if (a >= 'A' && a <= 'z')\n      ~ ^  ~~~\npart1-functions.c:114:21: error: ordered comparison between pointer and integer ('const char *' and 'int') [-Werror]\n  if (a >= 'A' && a <= 'z')\n                  ~ ^  ~~~\npart1-functions.c:146:5: error: assigning to 'float *' from incompatible type 'double'\n  p = 12.5;\n    ^ ~~~~\npart1-functions.c:213:3: error: statement requires expression of integer type ('const char *' invalid)\n  switch (s) {\n  ^       ~\npart1-functions.c:214:8: error: expression is not an integer constant expression\n  case \"blue\":\n       ^~~~~~\npart1-functions.c:218:8: error: expression is not an integer constant expression\n  case \"orange\":\n       ^~~~~~~~\npart1-functions.c:266:48: error: format specifies type 'double' but the argument has type 'int' [-Werror,-Wformat]\n  printf(\"The radius of the circle is: %f.\\n\", d / 2);\n                                       ~~      ^~~~~\n                                       %d\npart1-functions.c:276:5: error: cannot assign to variable 'k' with const-qualified type 'const int'\n  k = k * k;\n  ~ ^\npart1-functions.c:275:25: note: variable 'k' declared const here\nvoid eighteen(const int k) {\n              ~~~~~~~~~~^\npart1-functions.c:277:5: error: cannot assign to variable 'k' with const-qualified type 'const int'\n  k += k;\n  ~ ^\npart1-functions.c:275:25: note: variable 'k' declared const here\nvoid eighteen(const int k) {\n              ~~~~~~~~~~^\npart1-functions.c:278:5: error: cannot assign to variable 'k' with const-qualified type 'const int'\n  k *= k;\n  ~ ^\npart1-functions.c:275:25: note: variable 'k' declared const here\nvoid eighteen(const int k) {\n              ~~~~~~~~~~^\npart1-functions.c:279:5: error: cannot assign to variable 'k' with const-qualified type 'const int'\n  k -= 1;\n  ~ ^\npart1-functions.c:275:25: note: variable 'k' declared const here\nvoid eighteen(const int k) {\n              ~~~~~~~~~~^\npart1-functions.c:307:30: warning: unused parameter 'value' [-Wunused-parameter]\nlong int clear_bits(long int value, long int flag) {\n                             ^\npart1-functions.c:307:46: warning: unused parameter 'flag' [-Wunused-parameter]\nlong int clear_bits(long int value, long int flag) {\n                                             ^\npart1-functions.c:337:28: warning: unused parameter 'transition' [-Wunused-parameter]\nint little_automaton(int (*transition)(int, char), const char *input_string) {\n                           ^\npart1-functions.c:337:64: warning: unused parameter 'input_string' [-Wunused-parameter]\nint little_automaton(int (*transition)(int, char), const char *input_string) {\n                                                               ^\n4 warnings and 18 errors generated.\nmake: *** [.objs/part1-functions-release.o] Error 1\n",
        "name": "part1_test13",
        "ptsPossible": 1.0
      },
      {
        "description": "Part1: Test function 14",
        "ptsEarned": 0.0,
        "log": "Trying to compile your code...\nFAILED TO COMPILE!\npart1-functions.c:22:3: error: use of undeclared identifier 'cout'\n  cout << a << \"^2 + \" << b << \"^2 = \" << c << endl;\n  ^\npart1-functions.c:22:48: error: use of undeclared identifier 'endl'\n  cout << a << \"^2 + \" << b << \"^2 = \" << c << endl;\n                                               ^\npart1-functions.c:39:13: error: ordered comparison between pointer and integer ('const char *' and 'int') [-Werror]\n  if (grade > 70)\n      ~~~~~ ^ ~~\npart1-functions.c:40:28: error: format specifies type 'int' but the argument has type 'const char *' [-Werror,-Wformat]\n    printf(\"%d passed!\\n\", grade);\n            ~~             ^~~~~\n            %s\npart1-functions.c:42:32: error: format specifies type 'int' but the argument has type 'const char *' [-Werror,-Wformat]\n    printf(\"%d not passed!\\n\", grade);\n            ~~                 ^~~~~\n            %s\npart1-functions.c:51:8: error: incompatible integer to pointer conversion initializing 'int *' with an expression of type 'int'; take the address with & [-Werror,-Wint-conversion]\n  int *p = x;\n       ^   ~\n           &\npart1-functions.c:101:10: error: incompatible integer to pointer conversion initializing 'float *' with an expression of type 'const int' [-Werror,-Wint-conversion]\n  float *p = *x;\n         ^   ~~\npart1-functions.c:114:9: error: ordered comparison between pointer and integer ('const char *' and 'int') [-Werror]\n  if (a >= 'A' && a <= 'z')\n      ~ ^  ~~~\npart1-functions.c:114:21: error: ordered comparison between pointer and integer ('const char *' and 'int') [-Werror]\n  if (a >= 'A' && a <= 'z')\n                  ~ ^  ~~~\npart1-functions.c:146:5: error: assigning to 'float *' from incompatible type 'double'\n  p = 12.5;\n    ^ ~~~~\npart1-functions.c:213:3: error: statement requires expression of integer type ('const char *' invalid)\n  switch (s) {\n  ^       ~\npart1-functions.c:214:8: error: expression is not an integer constant expression\n  case \"blue\":\n       ^~~~~~\npart1-functions.c:218:8: error: expression is not an integer constant expression\n  case \"orange\":\n       ^~~~~~~~\npart1-functions.c:266:48: error: format specifies type 'double' but the argument has type 'int' [-Werror,-Wformat]\n  printf(\"The radius of the circle is: %f.\\n\", d / 2);\n                                       ~~      ^~~~~\n                                       %d\npart1-functions.c:276:5: error: cannot assign to variable 'k' with const-qualified type 'const int'\n  k = k * k;\n  ~ ^\npart1-functions.c:275:25: note: variable 'k' declared const here\nvoid eighteen(const int k) {\n              ~~~~~~~~~~^\npart1-functions.c:277:5: error: cannot assign to variable 'k' with const-qualified type 'const int'\n  k += k;\n  ~ ^\npart1-functions.c:275:25: note: variable 'k' declared const here\nvoid eighteen(const int k) {\n              ~~~~~~~~~~^\npart1-functions.c:278:5: error: cannot assign to variable 'k' with const-qualified type 'const int'\n  k *= k;\n  ~ ^\npart1-functions.c:275:25: note: variable 'k' declared const here\nvoid eighteen(const int k) {\n              ~~~~~~~~~~^\npart1-functions.c:279:5: error: cannot assign to variable 'k' with const-qualified type 'const int'\n  k -= 1;\n  ~ ^\npart1-functions.c:275:25: note: variable 'k' declared const here\nvoid eighteen(const int k) {\n              ~~~~~~~~~~^\npart1-functions.c:307:30: warning: unused parameter 'value' [-Wunused-parameter]\nlong int clear_bits(long int value, long int flag) {\n                             ^\npart1-functions.c:307:46: warning: unused parameter 'flag' [-Wunused-parameter]\nlong int clear_bits(long int value, long int flag) {\n                                             ^\npart1-functions.c:337:28: warning: unused parameter 'transition' [-Wunused-parameter]\nint little_automaton(int (*transition)(int, char), const char *input_string) {\n                           ^\npart1-functions.c:337:64: warning: unused parameter 'input_string' [-Wunused-parameter]\nint little_automaton(int (*transition)(int, char), const char *input_string) {\n                                                               ^\n4 warnings and 18 errors generated.\nmake: *** [.objs/part1-functions-release.o] Error 1\n",
        "name": "part1_test14",
        "ptsPossible": 1.0
      },
      {
        "description": "Part1: Test function 15",
        "ptsEarned": 0.0,
        "log": "Trying to compile your code...\nFAILED TO COMPILE!\npart1-functions.c:22:3: error: use of undeclared identifier 'cout'\n  cout << a << \"^2 + \" << b << \"^2 = \" << c << endl;\n  ^\npart1-functions.c:22:48: error: use of undeclared identifier 'endl'\n  cout << a << \"^2 + \" << b << \"^2 = \" << c << endl;\n                                               ^\npart1-functions.c:39:13: error: ordered comparison between pointer and integer ('const char *' and 'int') [-Werror]\n  if (grade > 70)\n      ~~~~~ ^ ~~\npart1-functions.c:40:28: error: format specifies type 'int' but the argument has type 'const char *' [-Werror,-Wformat]\n    printf(\"%d passed!\\n\", grade);\n            ~~             ^~~~~\n            %s\npart1-functions.c:42:32: error: format specifies type 'int' but the argument has type 'const char *' [-Werror,-Wformat]\n    printf(\"%d not passed!\\n\", grade);\n            ~~                 ^~~~~\n            %s\npart1-functions.c:51:8: error: incompatible integer to pointer conversion initializing 'int *' with an expression of type 'int'; take the address with & [-Werror,-Wint-conversion]\n  int *p = x;\n       ^   ~\n           &\npart1-functions.c:101:10: error: incompatible integer to pointer conversion initializing 'float *' with an expression of type 'const int' [-Werror,-Wint-conversion]\n  float *p = *x;\n         ^   ~~\npart1-functions.c:114:9: error: ordered comparison between pointer and integer ('const char *' and 'int') [-Werror]\n  if (a >= 'A' && a <= 'z')\n      ~ ^  ~~~\npart1-functions.c:114:21: error: ordered comparison between pointer and integer ('const char *' and 'int') [-Werror]\n  if (a >= 'A' && a <= 'z')\n                  ~ ^  ~~~\npart1-functions.c:146:5: error: assigning to 'float *' from incompatible type 'double'\n  p = 12.5;\n    ^ ~~~~\npart1-functions.c:213:3: error: statement requires expression of integer type ('const char *' invalid)\n  switch (s) {\n  ^       ~\npart1-functions.c:214:8: error: expression is not an integer constant expression\n  case \"blue\":\n       ^~~~~~\npart1-functions.c:218:8: error: expression is not an integer constant expression\n  case \"orange\":\n       ^~~~~~~~\npart1-functions.c:266:48: error: format specifies type 'double' but the argument has type 'int' [-Werror,-Wformat]\n  printf(\"The radius of the circle is: %f.\\n\", d / 2);\n                                       ~~      ^~~~~\n                                       %d\npart1-functions.c:276:5: error: cannot assign to variable 'k' with const-qualified type 'const int'\n  k = k * k;\n  ~ ^\npart1-functions.c:275:25: note: variable 'k' declared const here\nvoid eighteen(const int k) {\n              ~~~~~~~~~~^\npart1-functions.c:277:5: error: cannot assign to variable 'k' with const-qualified type 'const int'\n  k += k;\n  ~ ^\npart1-functions.c:275:25: note: variable 'k' declared const here\nvoid eighteen(const int k) {\n              ~~~~~~~~~~^\npart1-functions.c:278:5: error: cannot assign to variable 'k' with const-qualified type 'const int'\n  k *= k;\n  ~ ^\npart1-functions.c:275:25: note: variable 'k' declared const here\nvoid eighteen(const int k) {\n              ~~~~~~~~~~^\npart1-functions.c:279:5: error: cannot assign to variable 'k' with const-qualified type 'const int'\n  k -= 1;\n  ~ ^\npart1-functions.c:275:25: note: variable 'k' declared const here\nvoid eighteen(const int k) {\n              ~~~~~~~~~~^\npart1-functions.c:307:30: warning: unused parameter 'value' [-Wunused-parameter]\nlong int clear_bits(long int value, long int flag) {\n                             ^\npart1-functions.c:307:46: warning: unused parameter 'flag' [-Wunused-parameter]\nlong int clear_bits(long int value, long int flag) {\n                                             ^\npart1-functions.c:337:28: warning: unused parameter 'transition' [-Wunused-parameter]\nint little_automaton(int (*transition)(int, char), const char *input_string) {\n                           ^\npart1-functions.c:337:64: warning: unused parameter 'input_string' [-Wunused-parameter]\nint little_automaton(int (*transition)(int, char), const char *input_string) {\n                                                               ^\n4 warnings and 18 errors generated.\nmake: *** [.objs/part1-functions-release.o] Error 1\n",
        "name": "part1_test15",
        "ptsPossible": 1.0
      },
      {
        "description": "Part1: Test function 16",
        "ptsEarned": 0.0,
        "log": "Trying to compile your code...\nFAILED TO COMPILE!\npart1-functions.c:22:3: error: use of undeclared identifier 'cout'\n  cout << a << \"^2 + \" << b << \"^2 = \" << c << endl;\n  ^\npart1-functions.c:22:48: error: use of undeclared identifier 'endl'\n  cout << a << \"^2 + \" << b << \"^2 = \" << c << endl;\n                                               ^\npart1-functions.c:39:13: error: ordered comparison between pointer and integer ('const char *' and 'int') [-Werror]\n  if (grade > 70)\n      ~~~~~ ^ ~~\npart1-functions.c:40:28: error: format specifies type 'int' but the argument has type 'const char *' [-Werror,-Wformat]\n    printf(\"%d passed!\\n\", grade);\n            ~~             ^~~~~\n            %s\npart1-functions.c:42:32: error: format specifies type 'int' but the argument has type 'const char *' [-Werror,-Wformat]\n    printf(\"%d not passed!\\n\", grade);\n            ~~                 ^~~~~\n            %s\npart1-functions.c:51:8: error: incompatible integer to pointer conversion initializing 'int *' with an expression of type 'int'; take the address with & [-Werror,-Wint-conversion]\n  int *p = x;\n       ^   ~\n           &\npart1-functions.c:101:10: error: incompatible integer to pointer conversion initializing 'float *' with an expression of type 'const int' [-Werror,-Wint-conversion]\n  float *p = *x;\n         ^   ~~\npart1-functions.c:114:9: error: ordered comparison between pointer and integer ('const char *' and 'int') [-Werror]\n  if (a >= 'A' && a <= 'z')\n      ~ ^  ~~~\npart1-functions.c:114:21: error: ordered comparison between pointer and integer ('const char *' and 'int') [-Werror]\n  if (a >= 'A' && a <= 'z')\n                  ~ ^  ~~~\npart1-functions.c:146:5: error: assigning to 'float *' from incompatible type 'double'\n  p = 12.5;\n    ^ ~~~~\npart1-functions.c:213:3: error: statement requires expression of integer type ('const char *' invalid)\n  switch (s) {\n  ^       ~\npart1-functions.c:214:8: error: expression is not an integer constant expression\n  case \"blue\":\n       ^~~~~~\npart1-functions.c:218:8: error: expression is not an integer constant expression\n  case \"orange\":\n       ^~~~~~~~\npart1-functions.c:266:48: error: format specifies type 'double' but the argument has type 'int' [-Werror,-Wformat]\n  printf(\"The radius of the circle is: %f.\\n\", d / 2);\n                                       ~~      ^~~~~\n                                       %d\npart1-functions.c:276:5: error: cannot assign to variable 'k' with const-qualified type 'const int'\n  k = k * k;\n  ~ ^\npart1-functions.c:275:25: note: variable 'k' declared const here\nvoid eighteen(const int k) {\n              ~~~~~~~~~~^\npart1-functions.c:277:5: error: cannot assign to variable 'k' with const-qualified type 'const int'\n  k += k;\n  ~ ^\npart1-functions.c:275:25: note: variable 'k' declared const here\nvoid eighteen(const int k) {\n              ~~~~~~~~~~^\npart1-functions.c:278:5: error: cannot assign to variable 'k' with const-qualified type 'const int'\n  k *= k;\n  ~ ^\npart1-functions.c:275:25: note: variable 'k' declared const here\nvoid eighteen(const int k) {\n              ~~~~~~~~~~^\npart1-functions.c:279:5: error: cannot assign to variable 'k' with const-qualified type 'const int'\n  k -= 1;\n  ~ ^\npart1-functions.c:275:25: note: variable 'k' declared const here\nvoid eighteen(const int k) {\n              ~~~~~~~~~~^\npart1-functions.c:307:30: warning: unused parameter 'value' [-Wunused-parameter]\nlong int clear_bits(long int value, long int flag) {\n                             ^\npart1-functions.c:307:46: warning: unused parameter 'flag' [-Wunused-parameter]\nlong int clear_bits(long int value, long int flag) {\n                                             ^\npart1-functions.c:337:28: warning: unused parameter 'transition' [-Wunused-parameter]\nint little_automaton(int (*transition)(int, char), const char *input_string) {\n                           ^\npart1-functions.c:337:64: warning: unused parameter 'input_string' [-Wunused-parameter]\nint little_automaton(int (*transition)(int, char), const char *input_string) {\n                                                               ^\n4 warnings and 18 errors generated.\nmake: *** [.objs/part1-functions-release.o] Error 1\n",
        "name": "part1_test16",
        "ptsPossible": 1.0
      },
      {
        "description": "Part1: Test function 17",
        "ptsEarned": 0.0,
        "log": "Trying to compile your code...\nFAILED TO COMPILE!\npart1-functions.c:22:3: error: use of undeclared identifier 'cout'\n  cout << a << \"^2 + \" << b << \"^2 = \" << c << endl;\n  ^\npart1-functions.c:22:48: error: use of undeclared identifier 'endl'\n  cout << a << \"^2 + \" << b << \"^2 = \" << c << endl;\n                                               ^\npart1-functions.c:39:13: error: ordered comparison between pointer and integer ('const char *' and 'int') [-Werror]\n  if (grade > 70)\n      ~~~~~ ^ ~~\npart1-functions.c:40:28: error: format specifies type 'int' but the argument has type 'const char *' [-Werror,-Wformat]\n    printf(\"%d passed!\\n\", grade);\n            ~~             ^~~~~\n            %s\npart1-functions.c:42:32: error: format specifies type 'int' but the argument has type 'const char *' [-Werror,-Wformat]\n    printf(\"%d not passed!\\n\", grade);\n            ~~                 ^~~~~\n            %s\npart1-functions.c:51:8: error: incompatible integer to pointer conversion initializing 'int *' with an expression of type 'int'; take the address with & [-Werror,-Wint-conversion]\n  int *p = x;\n       ^   ~\n           &\npart1-functions.c:101:10: error: incompatible integer to pointer conversion initializing 'float *' with an expression of type 'const int' [-Werror,-Wint-conversion]\n  float *p = *x;\n         ^   ~~\npart1-functions.c:114:9: error: ordered comparison between pointer and integer ('const char *' and 'int') [-Werror]\n  if (a >= 'A' && a <= 'z')\n      ~ ^  ~~~\npart1-functions.c:114:21: error: ordered comparison between pointer and integer ('const char *' and 'int') [-Werror]\n  if (a >= 'A' && a <= 'z')\n                  ~ ^  ~~~\npart1-functions.c:146:5: error: assigning to 'float *' from incompatible type 'double'\n  p = 12.5;\n    ^ ~~~~\npart1-functions.c:213:3: error: statement requires expression of integer type ('const char *' invalid)\n  switch (s) {\n  ^       ~\npart1-functions.c:214:8: error: expression is not an integer constant expression\n  case \"blue\":\n       ^~~~~~\npart1-functions.c:218:8: error: expression is not an integer constant expression\n  case \"orange\":\n       ^~~~~~~~\npart1-functions.c:266:48: error: format specifies type 'double' but the argument has type 'int' [-Werror,-Wformat]\n  printf(\"The radius of the circle is: %f.\\n\", d / 2);\n                                       ~~      ^~~~~\n                                       %d\npart1-functions.c:276:5: error: cannot assign to variable 'k' with const-qualified type 'const int'\n  k = k * k;\n  ~ ^\npart1-functions.c:275:25: note: variable 'k' declared const here\nvoid eighteen(const int k) {\n              ~~~~~~~~~~^\npart1-functions.c:277:5: error: cannot assign to variable 'k' with const-qualified type 'const int'\n  k += k;\n  ~ ^\npart1-functions.c:275:25: note: variable 'k' declared const here\nvoid eighteen(const int k) {\n              ~~~~~~~~~~^\npart1-functions.c:278:5: error: cannot assign to variable 'k' with const-qualified type 'const int'\n  k *= k;\n  ~ ^\npart1-functions.c:275:25: note: variable 'k' declared const here\nvoid eighteen(const int k) {\n              ~~~~~~~~~~^\npart1-functions.c:279:5: error: cannot assign to variable 'k' with const-qualified type 'const int'\n  k -= 1;\n  ~ ^\npart1-functions.c:275:25: note: variable 'k' declared const here\nvoid eighteen(const int k) {\n              ~~~~~~~~~~^\npart1-functions.c:307:30: warning: unused parameter 'value' [-Wunused-parameter]\nlong int clear_bits(long int value, long int flag) {\n                             ^\npart1-functions.c:307:46: warning: unused parameter 'flag' [-Wunused-parameter]\nlong int clear_bits(long int value, long int flag) {\n                                             ^\npart1-functions.c:337:28: warning: unused parameter 'transition' [-Wunused-parameter]\nint little_automaton(int (*transition)(int, char), const char *input_string) {\n                           ^\npart1-functions.c:337:64: warning: unused parameter 'input_string' [-Wunused-parameter]\nint little_automaton(int (*transition)(int, char), const char *input_string) {\n                                                               ^\n4 warnings and 18 errors generated.\nmake: *** [.objs/part1-functions-release.o] Error 1\n",
        "name": "part1_test17",
        "ptsPossible": 1.0
      },
      {
        "description": "Part1: Test function 18",
        "ptsEarned": 0.0,
        "log": "Trying to compile your code...\nFAILED TO COMPILE!\npart1-functions.c:22:3: error: use of undeclared identifier 'cout'\n  cout << a << \"^2 + \" << b << \"^2 = \" << c << endl;\n  ^\npart1-functions.c:22:48: error: use of undeclared identifier 'endl'\n  cout << a << \"^2 + \" << b << \"^2 = \" << c << endl;\n                                               ^\npart1-functions.c:39:13: error: ordered comparison between pointer and integer ('const char *' and 'int') [-Werror]\n  if (grade > 70)\n      ~~~~~ ^ ~~\npart1-functions.c:40:28: error: format specifies type 'int' but the argument has type 'const char *' [-Werror,-Wformat]\n    printf(\"%d passed!\\n\", grade);\n            ~~             ^~~~~\n            %s\npart1-functions.c:42:32: error: format specifies type 'int' but the argument has type 'const char *' [-Werror,-Wformat]\n    printf(\"%d not passed!\\n\", grade);\n            ~~                 ^~~~~\n            %s\npart1-functions.c:51:8: error: incompatible integer to pointer conversion initializing 'int *' with an expression of type 'int'; take the address with & [-Werror,-Wint-conversion]\n  int *p = x;\n       ^   ~\n           &\npart1-functions.c:101:10: error: incompatible integer to pointer conversion initializing 'float *' with an expression of type 'const int' [-Werror,-Wint-conversion]\n  float *p = *x;\n         ^   ~~\npart1-functions.c:114:9: error: ordered comparison between pointer and integer ('const char *' and 'int') [-Werror]\n  if (a >= 'A' && a <= 'z')\n      ~ ^  ~~~\npart1-functions.c:114:21: error: ordered comparison between pointer and integer ('const char *' and 'int') [-Werror]\n  if (a >= 'A' && a <= 'z')\n                  ~ ^  ~~~\npart1-functions.c:146:5: error: assigning to 'float *' from incompatible type 'double'\n  p = 12.5;\n    ^ ~~~~\npart1-functions.c:213:3: error: statement requires expression of integer type ('const char *' invalid)\n  switch (s) {\n  ^       ~\npart1-functions.c:214:8: error: expression is not an integer constant expression\n  case \"blue\":\n       ^~~~~~\npart1-functions.c:218:8: error: expression is not an integer constant expression\n  case \"orange\":\n       ^~~~~~~~\npart1-functions.c:266:48: error: format specifies type 'double' but the argument has type 'int' [-Werror,-Wformat]\n  printf(\"The radius of the circle is: %f.\\n\", d / 2);\n                                       ~~      ^~~~~\n                                       %d\npart1-functions.c:276:5: error: cannot assign to variable 'k' with const-qualified type 'const int'\n  k = k * k;\n  ~ ^\npart1-functions.c:275:25: note: variable 'k' declared const here\nvoid eighteen(const int k) {\n              ~~~~~~~~~~^\npart1-functions.c:277:5: error: cannot assign to variable 'k' with const-qualified type 'const int'\n  k += k;\n  ~ ^\npart1-functions.c:275:25: note: variable 'k' declared const here\nvoid eighteen(const int k) {\n              ~~~~~~~~~~^\npart1-functions.c:278:5: error: cannot assign to variable 'k' with const-qualified type 'const int'\n  k *= k;\n  ~ ^\npart1-functions.c:275:25: note: variable 'k' declared const here\nvoid eighteen(const int k) {\n              ~~~~~~~~~~^\npart1-functions.c:279:5: error: cannot assign to variable 'k' with const-qualified type 'const int'\n  k -= 1;\n  ~ ^\npart1-functions.c:275:25: note: variable 'k' declared const here\nvoid eighteen(const int k) {\n              ~~~~~~~~~~^\npart1-functions.c:307:30: warning: unused parameter 'value' [-Wunused-parameter]\nlong int clear_bits(long int value, long int flag) {\n                             ^\npart1-functions.c:307:46: warning: unused parameter 'flag' [-Wunused-parameter]\nlong int clear_bits(long int value, long int flag) {\n                                             ^\npart1-functions.c:337:28: warning: unused parameter 'transition' [-Wunused-parameter]\nint little_automaton(int (*transition)(int, char), const char *input_string) {\n                           ^\npart1-functions.c:337:64: warning: unused parameter 'input_string' [-Wunused-parameter]\nint little_automaton(int (*transition)(int, char), const char *input_string) {\n                                                               ^\n4 warnings and 18 errors generated.\nmake: *** [.objs/part1-functions-release.o] Error 1\n",
        "name": "part1_test18",
        "ptsPossible": 1.0
      },
      {
        "description": "Part1: Test function clear_bits",
        "ptsEarned": 0.0,
        "log": "Trying to compile your code...\nFAILED TO COMPILE!\npart1-functions.c:22:3: error: use of undeclared identifier 'cout'\n  cout << a << \"^2 + \" << b << \"^2 = \" << c << endl;\n  ^\npart1-functions.c:22:48: error: use of undeclared identifier 'endl'\n  cout << a << \"^2 + \" << b << \"^2 = \" << c << endl;\n                                               ^\npart1-functions.c:39:13: error: ordered comparison between pointer and integer ('const char *' and 'int') [-Werror]\n  if (grade > 70)\n      ~~~~~ ^ ~~\npart1-functions.c:40:28: error: format specifies type 'int' but the argument has type 'const char *' [-Werror,-Wformat]\n    printf(\"%d passed!\\n\", grade);\n            ~~             ^~~~~\n            %s\npart1-functions.c:42:32: error: format specifies type 'int' but the argument has type 'const char *' [-Werror,-Wformat]\n    printf(\"%d not passed!\\n\", grade);\n            ~~                 ^~~~~\n            %s\npart1-functions.c:51:8: error: incompatible integer to pointer conversion initializing 'int *' with an expression of type 'int'; take the address with & [-Werror,-Wint-conversion]\n  int *p = x;\n       ^   ~\n           &\npart1-functions.c:101:10: error: incompatible integer to pointer conversion initializing 'float *' with an expression of type 'const int' [-Werror,-Wint-conversion]\n  float *p = *x;\n         ^   ~~\npart1-functions.c:114:9: error: ordered comparison between pointer and integer ('const char *' and 'int') [-Werror]\n  if (a >= 'A' && a <= 'z')\n      ~ ^  ~~~\npart1-functions.c:114:21: error: ordered comparison between pointer and integer ('const char *' and 'int') [-Werror]\n  if (a >= 'A' && a <= 'z')\n                  ~ ^  ~~~\npart1-functions.c:146:5: error: assigning to 'float *' from incompatible type 'double'\n  p = 12.5;\n    ^ ~~~~\npart1-functions.c:213:3: error: statement requires expression of integer type ('const char *' invalid)\n  switch (s) {\n  ^       ~\npart1-functions.c:214:8: error: expression is not an integer constant expression\n  case \"blue\":\n       ^~~~~~\npart1-functions.c:218:8: error: expression is not an integer constant expression\n  case \"orange\":\n       ^~~~~~~~\npart1-functions.c:266:48: error: format specifies type 'double' but the argument has type 'int' [-Werror,-Wformat]\n  printf(\"The radius of the circle is: %f.\\n\", d / 2);\n                                       ~~      ^~~~~\n                                       %d\npart1-functions.c:276:5: error: cannot assign to variable 'k' with const-qualified type 'const int'\n  k = k * k;\n  ~ ^\npart1-functions.c:275:25: note: variable 'k' declared const here\nvoid eighteen(const int k) {\n              ~~~~~~~~~~^\npart1-functions.c:277:5: error: cannot assign to variable 'k' with const-qualified type 'const int'\n  k += k;\n  ~ ^\npart1-functions.c:275:25: note: variable 'k' declared const here\nvoid eighteen(const int k) {\n              ~~~~~~~~~~^\npart1-functions.c:278:5: error: cannot assign to variable 'k' with const-qualified type 'const int'\n  k *= k;\n  ~ ^\npart1-functions.c:275:25: note: variable 'k' declared const here\nvoid eighteen(const int k) {\n              ~~~~~~~~~~^\npart1-functions.c:279:5: error: cannot assign to variable 'k' with const-qualified type 'const int'\n  k -= 1;\n  ~ ^\npart1-functions.c:275:25: note: variable 'k' declared const here\nvoid eighteen(const int k) {\n              ~~~~~~~~~~^\npart1-functions.c:307:30: warning: unused parameter 'value' [-Wunused-parameter]\nlong int clear_bits(long int value, long int flag) {\n                             ^\npart1-functions.c:307:46: warning: unused parameter 'flag' [-Wunused-parameter]\nlong int clear_bits(long int value, long int flag) {\n                                             ^\npart1-functions.c:337:28: warning: unused parameter 'transition' [-Wunused-parameter]\nint little_automaton(int (*transition)(int, char), const char *input_string) {\n                           ^\npart1-functions.c:337:64: warning: unused parameter 'input_string' [-Wunused-parameter]\nint little_automaton(int (*transition)(int, char), const char *input_string) {\n                                                               ^\n4 warnings and 18 errors generated.\nmake: *** [.objs/part1-functions-release.o] Error 1\n",
        "name": "part1_test_clear_bits",
        "ptsPossible": 1.0
      },
      {
        "description": "Part1: Test function little_automaton()",
        "ptsEarned": 0.0,
        "log": "Trying to compile your code...\nFAILED TO COMPILE!\npart1-functions.c:22:3: error: use of undeclared identifier 'cout'\n  cout << a << \"^2 + \" << b << \"^2 = \" << c << endl;\n  ^\npart1-functions.c:22:48: error: use of undeclared identifier 'endl'\n  cout << a << \"^2 + \" << b << \"^2 = \" << c << endl;\n                                               ^\npart1-functions.c:39:13: error: ordered comparison between pointer and integer ('const char *' and 'int') [-Werror]\n  if (grade > 70)\n      ~~~~~ ^ ~~\npart1-functions.c:40:28: error: format specifies type 'int' but the argument has type 'const char *' [-Werror,-Wformat]\n    printf(\"%d passed!\\n\", grade);\n            ~~             ^~~~~\n            %s\npart1-functions.c:42:32: error: format specifies type 'int' but the argument has type 'const char *' [-Werror,-Wformat]\n    printf(\"%d not passed!\\n\", grade);\n            ~~                 ^~~~~\n            %s\npart1-functions.c:51:8: error: incompatible integer to pointer conversion initializing 'int *' with an expression of type 'int'; take the address with & [-Werror,-Wint-conversion]\n  int *p = x;\n       ^   ~\n           &\npart1-functions.c:101:10: error: incompatible integer to pointer conversion initializing 'float *' with an expression of type 'const int' [-Werror,-Wint-conversion]\n  float *p = *x;\n         ^   ~~\npart1-functions.c:114:9: error: ordered comparison between pointer and integer ('const char *' and 'int') [-Werror]\n  if (a >= 'A' && a <= 'z')\n      ~ ^  ~~~\npart1-functions.c:114:21: error: ordered comparison between pointer and integer ('const char *' and 'int') [-Werror]\n  if (a >= 'A' && a <= 'z')\n                  ~ ^  ~~~\npart1-functions.c:146:5: error: assigning to 'float *' from incompatible type 'double'\n  p = 12.5;\n    ^ ~~~~\npart1-functions.c:213:3: error: statement requires expression of integer type ('const char *' invalid)\n  switch (s) {\n  ^       ~\npart1-functions.c:214:8: error: expression is not an integer constant expression\n  case \"blue\":\n       ^~~~~~\npart1-functions.c:218:8: error: expression is not an integer constant expression\n  case \"orange\":\n       ^~~~~~~~\npart1-functions.c:266:48: error: format specifies type 'double' but the argument has type 'int' [-Werror,-Wformat]\n  printf(\"The radius of the circle is: %f.\\n\", d / 2);\n                                       ~~      ^~~~~\n                                       %d\npart1-functions.c:276:5: error: cannot assign to variable 'k' with const-qualified type 'const int'\n  k = k * k;\n  ~ ^\npart1-functions.c:275:25: note: variable 'k' declared const here\nvoid eighteen(const int k) {\n              ~~~~~~~~~~^\npart1-functions.c:277:5: error: cannot assign to variable 'k' with const-qualified type 'const int'\n  k += k;\n  ~ ^\npart1-functions.c:275:25: note: variable 'k' declared const here\nvoid eighteen(const int k) {\n              ~~~~~~~~~~^\npart1-functions.c:278:5: error: cannot assign to variable 'k' with const-qualified type 'const int'\n  k *= k;\n  ~ ^\npart1-functions.c:275:25: note: variable 'k' declared const here\nvoid eighteen(const int k) {\n              ~~~~~~~~~~^\npart1-functions.c:279:5: error: cannot assign to variable 'k' with const-qualified type 'const int'\n  k -= 1;\n  ~ ^\npart1-functions.c:275:25: note: variable 'k' declared const here\nvoid eighteen(const int k) {\n              ~~~~~~~~~~^\npart1-functions.c:307:30: warning: unused parameter 'value' [-Wunused-parameter]\nlong int clear_bits(long int value, long int flag) {\n                             ^\npart1-functions.c:307:46: warning: unused parameter 'flag' [-Wunused-parameter]\nlong int clear_bits(long int value, long int flag) {\n                                             ^\npart1-functions.c:337:28: warning: unused parameter 'transition' [-Wunused-parameter]\nint little_automaton(int (*transition)(int, char), const char *input_string) {\n                           ^\npart1-functions.c:337:64: warning: unused parameter 'input_string' [-Wunused-parameter]\nint little_automaton(int (*transition)(int, char), const char *input_string) {\n                                                               ^\n4 warnings and 18 errors generated.\nmake: *** [.objs/part1-functions-release.o] Error 1\n",
        "name": "part1_test_little_automaton",
        "ptsPossible": 1.0
      },
      {
        "description": "Part1: Checking for memory issues...",
        "ptsEarned": 0.0,
        "log": "Trying to compile your code...\nFAILED TO COMPILE!\npart1-functions.c:22:3: error: use of undeclared identifier 'cout'\n  cout << a << \"^2 + \" << b << \"^2 = \" << c << endl;\n  ^\npart1-functions.c:22:48: error: use of undeclared identifier 'endl'\n  cout << a << \"^2 + \" << b << \"^2 = \" << c << endl;\n                                               ^\npart1-functions.c:39:13: error: ordered comparison between pointer and integer ('const char *' and 'int') [-Werror]\n  if (grade > 70)\n      ~~~~~ ^ ~~\npart1-functions.c:40:28: error: format specifies type 'int' but the argument has type 'const char *' [-Werror,-Wformat]\n    printf(\"%d passed!\\n\", grade);\n            ~~             ^~~~~\n            %s\npart1-functions.c:42:32: error: format specifies type 'int' but the argument has type 'const char *' [-Werror,-Wformat]\n    printf(\"%d not passed!\\n\", grade);\n            ~~                 ^~~~~\n            %s\npart1-functions.c:51:8: error: incompatible integer to pointer conversion initializing 'int *' with an expression of type 'int'; take the address with & [-Werror,-Wint-conversion]\n  int *p = x;\n       ^   ~\n           &\npart1-functions.c:101:10: error: incompatible integer to pointer conversion initializing 'float *' with an expression of type 'const int' [-Werror,-Wint-conversion]\n  float *p = *x;\n         ^   ~~\npart1-functions.c:114:9: error: ordered comparison between pointer and integer ('const char *' and 'int') [-Werror]\n  if (a >= 'A' && a <= 'z')\n      ~ ^  ~~~\npart1-functions.c:114:21: error: ordered comparison between pointer and integer ('const char *' and 'int') [-Werror]\n  if (a >= 'A' && a <= 'z')\n                  ~ ^  ~~~\npart1-functions.c:146:5: error: assigning to 'float *' from incompatible type 'double'\n  p = 12.5;\n    ^ ~~~~\npart1-functions.c:213:3: error: statement requires expression of integer type ('const char *' invalid)\n  switch (s) {\n  ^       ~\npart1-functions.c:214:8: error: expression is not an integer constant expression\n  case \"blue\":\n       ^~~~~~\npart1-functions.c:218:8: error: expression is not an integer constant expression\n  case \"orange\":\n       ^~~~~~~~\npart1-functions.c:266:48: error: format specifies type 'double' but the argument has type 'int' [-Werror,-Wformat]\n  printf(\"The radius of the circle is: %f.\\n\", d / 2);\n                                       ~~      ^~~~~\n                                       %d\npart1-functions.c:276:5: error: cannot assign to variable 'k' with const-qualified type 'const int'\n  k = k * k;\n  ~ ^\npart1-functions.c:275:25: note: variable 'k' declared const here\nvoid eighteen(const int k) {\n              ~~~~~~~~~~^\npart1-functions.c:277:5: error: cannot assign to variable 'k' with const-qualified type 'const int'\n  k += k;\n  ~ ^\npart1-functions.c:275:25: note: variable 'k' declared const here\nvoid eighteen(const int k) {\n              ~~~~~~~~~~^\npart1-functions.c:278:5: error: cannot assign to variable 'k' with const-qualified type 'const int'\n  k *= k;\n  ~ ^\npart1-functions.c:275:25: note: variable 'k' declared const here\nvoid eighteen(const int k) {\n              ~~~~~~~~~~^\npart1-functions.c:279:5: error: cannot assign to variable 'k' with const-qualified type 'const int'\n  k -= 1;\n  ~ ^\npart1-functions.c:275:25: note: variable 'k' declared const here\nvoid eighteen(const int k) {\n              ~~~~~~~~~~^\npart1-functions.c:307:30: warning: unused parameter 'value' [-Wunused-parameter]\nlong int clear_bits(long int value, long int flag) {\n                             ^\npart1-functions.c:307:46: warning: unused parameter 'flag' [-Wunused-parameter]\nlong int clear_bits(long int value, long int flag) {\n                                             ^\npart1-functions.c:337:28: warning: unused parameter 'transition' [-Wunused-parameter]\nint little_automaton(int (*transition)(int, char), const char *input_string) {\n                           ^\npart1-functions.c:337:64: warning: unused parameter 'input_string' [-Wunused-parameter]\nint little_automaton(int (*transition)(int, char), const char *input_string) {\n                                                               ^\n4 warnings and 18 errors generated.\nmake: *** [.objs/part1-functions-release.o] Error 1\n",
        "name": "part1_memory",
        "ptsPossible": 1.0
      },
      {
        "description": "Part2: Test function main",
        "ptsEarned": 0.0,
        "log": "Trying to compile your code...\nSuccessfully compiled your code..",
        "name": "part2_test_main",
        "ptsPossible": 11.0
      },
      {
        "description": "Part2: Checking for memory issues...",
        "ptsEarned": 1.0,
        "log": "Trying to compile your code...\nSuccessfully compiled your code..\n==4829== Memcheck, a memory error detector\n==4829== Copyright (C) 2002-2015, and GNU GPL'd, by Julian Seward et al.\n==4829== Using Valgrind-3.11.0 and LibVEX; rerun with -h for copyright info\n==4829== Command: .../ryang28/pointers_gone_wild/part2\n==4829== \n==4829== \n==4829== HEAP SUMMARY:\n==4829==     in use at exit: 0 bytes in 0 blocks\n==4829==   total heap usage: 0 allocs, 0 frees, 0 bytes allocated\n==4829== \n==4829== All heap blocks were freed -- no leaks are possible\n==4829== \n==4829== For counts of detected and suppressed errors, rerun with: -v\n==4829== ERROR SUMMARY: 0 errors from 0 contexts (suppressed: 0 from 0)\n",
        "name": "part2_memory",
        "ptsPossible": 1.0
      }
    ],
    "checksum": "0525fedf9bf6402e860597577718082d278f57f2  part1-functions.c\nf8a9e443ac80c885bead0cf3ed5673a7075b98ee  part2-main.c",
    "revision": "3773"
  },
  {
    "timestamp": "2016-09-02 23:59:00.593011",
    "testcases": [
      {
        "log": "Trying to compile your code...\nSuccessfully compiled your code..",
        "ptsEarned": 1.0,
        "ptsPossible": 1.0,
        "name": "part1_test1",
        "description": "Part1: Test function 1"
      },
      {
        "log": "Trying to compile your code...\nSuccessfully compiled your code..",
        "ptsEarned": 1.0,
        "ptsPossible": 1.0,
        "name": "part1_test2",
        "description": "Part1: Test function 2"
      },
      {
        "log": "Trying to compile your code...\nSuccessfully compiled your code..",
        "ptsEarned": 1.0,
        "ptsPossible": 1.0,
        "name": "part1_test3",
        "description": "Part1: Test function 3"
      },
      {
        "log": "Trying to compile your code...\nSuccessfully compiled your code..",
        "ptsEarned": 1.0,
        "ptsPossible": 1.0,
        "name": "part1_test4",
        "description": "Part1: Test function 4"
      },
      {
        "log": "Trying to compile your code...\nSuccessfully compiled your code..",
        "ptsEarned": 1.0,
        "ptsPossible": 1.0,
        "name": "part1_test5",
        "description": "Part1: Test function 5"
      },
      {
        "log": "Trying to compile your code...\nSuccessfully compiled your code..",
        "ptsEarned": 1.0,
        "ptsPossible": 1.0,
        "name": "part1_test6",
        "description": "Part1: Test function 6"
      },
      {
        "log": "Trying to compile your code...\nSuccessfully compiled your code..",
        "ptsEarned": 1.0,
        "ptsPossible": 1.0,
        "name": "part1_test7",
        "description": "Part1: Test function 7"
      },
      {
        "log": "Trying to compile your code...\nSuccessfully compiled your code..",
        "ptsEarned": 1.0,
        "ptsPossible": 1.0,
        "name": "part1_test8",
        "description": "Part1: Test function 8"
      },
      {
        "log": "Trying to compile your code...\nSuccessfully compiled your code..",
        "ptsEarned": 1.0,
        "ptsPossible": 1.0,
        "name": "part1_test9",
        "description": "Part1: Test function 9"
      },
      {
        "log": "Trying to compile your code...\nSuccessfully compiled your code..",
        "ptsEarned": 1.0,
        "ptsPossible": 1.0,
        "name": "part1_test10",
        "description": "Part1: Test function 10"
      },
      {
        "log": "Trying to compile your code...\nSuccessfully compiled your code..",
        "ptsEarned": 1.0,
        "ptsPossible": 1.0,
        "name": "part1_test11",
        "description": "Part1: Test function 11"
      },
      {
        "log": "Trying to compile your code...\nSuccessfully compiled your code..",
        "ptsEarned": 1.0,
        "ptsPossible": 1.0,
        "name": "part1_test12",
        "description": "Part1: Test function 12"
      },
      {
        "log": "Trying to compile your code...\nSuccessfully compiled your code..",
        "ptsEarned": 1.0,
        "ptsPossible": 1.0,
        "name": "part1_test13",
        "description": "Part1: Test function 13"
      },
      {
        "log": "Trying to compile your code...\nSuccessfully compiled your code..",
        "ptsEarned": 1.0,
        "ptsPossible": 1.0,
        "name": "part1_test14",
        "description": "Part1: Test function 14"
      },
      {
        "log": "Trying to compile your code...\nSuccessfully compiled your code..",
        "ptsEarned": 1.0,
        "ptsPossible": 1.0,
        "name": "part1_test15",
        "description": "Part1: Test function 15"
      },
      {
        "log": "Trying to compile your code...\nSuccessfully compiled your code..",
        "ptsEarned": 1.0,
        "ptsPossible": 1.0,
        "name": "part1_test16",
        "description": "Part1: Test function 16"
      },
      {
        "log": "Trying to compile your code...\nSuccessfully compiled your code..",
        "ptsEarned": 1.0,
        "ptsPossible": 1.0,
        "name": "part1_test17",
        "description": "Part1: Test function 17"
      },
      {
        "log": "Trying to compile your code...\nSuccessfully compiled your code..",
        "ptsEarned": 1.0,
        "ptsPossible": 1.0,
        "name": "part1_test18",
        "description": "Part1: Test function 18"
      },
      {
        "log": "Trying to compile your code...\nSuccessfully compiled your code..",
        "ptsEarned": 1.0,
        "ptsPossible": 1.0,
        "name": "part1_test_clear_bits",
        "description": "Part1: Test function clear_bits"
      },
      {
        "log": "Trying to compile your code...\nSuccessfully compiled your code..",
        "ptsEarned": 1.0,
        "ptsPossible": 1.0,
        "name": "part1_test_little_automaton",
        "description": "Part1: Test function little_automaton()"
      },
      {
        "log": "Trying to compile your code...\nSuccessfully compiled your code..\n==11676== Memcheck, a memory error detector\n==11676== Copyright (C) 2002-2015, and GNU GPL'd, by Julian Seward et al.\n==11676== Using Valgrind-3.11.0 and LibVEX; rerun with -h for copyright info\n==11676== Command: .../ryang28/pointers_gone_wild/part1-memory\n==11676== \n==11676== \n==11676== HEAP SUMMARY:\n==11676==     in use at exit: 0 bytes in 0 blocks\n==11676==   total heap usage: 16 allocs, 16 frees, 4,596 bytes allocated\n==11676== \n==11676== All heap blocks were freed -- no leaks are possible\n==11676== \n==11676== For counts of detected and suppressed errors, rerun with: -v\n==11676== ERROR SUMMARY: 0 errors from 0 contexts (suppressed: 0 from 0)\n",
        "ptsEarned": 1.0,
        "ptsPossible": 1.0,
        "name": "part1_memory",
        "description": "Part1: Checking for memory issues..."
      },
      {
        "log": "Trying to compile your code...\nSuccessfully compiled your code..",
        "ptsEarned": 11.0,
        "ptsPossible": 11.0,
        "name": "part2_test_main",
        "description": "Part2: Test function main"
      },
      {
        "log": "Trying to compile your code...\nSuccessfully compiled your code..\n==11690== Memcheck, a memory error detector\n==11690== Copyright (C) 2002-2015, and GNU GPL'd, by Julian Seward et al.\n==11690== Using Valgrind-3.11.0 and LibVEX; rerun with -h for copyright info\n==11690== Command: .../ryang28/pointers_gone_wild/part2\n==11690== \n==11690== \n==11690== HEAP SUMMARY:\n==11690==     in use at exit: 0 bytes in 0 blocks\n==11690==   total heap usage: 4 allocs, 4 frees, 4,112 bytes allocated\n==11690== \n==11690== All heap blocks were freed -- no leaks are possible\n==11690== \n==11690== For counts of detected and suppressed errors, rerun with: -v\n==11690== ERROR SUMMARY: 0 errors from 0 contexts (suppressed: 0 from 0)\n",
        "ptsEarned": 1.0,
        "ptsPossible": 1.0,
        "name": "part2_memory",
        "description": "Part2: Checking for memory issues..."
      }
    ],
    "revision": "4287",
    "checksum": "5f531163af56388dc145fab38b19b9e7078d3cee  part1-functions.c\nbc4e4158160f9e09ff8513374e195d11b74d76ad  part2-main.c"
  },
  {
    "timestamp": "2016-09-03 23:59:00.582436",
    "testcases": [
      {
        "ptsPossible": 1.0,
        "ptsEarned": 1.0,
        "description": "Part1: Test function 1",
        "name": "part1_test1",
        "log": "Trying to compile your code...\nSuccessfully compiled your code.."
      },
      {
        "ptsPossible": 1.0,
        "ptsEarned": 1.0,
        "description": "Part1: Test function 2",
        "name": "part1_test2",
        "log": "Trying to compile your code...\nSuccessfully compiled your code.."
      },
      {
        "ptsPossible": 1.0,
        "ptsEarned": 1.0,
        "description": "Part1: Test function 3",
        "name": "part1_test3",
        "log": "Trying to compile your code...\nSuccessfully compiled your code.."
      },
      {
        "ptsPossible": 1.0,
        "ptsEarned": 1.0,
        "description": "Part1: Test function 4",
        "name": "part1_test4",
        "log": "Trying to compile your code...\nSuccessfully compiled your code.."
      },
      {
        "ptsPossible": 1.0,
        "ptsEarned": 1.0,
        "description": "Part1: Test function 5",
        "name": "part1_test5",
        "log": "Trying to compile your code...\nSuccessfully compiled your code.."
      },
      {
        "ptsPossible": 1.0,
        "ptsEarned": 1.0,
        "description": "Part1: Test function 6",
        "name": "part1_test6",
        "log": "Trying to compile your code...\nSuccessfully compiled your code.."
      },
      {
        "ptsPossible": 1.0,
        "ptsEarned": 1.0,
        "description": "Part1: Test function 7",
        "name": "part1_test7",
        "log": "Trying to compile your code...\nSuccessfully compiled your code.."
      },
      {
        "ptsPossible": 1.0,
        "ptsEarned": 1.0,
        "description": "Part1: Test function 8",
        "name": "part1_test8",
        "log": "Trying to compile your code...\nSuccessfully compiled your code.."
      },
      {
        "ptsPossible": 1.0,
        "ptsEarned": 1.0,
        "description": "Part1: Test function 9",
        "name": "part1_test9",
        "log": "Trying to compile your code...\nSuccessfully compiled your code.."
      },
      {
        "ptsPossible": 1.0,
        "ptsEarned": 1.0,
        "description": "Part1: Test function 10",
        "name": "part1_test10",
        "log": "Trying to compile your code...\nSuccessfully compiled your code.."
      },
      {
        "ptsPossible": 1.0,
        "ptsEarned": 1.0,
        "description": "Part1: Test function 11",
        "name": "part1_test11",
        "log": "Trying to compile your code...\nSuccessfully compiled your code.."
      },
      {
        "ptsPossible": 1.0,
        "ptsEarned": 1.0,
        "description": "Part1: Test function 12",
        "name": "part1_test12",
        "log": "Trying to compile your code...\nSuccessfully compiled your code.."
      },
      {
        "ptsPossible": 1.0,
        "ptsEarned": 1.0,
        "description": "Part1: Test function 13",
        "name": "part1_test13",
        "log": "Trying to compile your code...\nSuccessfully compiled your code.."
      },
      {
        "ptsPossible": 1.0,
        "ptsEarned": 1.0,
        "description": "Part1: Test function 14",
        "name": "part1_test14",
        "log": "Trying to compile your code...\nSuccessfully compiled your code.."
      },
      {
        "ptsPossible": 1.0,
        "ptsEarned": 1.0,
        "description": "Part1: Test function 15",
        "name": "part1_test15",
        "log": "Trying to compile your code...\nSuccessfully compiled your code.."
      },
      {
        "ptsPossible": 1.0,
        "ptsEarned": 1.0,
        "description": "Part1: Test function 16",
        "name": "part1_test16",
        "log": "Trying to compile your code...\nSuccessfully compiled your code.."
      },
      {
        "ptsPossible": 1.0,
        "ptsEarned": 1.0,
        "description": "Part1: Test function 17",
        "name": "part1_test17",
        "log": "Trying to compile your code...\nSuccessfully compiled your code.."
      },
      {
        "ptsPossible": 1.0,
        "ptsEarned": 1.0,
        "description": "Part1: Test function 18",
        "name": "part1_test18",
        "log": "Trying to compile your code...\nSuccessfully compiled your code.."
      },
      {
        "ptsPossible": 1.0,
        "ptsEarned": 1.0,
        "description": "Part1: Test function clear_bits",
        "name": "part1_test_clear_bits",
        "log": "Trying to compile your code...\nSuccessfully compiled your code.."
      },
      {
        "ptsPossible": 1.0,
        "ptsEarned": 1.0,
        "description": "Part1: Test function little_automaton()",
        "name": "part1_test_little_automaton",
        "log": "Trying to compile your code...\nSuccessfully compiled your code.."
      },
      {
        "ptsPossible": 1.0,
        "ptsEarned": 1.0,
        "description": "Part1: Checking for memory issues...",
        "name": "part1_memory",
        "log": "Trying to compile your code...\nSuccessfully compiled your code..\n==18984== Memcheck, a memory error detector\n==18984== Copyright (C) 2002-2015, and GNU GPL'd, by Julian Seward et al.\n==18984== Using Valgrind-3.11.0 and LibVEX; rerun with -h for copyright info\n==18984== Command: .../ryang28/pointers_gone_wild/part1-memory\n==18984== \n==18984== \n==18984== HEAP SUMMARY:\n==18984==     in use at exit: 0 bytes in 0 blocks\n==18984==   total heap usage: 16 allocs, 16 frees, 4,596 bytes allocated\n==18984== \n==18984== All heap blocks were freed -- no leaks are possible\n==18984== \n==18984== For counts of detected and suppressed errors, rerun with: -v\n==18984== ERROR SUMMARY: 0 errors from 0 contexts (suppressed: 0 from 0)\n"
      },
      {
        "ptsPossible": 11.0,
        "ptsEarned": 11.0,
        "description": "Part2: Test function main",
        "name": "part2_test_main",
        "log": "Trying to compile your code...\nSuccessfully compiled your code.."
      },
      {
        "ptsPossible": 1.0,
        "ptsEarned": 1.0,
        "description": "Part2: Checking for memory issues...",
        "name": "part2_memory",
        "log": "Trying to compile your code...\nSuccessfully compiled your code..\n==18998== Memcheck, a memory error detector\n==18998== Copyright (C) 2002-2015, and GNU GPL'd, by Julian Seward et al.\n==18998== Using Valgrind-3.11.0 and LibVEX; rerun with -h for copyright info\n==18998== Command: .../ryang28/pointers_gone_wild/part2\n==18998== \n==18998== \n==18998== HEAP SUMMARY:\n==18998==     in use at exit: 0 bytes in 0 blocks\n==18998==   total heap usage: 4 allocs, 4 frees, 4,112 bytes allocated\n==18998== \n==18998== All heap blocks were freed -- no leaks are possible\n==18998== \n==18998== For counts of detected and suppressed errors, rerun with: -v\n==18998== ERROR SUMMARY: 0 errors from 0 contexts (suppressed: 0 from 0)\n"
      }
    ],
    "checksum": "5f531163af56388dc145fab38b19b9e7078d3cee  part1-functions.c\nbc4e4158160f9e09ff8513374e195d11b74d76ad  part2-main.c",
    "revision": "4946"
  },
  {
    "timestamp": "2016-09-04 23:59:00.663985",
    "testcases": [
      {
        "description": "Part1: Test function 1",
        "ptsEarned": 1.0,
        "log": "Trying to compile your code...\nSuccessfully compiled your code..",
        "name": "part1_test1",
        "ptsPossible": 1.0
      },
      {
        "description": "Part1: Test function 2",
        "ptsEarned": 1.0,
        "log": "Trying to compile your code...\nSuccessfully compiled your code..",
        "name": "part1_test2",
        "ptsPossible": 1.0
      },
      {
        "description": "Part1: Test function 3",
        "ptsEarned": 1.0,
        "log": "Trying to compile your code...\nSuccessfully compiled your code..",
        "name": "part1_test3",
        "ptsPossible": 1.0
      },
      {
        "description": "Part1: Test function 4",
        "ptsEarned": 1.0,
        "log": "Trying to compile your code...\nSuccessfully compiled your code..",
        "name": "part1_test4",
        "ptsPossible": 1.0
      },
      {
        "description": "Part1: Test function 5",
        "ptsEarned": 1.0,
        "log": "Trying to compile your code...\nSuccessfully compiled your code..",
        "name": "part1_test5",
        "ptsPossible": 1.0
      },
      {
        "description": "Part1: Test function 6",
        "ptsEarned": 1.0,
        "log": "Trying to compile your code...\nSuccessfully compiled your code..",
        "name": "part1_test6",
        "ptsPossible": 1.0
      },
      {
        "description": "Part1: Test function 7",
        "ptsEarned": 1.0,
        "log": "Trying to compile your code...\nSuccessfully compiled your code..",
        "name": "part1_test7",
        "ptsPossible": 1.0
      },
      {
        "description": "Part1: Test function 8",
        "ptsEarned": 1.0,
        "log": "Trying to compile your code...\nSuccessfully compiled your code..",
        "name": "part1_test8",
        "ptsPossible": 1.0
      },
      {
        "description": "Part1: Test function 9",
        "ptsEarned": 1.0,
        "log": "Trying to compile your code...\nSuccessfully compiled your code..",
        "name": "part1_test9",
        "ptsPossible": 1.0
      },
      {
        "description": "Part1: Test function 10",
        "ptsEarned": 1.0,
        "log": "Trying to compile your code...\nSuccessfully compiled your code..",
        "name": "part1_test10",
        "ptsPossible": 1.0
      },
      {
        "description": "Part1: Test function 11",
        "ptsEarned": 1.0,
        "log": "Trying to compile your code...\nSuccessfully compiled your code..",
        "name": "part1_test11",
        "ptsPossible": 1.0
      },
      {
        "description": "Part1: Test function 12",
        "ptsEarned": 1.0,
        "log": "Trying to compile your code...\nSuccessfully compiled your code..",
        "name": "part1_test12",
        "ptsPossible": 1.0
      },
      {
        "description": "Part1: Test function 13",
        "ptsEarned": 1.0,
        "log": "Trying to compile your code...\nSuccessfully compiled your code..",
        "name": "part1_test13",
        "ptsPossible": 1.0
      },
      {
        "description": "Part1: Test function 14",
        "ptsEarned": 1.0,
        "log": "Trying to compile your code...\nSuccessfully compiled your code..",
        "name": "part1_test14",
        "ptsPossible": 1.0
      },
      {
        "description": "Part1: Test function 15",
        "ptsEarned": 1.0,
        "log": "Trying to compile your code...\nSuccessfully compiled your code..",
        "name": "part1_test15",
        "ptsPossible": 1.0
      },
      {
        "description": "Part1: Test function 16",
        "ptsEarned": 1.0,
        "log": "Trying to compile your code...\nSuccessfully compiled your code..",
        "name": "part1_test16",
        "ptsPossible": 1.0
      },
      {
        "description": "Part1: Test function 17",
        "ptsEarned": 1.0,
        "log": "Trying to compile your code...\nSuccessfully compiled your code..",
        "name": "part1_test17",
        "ptsPossible": 1.0
      },
      {
        "description": "Part1: Test function 18",
        "ptsEarned": 1.0,
        "log": "Trying to compile your code...\nSuccessfully compiled your code..",
        "name": "part1_test18",
        "ptsPossible": 1.0
      },
      {
        "description": "Part1: Test function clear_bits",
        "ptsEarned": 1.0,
        "log": "Trying to compile your code...\nSuccessfully compiled your code..",
        "name": "part1_test_clear_bits",
        "ptsPossible": 1.0
      },
      {
        "description": "Part1: Test function little_automaton()",
        "ptsEarned": 1.0,
        "log": "Trying to compile your code...\nSuccessfully compiled your code..",
        "name": "part1_test_little_automaton",
        "ptsPossible": 1.0
      },
      {
        "description": "Part1: Checking for memory issues...",
        "ptsEarned": 1.0,
        "log": "Trying to compile your code...\nSuccessfully compiled your code..\n==31179== Memcheck, a memory error detector\n==31179== Copyright (C) 2002-2015, and GNU GPL'd, by Julian Seward et al.\n==31179== Using Valgrind-3.11.0 and LibVEX; rerun with -h for copyright info\n==31179== Command: .../ryang28/pointers_gone_wild/part1-memory\n==31179== \n==31179== \n==31179== HEAP SUMMARY:\n==31179==     in use at exit: 0 bytes in 0 blocks\n==31179==   total heap usage: 16 allocs, 16 frees, 4,596 bytes allocated\n==31179== \n==31179== All heap blocks were freed -- no leaks are possible\n==31179== \n==31179== For counts of detected and suppressed errors, rerun with: -v\n==31179== ERROR SUMMARY: 0 errors from 0 contexts (suppressed: 0 from 0)\n",
        "name": "part1_memory",
        "ptsPossible": 1.0
      },
      {
        "description": "Part2: Test function main",
        "ptsEarned": 11.0,
        "log": "Trying to compile your code...\nSuccessfully compiled your code..",
        "name": "part2_test_main",
        "ptsPossible": 11.0
      },
      {
        "description": "Part2: Checking for memory issues...",
        "ptsEarned": 1.0,
        "log": "Trying to compile your code...\nSuccessfully compiled your code..\n==31193== Memcheck, a memory error detector\n==31193== Copyright (C) 2002-2015, and GNU GPL'd, by Julian Seward et al.\n==31193== Using Valgrind-3.11.0 and LibVEX; rerun with -h for copyright info\n==31193== Command: .../ryang28/pointers_gone_wild/part2\n==31193== \n==31193== \n==31193== HEAP SUMMARY:\n==31193==     in use at exit: 0 bytes in 0 blocks\n==31193==   total heap usage: 4 allocs, 4 frees, 4,112 bytes allocated\n==31193== \n==31193== All heap blocks were freed -- no leaks are possible\n==31193== \n==31193== For counts of detected and suppressed errors, rerun with: -v\n==31193== ERROR SUMMARY: 0 errors from 0 contexts (suppressed: 0 from 0)\n",
        "name": "part2_memory",
        "ptsPossible": 1.0
      }
    ],
    "revision": "6155",
    "checksum": "5f531163af56388dc145fab38b19b9e7078d3cee  part1-functions.c\nbc4e4158160f9e09ff8513374e195d11b74d76ad  part2-main.c"
  },
  {
    "timestamp": "2016-09-06 00:00:00.609679",
    "testcases": [
      {
        "log": "Trying to compile your code...\nSuccessfully compiled your code..",
        "ptsPossible": 1.0,
        "ptsEarned": 1.0,
        "name": "part1_test1",
        "description": "Part1: Test function 1"
      },
      {
        "log": "Trying to compile your code...\nSuccessfully compiled your code..",
        "ptsPossible": 1.0,
        "ptsEarned": 1.0,
        "name": "part1_test2",
        "description": "Part1: Test function 2"
      },
      {
        "log": "Trying to compile your code...\nSuccessfully compiled your code..",
        "ptsPossible": 1.0,
        "ptsEarned": 1.0,
        "name": "part1_test3",
        "description": "Part1: Test function 3"
      },
      {
        "log": "Trying to compile your code...\nSuccessfully compiled your code..",
        "ptsPossible": 1.0,
        "ptsEarned": 1.0,
        "name": "part1_test4",
        "description": "Part1: Test function 4"
      },
      {
        "log": "Trying to compile your code...\nSuccessfully compiled your code..",
        "ptsPossible": 1.0,
        "ptsEarned": 1.0,
        "name": "part1_test5",
        "description": "Part1: Test function 5"
      },
      {
        "log": "Trying to compile your code...\nSuccessfully compiled your code..",
        "ptsPossible": 1.0,
        "ptsEarned": 1.0,
        "name": "part1_test6",
        "description": "Part1: Test function 6"
      },
      {
        "log": "Trying to compile your code...\nSuccessfully compiled your code..",
        "ptsPossible": 1.0,
        "ptsEarned": 1.0,
        "name": "part1_test7",
        "description": "Part1: Test function 7"
      },
      {
        "log": "Trying to compile your code...\nSuccessfully compiled your code..",
        "ptsPossible": 1.0,
        "ptsEarned": 1.0,
        "name": "part1_test8",
        "description": "Part1: Test function 8"
      },
      {
        "log": "Trying to compile your code...\nSuccessfully compiled your code..",
        "ptsPossible": 1.0,
        "ptsEarned": 1.0,
        "name": "part1_test9",
        "description": "Part1: Test function 9"
      },
      {
        "log": "Trying to compile your code...\nSuccessfully compiled your code..",
        "ptsPossible": 1.0,
        "ptsEarned": 1.0,
        "name": "part1_test10",
        "description": "Part1: Test function 10"
      },
      {
        "log": "Trying to compile your code...\nSuccessfully compiled your code..",
        "ptsPossible": 1.0,
        "ptsEarned": 1.0,
        "name": "part1_test11",
        "description": "Part1: Test function 11"
      },
      {
        "log": "Trying to compile your code...\nSuccessfully compiled your code..",
        "ptsPossible": 1.0,
        "ptsEarned": 1.0,
        "name": "part1_test12",
        "description": "Part1: Test function 12"
      },
      {
        "log": "Trying to compile your code...\nSuccessfully compiled your code..",
        "ptsPossible": 1.0,
        "ptsEarned": 1.0,
        "name": "part1_test13",
        "description": "Part1: Test function 13"
      },
      {
        "log": "Trying to compile your code...\nSuccessfully compiled your code..",
        "ptsPossible": 1.0,
        "ptsEarned": 1.0,
        "name": "part1_test14",
        "description": "Part1: Test function 14"
      },
      {
        "log": "Trying to compile your code...\nSuccessfully compiled your code..",
        "ptsPossible": 1.0,
        "ptsEarned": 1.0,
        "name": "part1_test15",
        "description": "Part1: Test function 15"
      },
      {
        "log": "Trying to compile your code...\nSuccessfully compiled your code..",
        "ptsPossible": 1.0,
        "ptsEarned": 1.0,
        "name": "part1_test16",
        "description": "Part1: Test function 16"
      },
      {
        "log": "Trying to compile your code...\nSuccessfully compiled your code..",
        "ptsPossible": 1.0,
        "ptsEarned": 1.0,
        "name": "part1_test17",
        "description": "Part1: Test function 17"
      },
      {
        "log": "Trying to compile your code...\nSuccessfully compiled your code..",
        "ptsPossible": 1.0,
        "ptsEarned": 1.0,
        "name": "part1_test18",
        "description": "Part1: Test function 18"
      },
      {
        "log": "Trying to compile your code...\nSuccessfully compiled your code..",
        "ptsPossible": 1.0,
        "ptsEarned": 1.0,
        "name": "part1_test_clear_bits",
        "description": "Part1: Test function clear_bits"
      },
      {
        "log": "Trying to compile your code...\nSuccessfully compiled your code..",
        "ptsPossible": 1.0,
        "ptsEarned": 1.0,
        "name": "part1_test_little_automaton",
        "description": "Part1: Test function little_automaton()"
      },
      {
        "log": "Trying to compile your code...\nSuccessfully compiled your code..\n==7278== Memcheck, a memory error detector\n==7278== Copyright (C) 2002-2015, and GNU GPL'd, by Julian Seward et al.\n==7278== Using Valgrind-3.11.0 and LibVEX; rerun with -h for copyright info\n==7278== Command: .../ryang28/pointers_gone_wild/part1-memory\n==7278== \n==7278== \n==7278== HEAP SUMMARY:\n==7278==     in use at exit: 0 bytes in 0 blocks\n==7278==   total heap usage: 16 allocs, 16 frees, 4,596 bytes allocated\n==7278== \n==7278== All heap blocks were freed -- no leaks are possible\n==7278== \n==7278== For counts of detected and suppressed errors, rerun with: -v\n==7278== ERROR SUMMARY: 0 errors from 0 contexts (suppressed: 0 from 0)\n",
        "ptsPossible": 1.0,
        "ptsEarned": 1.0,
        "name": "part1_memory",
        "description": "Part1: Checking for memory issues..."
      },
      {
        "log": "Trying to compile your code...\nSuccessfully compiled your code..",
        "ptsPossible": 11.0,
        "ptsEarned": 11.0,
        "name": "part2_test_main",
        "description": "Part2: Test function main"
      },
      {
        "log": "Trying to compile your code...\nSuccessfully compiled your code..\n==7292== Memcheck, a memory error detector\n==7292== Copyright (C) 2002-2015, and GNU GPL'd, by Julian Seward et al.\n==7292== Using Valgrind-3.11.0 and LibVEX; rerun with -h for copyright info\n==7292== Command: .../ryang28/pointers_gone_wild/part2\n==7292== \n==7292== \n==7292== HEAP SUMMARY:\n==7292==     in use at exit: 0 bytes in 0 blocks\n==7292==   total heap usage: 4 allocs, 4 frees, 4,112 bytes allocated\n==7292== \n==7292== All heap blocks were freed -- no leaks are possible\n==7292== \n==7292== For counts of detected and suppressed errors, rerun with: -v\n==7292== ERROR SUMMARY: 0 errors from 0 contexts (suppressed: 0 from 0)\n",
        "ptsPossible": 1.0,
        "ptsEarned": 1.0,
        "name": "part2_memory",
        "description": "Part2: Checking for memory issues..."
      }
    ],
    "checksum": "5f531163af56388dc145fab38b19b9e7078d3cee  part1-functions.c\nbc4e4158160f9e09ff8513374e195d11b74d76ad  part2-main.c",
    "revision": "8091"
  },
  {
    "testcases": [
      {
        "name": "memory",
        "description": "Part2: Checking for memory issues...",
        "ptsEarned": 1.0,
        "ptsPossible": 0.0,
        "log": "Trying to compile your code...\nSuccessfully compiled your code..\n==30015== Memcheck, a memory error detector\n==30015== Copyright (C) 2002-2015, and GNU GPL'd, by Julian Seward et al.\n==30015== Using Valgrind-3.12.0 and LibVEX; rerun with -h for copyright info\n==30015== Command: /home/nairb/code/cs241/assignments/mps/pointers_gone_wild/unit_tests/svn/ryang28/pointers_gone_wild/part2\n==30015== \n==30015== \n==30015== HEAP SUMMARY:\n==30015==     in use at exit: 0 bytes in 0 blocks\n==30015==   total heap usage: 4 allocs, 4 frees, 4,112 bytes allocated\n==30015== \n==30015== All heap blocks were freed -- no leaks are possible\n==30015== \n==30015== For counts of detected and suppressed errors, rerun with: -v\n==30015== ERROR SUMMARY: 0 errors from 0 contexts (suppressed: 0 from 0)\n"
      },
      {
        "name": "memory",
        "description": "Part1: Checking for memory issues...",
        "ptsEarned": 1.0,
        "ptsPossible": 0.0,
        "log": "Trying to compile your code...\nSuccessfully compiled your code..\n==30025== Memcheck, a memory error detector\n==30025== Copyright (C) 2002-2015, and GNU GPL'd, by Julian Seward et al.\n==30025== Using Valgrind-3.12.0 and LibVEX; rerun with -h for copyright info\n==30025== Command: /home/nairb/code/cs241/assignments/mps/pointers_gone_wild/unit_tests/svn/ryang28/pointers_gone_wild/part1-memory\n==30025== \n==30025== \n==30025== HEAP SUMMARY:\n==30025==     in use at exit: 0 bytes in 0 blocks\n==30025==   total heap usage: 16 allocs, 16 frees, 4,596 bytes allocated\n==30025== \n==30025== All heap blocks were freed -- no leaks are possible\n==30025== \n==30025== For counts of detected and suppressed errors, rerun with: -v\n==30025== ERROR SUMMARY: 0 errors from 0 contexts (suppressed: 0 from 0)\n"
      },
      {
        "name": "test-main",
        "description": "Part2: Test function main",
        "ptsEarned": 11.0,
        "ptsPossible": 0.0,
        "log": "Trying to compile your code...\nSuccessfully compiled your code.."
      },
      {
        "name": "test1",
        "description": "Part1: Test function 1",
        "ptsEarned": 1.0,
        "ptsPossible": 0.0,
        "log": "Trying to compile your code...\nSuccessfully compiled your code.."
      },
      {
        "name": "test10",
        "description": "Part1: Test function 10",
        "ptsEarned": 1.0,
        "ptsPossible": 0.0,
        "log": "Trying to compile your code...\nSuccessfully compiled your code.."
      },
      {
        "name": "test11",
        "description": "Part1: Test function 11",
        "ptsEarned": 1.0,
        "ptsPossible": 0.0,
        "log": "Trying to compile your code...\nSuccessfully compiled your code.."
      },
      {
        "name": "test12",
        "description": "Part1: Test function 12",
        "ptsEarned": 1.0,
        "ptsPossible": 0.0,
        "log": "Trying to compile your code...\nSuccessfully compiled your code.."
      },
      {
        "name": "test13",
        "description": "Part1: Test function 13",
        "ptsEarned": 1.0,
        "ptsPossible": 0.0,
        "log": "Trying to compile your code...\nSuccessfully compiled your code.."
      },
      {
        "name": "test14",
        "description": "Part1: Test function 14",
        "ptsEarned": 1.0,
        "ptsPossible": 0.0,
        "log": "Trying to compile your code...\nSuccessfully compiled your code.."
      },
      {
        "name": "test15",
        "description": "Part1: Test function 15",
        "ptsEarned": 1.0,
        "ptsPossible": 0.0,
        "log": "Trying to compile your code...\nSuccessfully compiled your code.."
      },
      {
        "name": "test16",
        "description": "Part1: Test function 16",
        "ptsEarned": 1.0,
        "ptsPossible": 0.0,
        "log": "Trying to compile your code...\nSuccessfully compiled your code.."
      },
      {
        "name": "test17",
        "description": "Part1: Test function 17",
        "ptsEarned": 1.0,
        "ptsPossible": 0.0,
        "log": "Trying to compile your code...\nSuccessfully compiled your code.."
      },
      {
        "name": "test18",
        "description": "Part1: Test function 18",
        "ptsEarned": 1.0,
        "ptsPossible": 0.0,
        "log": "Trying to compile your code...\nSuccessfully compiled your code.."
      },
      {
        "name": "test2",
        "description": "Part1: Test function 2",
        "ptsEarned": 1.0,
        "ptsPossible": 0.0,
        "log": "Trying to compile your code...\nSuccessfully compiled your code.."
      },
      {
        "name": "test3",
        "description": "Part1: Test function 3",
        "ptsEarned": 1.0,
        "ptsPossible": 0.0,
        "log": "Trying to compile your code...\nSuccessfully compiled your code.."
      },
      {
        "name": "test4",
        "description": "Part1: Test function 4",
        "ptsEarned": 1.0,
        "ptsPossible": 0.0,
        "log": "Trying to compile your code...\nSuccessfully compiled your code.."
      },
      {
        "name": "test5",
        "description": "Part1: Test function 5",
        "ptsEarned": 1.0,
        "ptsPossible": 0.0,
        "log": "Trying to compile your code...\nSuccessfully compiled your code.."
      },
      {
        "name": "test6",
        "description": "Part1: Test function 6",
        "ptsEarned": 1.0,
        "ptsPossible": 0.0,
        "log": "Trying to compile your code...\nSuccessfully compiled your code.."
      },
      {
        "name": "test7",
        "description": "Part1: Test function 7",
        "ptsEarned": 1.0,
        "ptsPossible": 0.0,
        "log": "Trying to compile your code...\nSuccessfully compiled your code.."
      },
      {
        "name": "test8",
        "description": "Part1: Test function 8",
        "ptsEarned": 1.0,
        "ptsPossible": 0.0,
        "log": "Trying to compile your code...\nSuccessfully compiled your code.."
      },
      {
        "name": "test9",
        "description": "Part1: Test function 9",
        "ptsEarned": 1.0,
        "ptsPossible": 0.0,
        "log": "Trying to compile your code...\nSuccessfully compiled your code.."
      },
      {
        "name": "test_clear_bits",
        "description": "Part1: Test function clear_bits",
        "ptsEarned": 1.0,
        "ptsPossible": 0.0,
        "log": "Trying to compile your code...\nSuccessfully compiled your code.."
      },
      {
        "name": "test_little_automaton",
        "description": "Part1: Test function little_automaton()",
        "ptsEarned": 1.0,
        "ptsPossible": 0.0,
        "log": "Trying to compile your code...\nSuccessfully compiled your code.."
      }
    ],
    "timestamp": "2017-01-15 03:40:10.485236",
    "revision": "8118",
    "checksum": "5f531163af56388dc145fab38b19b9e7078d3cee  part1-functions.c\nbc4e4158160f9e09ff8513374e195d11b74d76ad  part2-main.c\n"
  }
]